Success. Node controller in mgmt: 10.0.0.11.
Will bind MariaDB server to 10.0.0.11.
Sourced MariaDB password from credentials: rootDBPass
Installing MariaDB .
Last metadata expiration check: 4:57:42 ago on Sun 05 Sep 2021 01:29:35 AM EDT.
Package python3-PyMySQL-0.10.1-2.module_el8.4.0+666+456f5f48.noarch is already installed.
Dependencies resolved.
==============================================================================================
 Package                      Arch    Version                                 Repo        Size
==============================================================================================
Installing:
 mariadb                      x86_64  3:10.3.28-1.module_el8.3.0+757+d382997d appstream  6.0 M
 mariadb-server               x86_64  3:10.3.28-1.module_el8.3.0+757+d382997d appstream   16 M
Installing dependencies:
 mariadb-common               x86_64  3:10.3.28-1.module_el8.3.0+757+d382997d appstream   64 k
 mariadb-connector-c          x86_64  3.1.11-2.el8_3                          appstream  200 k
 mariadb-connector-c-config   noarch  3.1.11-2.el8_3                          appstream   15 k
 mariadb-errmsg               x86_64  3:10.3.28-1.module_el8.3.0+757+d382997d appstream  234 k
 perl-DBD-MySQL               x86_64  4.046-3.module_el8.1.0+203+e45423dc     appstream  156 k
Installing weak dependencies:
 mariadb-backup               x86_64  3:10.3.28-1.module_el8.3.0+757+d382997d appstream  6.1 M
 mariadb-gssapi-server        x86_64  3:10.3.28-1.module_el8.3.0+757+d382997d appstream   51 k
 mariadb-server-utils         x86_64  3:10.3.28-1.module_el8.3.0+757+d382997d appstream  1.1 M

Transaction Summary
==============================================================================================
Install  10 Packages

Total download size: 30 M
Installed size: 153 M
Downloading Packages:
(1/10): mariadb-common-10.3.28-1.module_el8.3.0 637 kB/s |  64 kB     00:00    
(2/10): mariadb-connector-c-3.1.11-2.el8_3.x86_ 2.4 MB/s | 200 kB     00:00    
(3/10): mariadb-connector-c-config-3.1.11-2.el8 434 kB/s |  15 kB     00:00    
(4/10): mariadb-errmsg-10.3.28-1.module_el8.3.0 1.5 MB/s | 234 kB     00:00    
(5/10): mariadb-gssapi-server-10.3.28-1.module_ 1.0 MB/s |  51 kB     00:00    
(6/10): mariadb-backup-10.3.28-1.module_el8.3.0 7.4 MB/s | 6.1 MB     00:00    
(7/10): mariadb-server-utils-10.3.28-1.module_e  14 MB/s | 1.1 MB     00:00    
(8/10): perl-DBD-MySQL-4.046-3.module_el8.1.0+2 3.1 MB/s | 156 kB     00:00    
(9/10): mariadb-10.3.28-1.module_el8.3.0+757+d3 5.9 MB/s | 6.0 MB     00:01    
(10/10): mariadb-server-10.3.28-1.module_el8.3. 6.2 MB/s |  16 MB     00:02    
--------------------------------------------------------------------------------
Total                                           9.0 MB/s |  30 MB     00:03     
Running transaction check
Transaction check succeeded.
Running transaction test
Transaction test succeeded.
Running transaction
  Preparing        :                                                        1/1 
  Installing       : mariadb-connector-c-config-3.1.11-2.el8_3.noarch      1/10 
  Installing       : mariadb-common-3:10.3.28-1.module_el8.3.0+757+d382    2/10 
  Installing       : mariadb-errmsg-3:10.3.28-1.module_el8.3.0+757+d382    3/10 
  Installing       : perl-DBD-MySQL-4.046-3.module_el8.1.0+203+e45423dc    4/10 
  Installing       : mariadb-connector-c-3.1.11-2.el8_3.x86_64             5/10 
  Installing       : mariadb-backup-3:10.3.28-1.module_el8.3.0+757+d382    6/10 
  Installing       : mariadb-gssapi-server-3:10.3.28-1.module_el8.3.0+7    7/10 
  Installing       : mariadb-server-utils-3:10.3.28-1.module_el8.3.0+75    8/10 
  Running scriptlet: mariadb-server-3:10.3.28-1.module_el8.3.0+757+d382    9/10 
  Installing       : mariadb-server-3:10.3.28-1.module_el8.3.0+757+d382    9/10 
  Running scriptlet: mariadb-server-3:10.3.28-1.module_el8.3.0+757+d382    9/10 
  Installing       : mariadb-3:10.3.28-1.module_el8.3.0+757+d382997d.x8   10/10 
  Running scriptlet: mariadb-3:10.3.28-1.module_el8.3.0+757+d382997d.x8   10/10 
  Verifying        : mariadb-3:10.3.28-1.module_el8.3.0+757+d382997d.x8    1/10 
  Verifying        : mariadb-backup-3:10.3.28-1.module_el8.3.0+757+d382    2/10 
  Verifying        : mariadb-common-3:10.3.28-1.module_el8.3.0+757+d382    3/10 
  Verifying        : mariadb-connector-c-3.1.11-2.el8_3.x86_64             4/10 
  Verifying        : mariadb-connector-c-config-3.1.11-2.el8_3.noarch      5/10 
  Verifying        : mariadb-errmsg-3:10.3.28-1.module_el8.3.0+757+d382    6/10 
  Verifying        : mariadb-gssapi-server-3:10.3.28-1.module_el8.3.0+7    7/10 
  Verifying        : mariadb-server-3:10.3.28-1.module_el8.3.0+757+d382    8/10 
  Verifying        : mariadb-server-utils-3:10.3.28-1.module_el8.3.0+75    9/10 
  Verifying        : perl-DBD-MySQL-4.046-3.module_el8.1.0+203+e45423dc   10/10 
Installed products updated.

Installed:
  mariadb-3:10.3.28-1.module_el8.3.0+757+d382997d.x86_64                        
  mariadb-backup-3:10.3.28-1.module_el8.3.0+757+d382997d.x86_64                 
  mariadb-common-3:10.3.28-1.module_el8.3.0+757+d382997d.x86_64                 
  mariadb-connector-c-3.1.11-2.el8_3.x86_64                                     
  mariadb-connector-c-config-3.1.11-2.el8_3.noarch                              
  mariadb-errmsg-3:10.3.28-1.module_el8.3.0+757+d382997d.x86_64                 
  mariadb-gssapi-server-3:10.3.28-1.module_el8.3.0+757+d382997d.x86_64          
  mariadb-server-3:10.3.28-1.module_el8.3.0+757+d382997d.x86_64                 
  mariadb-server-utils-3:10.3.28-1.module_el8.3.0+757+d382997d.x86_64           
  perl-DBD-MySQL-4.046-3.module_el8.1.0+203+e45423dc.x86_64                     

Complete!
Restarting MariaDB service.
Sanity check: check if password login works for root.
Creating /etc/my.cnf.d/99-openstack.cnf.
[mysqld]
Configuring MariaDB to accept requests from management network (10.0.0.11).
'/etc/my.cnf.d/99-openstack.cnf' -> '/tmp/000_etc_my.cnf.d_99-openstack.cnf.iniset'
iniset /tmp/000_etc_my.cnf.d_99-openstack.cnf.iniset mysqld bind-address 10.0.0.11
'/etc/my.cnf.d/99-openstack.cnf' -> '/tmp/001_etc_my.cnf.d_99-openstack.cnf.iniset'
iniset /tmp/001_etc_my.cnf.d_99-openstack.cnf.iniset mysqld default-storage-engine innodb
'/etc/my.cnf.d/99-openstack.cnf' -> '/tmp/002_etc_my.cnf.d_99-openstack.cnf.iniset'
iniset /tmp/002_etc_my.cnf.d_99-openstack.cnf.iniset mysqld innodb_file_per_table on
'/etc/my.cnf.d/99-openstack.cnf' -> '/tmp/003_etc_my.cnf.d_99-openstack.cnf.iniset'
iniset /tmp/003_etc_my.cnf.d_99-openstack.cnf.iniset mysqld max_connections 4096
'/etc/my.cnf.d/99-openstack.cnf' -> '/tmp/004_etc_my.cnf.d_99-openstack.cnf.iniset'
iniset /tmp/004_etc_my.cnf.d_99-openstack.cnf.iniset mysqld collation-server utf8_general_ci
'/etc/my.cnf.d/99-openstack.cnf' -> '/tmp/005_etc_my.cnf.d_99-openstack.cnf.iniset'
iniset /tmp/005_etc_my.cnf.d_99-openstack.cnf.iniset mysqld character-set-server utf8
Restarting MariaDB service.
Enabling Firewall Service.
success
success
