Installing RabbitMQ.
Last metadata expiration check: 4:58:14 ago on Sun 05 Sep 2021 01:29:35 AM EDT.
Package policycoreutils-2.9-14.el8.x86_64 is already installed.
Package checkpolicy-2.9-1.el8.x86_64 is already installed.
Dependencies resolved.
================================================================================
 Package                Arch     Version             Repository            Size
================================================================================
Installing:
 rabbitmq-server        x86_64   3.8.3-1.el8         centos-rabbitmq-38    11 M
Installing dependencies:
 SDL2                   x86_64   2.0.10-2.el8        PowerTools           465 k
 erlang-asn1            x86_64   22.3.4.1-1.el8      centos-rabbitmq-38   773 k
 erlang-common_test     x86_64   22.3.4.1-1.el8      centos-rabbitmq-38   1.0 M
 erlang-compiler        x86_64   22.3.4.1-1.el8      centos-rabbitmq-38   1.4 M
 erlang-crypto          x86_64   22.3.4.1-1.el8      centos-rabbitmq-38   169 k
 erlang-cuttlefish      noarch   2.0.11-10.el8       centos-rabbitmq-38   154 k
 erlang-debugger        x86_64   22.3.4.1-1.el8      centos-rabbitmq-38   407 k
 erlang-eldap           x86_64   22.3.4.1-1.el8      centos-rabbitmq-38   126 k
 erlang-erts            x86_64   22.3.4.1-1.el8      centos-rabbitmq-38   2.2 M
 erlang-et              x86_64   22.3.4.1-1.el8      centos-rabbitmq-38   171 k
 erlang-eunit           x86_64   22.3.4.1-1.el8      centos-rabbitmq-38   165 k
 erlang-getopt          noarch   1.0.1-8.el8         centos-rabbitmq-38    42 k
 erlang-goldrush        noarch   0.2.0-6.el8         centos-rabbitmq-38    69 k
 erlang-hipe            x86_64   22.3.4.1-1.el8      centos-rabbitmq-38   2.8 M
 erlang-inets           x86_64   22.3.4.1-1.el8      centos-rabbitmq-38   611 k
 erlang-kernel          x86_64   22.3.4.1-1.el8      centos-rabbitmq-38   1.2 M
 erlang-lager           noarch   3.8.0-2.el8         centos-rabbitmq-38   232 k
 erlang-mnesia          x86_64   22.3.4.1-1.el8      centos-rabbitmq-38   749 k
 erlang-mustache        noarch   0.1.1-14.el8        centos-rabbitmq-38    27 k
 erlang-observer        x86_64   22.3.4.1-1.el8      centos-rabbitmq-38   883 k
 erlang-os_mon          x86_64   22.3.4.1-1.el8      centos-rabbitmq-38   108 k
 erlang-public_key      x86_64   22.3.4.1-1.el8      centos-rabbitmq-38   620 k
 erlang-runtime_tools   x86_64   22.3.4.1-1.el8      centos-rabbitmq-38   211 k
 erlang-sasl            x86_64   22.3.4.1-1.el8      centos-rabbitmq-38   269 k
 erlang-sd_notify       x86_64   1.0-14.1.el8        centos-rabbitmq-38    17 k
 erlang-snmp            x86_64   22.3.4.1-1.el8      centos-rabbitmq-38   1.6 M
 erlang-ssh             x86_64   22.3.4.1-1.el8      centos-rabbitmq-38   680 k
 erlang-ssl             x86_64   22.3.4.1-1.el8      centos-rabbitmq-38   1.1 M
 erlang-stdlib          x86_64   22.3.4.1-1.el8      centos-rabbitmq-38   2.7 M
 erlang-syntax_tools    x86_64   22.3.4.1-1.el8      centos-rabbitmq-38   372 k
 erlang-tools           x86_64   22.3.4.1-1.el8      centos-rabbitmq-38   598 k
 erlang-wx              x86_64   22.3.4.1-1.el8      centos-rabbitmq-38   2.9 M
 erlang-xmerl           x86_64   22.3.4.1-1.el8      centos-rabbitmq-38   1.1 M
 lksctp-tools           x86_64   1.0.18-3.el8        baseos               100 k
 mesa-libGLU            x86_64   9.0.0-15.el8        appstream            185 k
 wxBase3                x86_64   3.0.5.1-1.el8       centos-rabbitmq-38   1.1 M
 wxGTK3                 x86_64   3.0.5.1-1.el8       centos-rabbitmq-38   4.8 M
 wxGTK3-gl              x86_64   3.0.5.1-1.el8       centos-rabbitmq-38    45 k
 wxGTK3-i18n            noarch   3.0.5.1-1.el8       centos-rabbitmq-38   510 k

Transaction Summary
================================================================================
Install  40 Packages

Total download size: 44 M
Installed size: 82 M
Downloading Packages:
(1/40): mesa-libGLU-9.0.0-15.el8.x86_64.rpm     827 kB/s | 185 kB     00:00    
(2/40): lksctp-tools-1.0.18-3.el8.x86_64.rpm    222 kB/s | 100 kB     00:00    
(3/40): erlang-asn1-22.3.4.1-1.el8.x86_64.rpm   1.5 MB/s | 773 kB     00:00    
(4/40): SDL2-2.0.10-2.el8.x86_64.rpm            606 kB/s | 465 kB     00:00    
(5/40): erlang-compiler-22.3.4.1-1.el8.x86_64.r 8.4 MB/s | 1.4 MB     00:00    
(6/40): erlang-common_test-22.3.4.1-1.el8.x86_6 2.2 MB/s | 1.0 MB     00:00    
(7/40): erlang-cuttlefish-2.0.11-10.el8.noarch. 1.5 MB/s | 154 kB     00:00    
(8/40): erlang-debugger-22.3.4.1-1.el8.x86_64.r 5.6 MB/s | 407 kB     00:00    
(9/40): erlang-crypto-22.3.4.1-1.el8.x86_64.rpm 638 kB/s | 169 kB     00:00    
(10/40): erlang-eldap-22.3.4.1-1.el8.x86_64.rpm 1.9 MB/s | 126 kB     00:00    
(11/40): erlang-eunit-22.3.4.1-1.el8.x86_64.rpm 2.0 MB/s | 165 kB     00:00    
(12/40): erlang-et-22.3.4.1-1.el8.x86_64.rpm    1.1 MB/s | 171 kB     00:00    
(13/40): erlang-erts-22.3.4.1-1.el8.x86_64.rpm   12 MB/s | 2.2 MB     00:00    
(14/40): erlang-getopt-1.0.1-8.el8.noarch.rpm   570 kB/s |  42 kB     00:00    
(15/40): erlang-goldrush-0.2.0-6.el8.noarch.rpm 651 kB/s |  69 kB     00:00    
(16/40): erlang-inets-22.3.4.1-1.el8.x86_64.rpm 5.2 MB/s | 611 kB     00:00    
(17/40): erlang-kernel-22.3.4.1-1.el8.x86_64.rp  11 MB/s | 1.2 MB     00:00    
(18/40): erlang-lager-3.8.0-2.el8.noarch.rpm    2.3 MB/s | 232 kB     00:00    
(19/40): erlang-mnesia-22.3.4.1-1.el8.x86_64.rp 6.6 MB/s | 749 kB     00:00    
(20/40): erlang-mustache-0.1.1-14.el8.noarch.rp 234 kB/s |  27 kB     00:00    
(21/40): erlang-os_mon-22.3.4.1-1.el8.x86_64.rp 1.3 MB/s | 108 kB     00:00    
(22/40): erlang-hipe-22.3.4.1-1.el8.x86_64.rpm  6.3 MB/s | 2.8 MB     00:00    
(23/40): erlang-observer-22.3.4.1-1.el8.x86_64. 6.7 MB/s | 883 kB     00:00    
(24/40): erlang-runtime_tools-22.3.4.1-1.el8.x8 2.3 MB/s | 211 kB     00:00    
(25/40): erlang-sasl-22.3.4.1-1.el8.x86_64.rpm  2.6 MB/s | 269 kB     00:00    
(26/40): erlang-public_key-22.3.4.1-1.el8.x86_6 4.7 MB/s | 620 kB     00:00    
(27/40): erlang-sd_notify-1.0-14.1.el8.x86_64.r 264 kB/s |  17 kB     00:00    
(28/40): erlang-ssh-22.3.4.1-1.el8.x86_64.rpm   6.1 MB/s | 680 kB     00:00    
(29/40): erlang-snmp-22.3.4.1-1.el8.x86_64.rpm   11 MB/s | 1.6 MB     00:00    
(30/40): erlang-ssl-22.3.4.1-1.el8.x86_64.rpm   9.2 MB/s | 1.1 MB     00:00    
(31/40): erlang-syntax_tools-22.3.4.1-1.el8.x86 1.7 MB/s | 372 kB     00:00    
(32/40): erlang-tools-22.3.4.1-1.el8.x86_64.rpm 2.9 MB/s | 598 kB     00:00    
(33/40): erlang-stdlib-22.3.4.1-1.el8.x86_64.rp 9.3 MB/s | 2.7 MB     00:00    
(34/40): erlang-xmerl-22.3.4.1-1.el8.x86_64.rpm 7.0 MB/s | 1.1 MB     00:00    
(35/40): erlang-wx-22.3.4.1-1.el8.x86_64.rpm    8.1 MB/s | 2.9 MB     00:00    
(36/40): wxBase3-3.0.5.1-1.el8.x86_64.rpm       1.9 MB/s | 1.1 MB     00:00    
(37/40): wxGTK3-gl-3.0.5.1-1.el8.x86_64.rpm     802 kB/s |  45 kB     00:00    
(38/40): wxGTK3-i18n-3.0.5.1-1.el8.noarch.rpm   3.1 MB/s | 510 kB     00:00    
(39/40): wxGTK3-3.0.5.1-1.el8.x86_64.rpm        5.3 MB/s | 4.8 MB     00:00    
(40/40): rabbitmq-server-3.8.3-1.el8.x86_64.rpm 7.5 MB/s |  11 MB     00:01    
--------------------------------------------------------------------------------
Total                                           8.1 MB/s |  44 MB     00:05     
Running transaction check
Transaction check succeeded.
Running transaction test
Transaction test succeeded.
Running transaction
  Preparing        :                                                        1/1 
  Installing       : wxBase3-3.0.5.1-1.el8.x86_64                          1/40 
  Installing       : wxGTK3-i18n-3.0.5.1-1.el8.noarch                      2/40 
  Installing       : SDL2-2.0.10-2.el8.x86_64                              3/40 
  Installing       : wxGTK3-3.0.5.1-1.el8.x86_64                           4/40 
  Installing       : wxGTK3-gl-3.0.5.1-1.el8.x86_64                        5/40 
  Installing       : lksctp-tools-1.0.18-3.el8.x86_64                      6/40 
  Running scriptlet: lksctp-tools-1.0.18-3.el8.x86_64                      6/40 
  Installing       : erlang-crypto-22.3.4.1-1.el8.x86_64                   7/40 
  Installing       : erlang-kernel-22.3.4.1-1.el8.x86_64                   8/40 
  Installing       : erlang-stdlib-22.3.4.1-1.el8.x86_64                   9/40 
  Running scriptlet: erlang-erts-22.3.4.1-1.el8.x86_64                    10/40 
  Installing       : erlang-erts-22.3.4.1-1.el8.x86_64                    10/40 
  Installing       : erlang-compiler-22.3.4.1-1.el8.x86_64                11/40 
  Installing       : erlang-syntax_tools-22.3.4.1-1.el8.x86_64            12/40 
  Installing       : erlang-hipe-22.3.4.1-1.el8.x86_64                    13/40 
  Installing       : erlang-mnesia-22.3.4.1-1.el8.x86_64                  14/40 
  Installing       : erlang-runtime_tools-22.3.4.1-1.el8.x86_64           15/40 
  Installing       : erlang-snmp-22.3.4.1-1.el8.x86_64                    16/40 
  Installing       : erlang-asn1-22.3.4.1-1.el8.x86_64                    17/40 
  Installing       : erlang-public_key-22.3.4.1-1.el8.x86_64              18/40 
  Installing       : erlang-inets-22.3.4.1-1.el8.x86_64                   19/40 
  Installing       : erlang-ssl-22.3.4.1-1.el8.x86_64                     20/40 
  Installing       : erlang-tools-22.3.4.1-1.el8.x86_64                   21/40 
  Installing       : erlang-sasl-22.3.4.1-1.el8.x86_64                    22/40 
  Installing       : erlang-xmerl-22.3.4.1-1.el8.x86_64                   23/40 
  Installing       : erlang-os_mon-22.3.4.1-1.el8.x86_64                  24/40 
  Installing       : erlang-eldap-22.3.4.1-1.el8.x86_64                   25/40 
  Installing       : erlang-ssh-22.3.4.1-1.el8.x86_64                     26/40 
  Installing       : erlang-goldrush-0.2.0-6.el8.noarch                   27/40 
  Installing       : erlang-eunit-22.3.4.1-1.el8.x86_64                   28/40 
  Installing       : erlang-getopt-1.0.1-8.el8.noarch                     29/40 
  Installing       : erlang-mustache-0.1.1-14.el8.noarch                  30/40 
  Installing       : erlang-sd_notify-1.0-14.1.el8.x86_64                 31/40 
  Installing       : mesa-libGLU-9.0.0-15.el8.x86_64                      32/40 
  Installing       : erlang-wx-22.3.4.1-1.el8.x86_64                      33/40 
  Installing       : erlang-debugger-22.3.4.1-1.el8.x86_64                34/40 
  Installing       : erlang-et-22.3.4.1-1.el8.x86_64                      35/40 
  Installing       : erlang-observer-22.3.4.1-1.el8.x86_64                36/40 
  Installing       : erlang-common_test-22.3.4.1-1.el8.x86_64             37/40 
  Installing       : erlang-lager-3.8.0-2.el8.noarch                      38/40 
  Installing       : erlang-cuttlefish-2.0.11-10.el8.noarch               39/40 
  Running scriptlet: rabbitmq-server-3.8.3-1.el8.x86_64                   40/40 
  Installing       : rabbitmq-server-3.8.3-1.el8.x86_64                   40/40 
  Running scriptlet: rabbitmq-server-3.8.3-1.el8.x86_64                   40/40 
[/usr/lib/tmpfiles.d/rabbitmq-server.conf:1] Line references path below legacy directory /var/run/, updating /var/run/rabbitmq → /run/rabbitmq; please update the tmpfiles.d/ drop-in file accordingly.

  Verifying        : mesa-libGLU-9.0.0-15.el8.x86_64                       1/40 
  Verifying        : lksctp-tools-1.0.18-3.el8.x86_64                      2/40 
  Verifying        : SDL2-2.0.10-2.el8.x86_64                              3/40 
  Verifying        : erlang-asn1-22.3.4.1-1.el8.x86_64                     4/40 
  Verifying        : erlang-common_test-22.3.4.1-1.el8.x86_64              5/40 
  Verifying        : erlang-compiler-22.3.4.1-1.el8.x86_64                 6/40 
  Verifying        : erlang-crypto-22.3.4.1-1.el8.x86_64                   7/40 
  Verifying        : erlang-cuttlefish-2.0.11-10.el8.noarch                8/40 
  Verifying        : erlang-debugger-22.3.4.1-1.el8.x86_64                 9/40 
  Verifying        : erlang-eldap-22.3.4.1-1.el8.x86_64                   10/40 
  Verifying        : erlang-erts-22.3.4.1-1.el8.x86_64                    11/40 
  Verifying        : erlang-et-22.3.4.1-1.el8.x86_64                      12/40 
  Verifying        : erlang-eunit-22.3.4.1-1.el8.x86_64                   13/40 
  Verifying        : erlang-getopt-1.0.1-8.el8.noarch                     14/40 
  Verifying        : erlang-goldrush-0.2.0-6.el8.noarch                   15/40 
  Verifying        : erlang-hipe-22.3.4.1-1.el8.x86_64                    16/40 
  Verifying        : erlang-inets-22.3.4.1-1.el8.x86_64                   17/40 
  Verifying        : erlang-kernel-22.3.4.1-1.el8.x86_64                  18/40 
  Verifying        : erlang-lager-3.8.0-2.el8.noarch                      19/40 
  Verifying        : erlang-mnesia-22.3.4.1-1.el8.x86_64                  20/40 
  Verifying        : erlang-mustache-0.1.1-14.el8.noarch                  21/40 
  Verifying        : erlang-observer-22.3.4.1-1.el8.x86_64                22/40 
  Verifying        : erlang-os_mon-22.3.4.1-1.el8.x86_64                  23/40 
  Verifying        : erlang-public_key-22.3.4.1-1.el8.x86_64              24/40 
  Verifying        : erlang-runtime_tools-22.3.4.1-1.el8.x86_64           25/40 
  Verifying        : erlang-sasl-22.3.4.1-1.el8.x86_64                    26/40 
  Verifying        : erlang-sd_notify-1.0-14.1.el8.x86_64                 27/40 
  Verifying        : erlang-snmp-22.3.4.1-1.el8.x86_64                    28/40 
  Verifying        : erlang-ssh-22.3.4.1-1.el8.x86_64                     29/40 
  Verifying        : erlang-ssl-22.3.4.1-1.el8.x86_64                     30/40 
  Verifying        : erlang-stdlib-22.3.4.1-1.el8.x86_64                  31/40 
  Verifying        : erlang-syntax_tools-22.3.4.1-1.el8.x86_64            32/40 
  Verifying        : erlang-tools-22.3.4.1-1.el8.x86_64                   33/40 
  Verifying        : erlang-wx-22.3.4.1-1.el8.x86_64                      34/40 
  Verifying        : erlang-xmerl-22.3.4.1-1.el8.x86_64                   35/40 
  Verifying        : rabbitmq-server-3.8.3-1.el8.x86_64                   36/40 
  Verifying        : wxBase3-3.0.5.1-1.el8.x86_64                         37/40 
  Verifying        : wxGTK3-3.0.5.1-1.el8.x86_64                          38/40 
  Verifying        : wxGTK3-gl-3.0.5.1-1.el8.x86_64                       39/40 
  Verifying        : wxGTK3-i18n-3.0.5.1-1.el8.noarch                     40/40 
Installed products updated.

Installed:
  SDL2-2.0.10-2.el8.x86_64                                                      
  erlang-asn1-22.3.4.1-1.el8.x86_64                                             
  erlang-common_test-22.3.4.1-1.el8.x86_64                                      
  erlang-compiler-22.3.4.1-1.el8.x86_64                                         
  erlang-crypto-22.3.4.1-1.el8.x86_64                                           
  erlang-cuttlefish-2.0.11-10.el8.noarch                                        
  erlang-debugger-22.3.4.1-1.el8.x86_64                                         
  erlang-eldap-22.3.4.1-1.el8.x86_64                                            
  erlang-erts-22.3.4.1-1.el8.x86_64                                             
  erlang-et-22.3.4.1-1.el8.x86_64                                               
  erlang-eunit-22.3.4.1-1.el8.x86_64                                            
  erlang-getopt-1.0.1-8.el8.noarch                                              
  erlang-goldrush-0.2.0-6.el8.noarch                                            
  erlang-hipe-22.3.4.1-1.el8.x86_64                                             
  erlang-inets-22.3.4.1-1.el8.x86_64                                            
  erlang-kernel-22.3.4.1-1.el8.x86_64                                           
  erlang-lager-3.8.0-2.el8.noarch                                               
  erlang-mnesia-22.3.4.1-1.el8.x86_64                                           
  erlang-mustache-0.1.1-14.el8.noarch                                           
  erlang-observer-22.3.4.1-1.el8.x86_64                                         
  erlang-os_mon-22.3.4.1-1.el8.x86_64                                           
  erlang-public_key-22.3.4.1-1.el8.x86_64                                       
  erlang-runtime_tools-22.3.4.1-1.el8.x86_64                                    
  erlang-sasl-22.3.4.1-1.el8.x86_64                                             
  erlang-sd_notify-1.0-14.1.el8.x86_64                                          
  erlang-snmp-22.3.4.1-1.el8.x86_64                                             
  erlang-ssh-22.3.4.1-1.el8.x86_64                                              
  erlang-ssl-22.3.4.1-1.el8.x86_64                                              
  erlang-stdlib-22.3.4.1-1.el8.x86_64                                           
  erlang-syntax_tools-22.3.4.1-1.el8.x86_64                                     
  erlang-tools-22.3.4.1-1.el8.x86_64                                            
  erlang-wx-22.3.4.1-1.el8.x86_64                                               
  erlang-xmerl-22.3.4.1-1.el8.x86_64                                            
  lksctp-tools-1.0.18-3.el8.x86_64                                              
  mesa-libGLU-9.0.0-15.el8.x86_64                                               
  rabbitmq-server-3.8.3-1.el8.x86_64                                            
  wxBase3-3.0.5.1-1.el8.x86_64                                                  
  wxGTK3-3.0.5.1-1.el8.x86_64                                                   
  wxGTK3-gl-3.0.5.1-1.el8.x86_64                                                
  wxGTK3-i18n-3.0.5.1-1.el8.noarch                                              

Complete!
Created symlink /etc/systemd/system/multi-user.target.wants/rabbitmq-server.service → /usr/lib/systemd/system/rabbitmq-server.service.
success
success
module rabbitmqctl 1.0;

require {
        type rabbitmq_t;
        type rabbitmq_var_log_t;
        type rabbitmq_var_lib_t;
        type etc_t;
        type init_t;
        class file write;
        class file getattr;
}

#============= rabbitmq_t ==============
allow rabbitmq_t etc_t:file write;

#============= init_t ==================
allow init_t rabbitmq_var_lib_t:file getattr;
allow init_t rabbitmq_var_log_t:file getattr;
Waiting for RabbitMQ to start.
---------------------------------------------------------------
sudo rabbitmqctl status
Status of node rabbit@controller ...
[1mRuntime[0m

OS PID: 3250
OS: Linux
Uptime (seconds): 29
RabbitMQ version: 3.8.3
Node name: rabbit@controller
Erlang configuration: Erlang/OTP 22 [erts-10.7.2.1] [source] [64-bit] [smp:3:3] [ds:3:3:10] [async-threads:64] [hipe]
Erlang processes: 262 used, 1048576 limit
Scheduler run queue: 1
Cluster heartbeat timeout (net_ticktime): 60

[1mPlugins[0m

Enabled plugin file: /etc/rabbitmq/enabled_plugins
Enabled plugins:


[1mData directory[0m

Node data directory: /var/lib/rabbitmq/mnesia/rabbit@controller

[1mConfig files[0m

 * /etc/rabbitmq/rabbitmq.conf

[1mLog file(s)[0m

 * /var/log/rabbitmq/rabbit@controller.log
 * /var/log/rabbitmq/rabbit@controller_upgrade.log

[1mAlarms[0m

(none)

[1mMemory[0m

Calculation strategy: rss
Memory high watermark setting: 0.4 of available memory, computed to: 1.99 gb
code: 0.0269 gb (28.41 %)
other_proc: 0.0249 gb (26.27 %)
allocated_unused: 0.0143 gb (15.11 %)
other_system: 0.0124 gb (13.13 %)
reserved_unallocated: 0.0115 gb (12.2 %)
other_ets: 0.0027 gb (2.86 %)
atom: 0.0014 gb (1.52 %)
metrics: 0.0002 gb (0.21 %)
binary: 0.0001 gb (0.13 %)
mnesia: 0.0001 gb (0.08 %)
quorum_ets: 0.0 gb (0.05 %)
msg_index: 0.0 gb (0.03 %)
plugins: 0.0 gb (0.01 %)
connection_channels: 0.0 gb (0.0 %)
connection_other: 0.0 gb (0.0 %)
connection_readers: 0.0 gb (0.0 %)
connection_writers: 0.0 gb (0.0 %)
mgmt_db: 0.0 gb (0.0 %)
queue_procs: 0.0 gb (0.0 %)
queue_slave_procs: 0.0 gb (0.0 %)
quorum_queue_procs: 0.0 gb (0.0 %)

[1mFile Descriptors[0m

Total: 2, limit: 927
Sockets: 0, limit: 832

[1mFree Disk Space[0m

Low free disk space watermark: 0.05 gb
Free disk space: 16.5476 gb

[1mTotals[0m

Connection count: 0
Queue count: 0
Virtual host count: 1

[1mListeners[0m

Interface: [::], port: 25672, protocol: clustering, purpose: inter-node and CLI tool communication
Interface: [::], port: 5672, protocol: amqp, purpose: AMQP 0-9-1 and AMQP 1.0
- - - - - - - - - - - - - - - - - - - - - - - - - - - - - - - -
sudo rabbitmqctl report
Reporting server status of node rabbit@controller ...

Status of node rabbit@controller ...
[1mRuntime[0m

OS PID: 3250
OS: Linux
Uptime (seconds): 29
RabbitMQ version: 3.8.3
Node name: rabbit@controller
Erlang configuration: Erlang/OTP 22 [erts-10.7.2.1] [source] [64-bit] [smp:3:3] [ds:3:3:10] [async-threads:64] [hipe]
Erlang processes: 262 used, 1048576 limit
Scheduler run queue: 1
Cluster heartbeat timeout (net_ticktime): 60

[1mPlugins[0m

Enabled plugin file: /etc/rabbitmq/enabled_plugins
Enabled plugins:


[1mData directory[0m

Node data directory: /var/lib/rabbitmq/mnesia/rabbit@controller

[1mConfig files[0m

 * /etc/rabbitmq/rabbitmq.conf

[1mLog file(s)[0m

 * /var/log/rabbitmq/rabbit@controller.log
 * /var/log/rabbitmq/rabbit@controller_upgrade.log

[1mAlarms[0m

(none)

[1mMemory[0m

Calculation strategy: rss
Memory high watermark setting: 0.4 of available memory, computed to: 1.99 gb
code: 0.0269 gb (27.51 %)
other_proc: 0.0249 gb (25.43 %)
reserved_unallocated: 0.0147 gb (14.99 %)
allocated_unused: 0.0143 gb (14.64 %)
other_system: 0.0124 gb (12.72 %)
other_ets: 0.0027 gb (2.77 %)
atom: 0.0014 gb (1.47 %)
metrics: 0.0002 gb (0.2 %)
binary: 0.0001 gb (0.12 %)
mnesia: 0.0001 gb (0.08 %)
quorum_ets: 0.0 gb (0.05 %)
msg_index: 0.0 gb (0.03 %)
plugins: 0.0 gb (0.01 %)
connection_channels: 0.0 gb (0.0 %)
connection_other: 0.0 gb (0.0 %)
connection_readers: 0.0 gb (0.0 %)
connection_writers: 0.0 gb (0.0 %)
mgmt_db: 0.0 gb (0.0 %)
queue_procs: 0.0 gb (0.0 %)
queue_slave_procs: 0.0 gb (0.0 %)
quorum_queue_procs: 0.0 gb (0.0 %)

[1mFile Descriptors[0m

Total: 2, limit: 927
Sockets: 0, limit: 832

[1mFree Disk Space[0m

Low free disk space watermark: 0.05 gb
Free disk space: 16.5476 gb

[1mTotals[0m

Connection count: 0
Queue count: 0
Virtual host count: 1

[1mListeners[0m

Interface: [::], port: 25672, protocol: clustering, purpose: inter-node and CLI tool communication
Interface: [::], port: 5672, protocol: amqp, purpose: AMQP 0-9-1 and AMQP 1.0

Cluster status of node rabbit@controller ...
[1mBasics[0m

Cluster name: rabbit@controller

[1mDisk Nodes[0m

rabbit@controller

[1mRunning Nodes[0m

rabbit@controller

[1mVersions[0m

rabbit@controller: RabbitMQ 3.8.3 on Erlang 22.3.4.1

[1mAlarms[0m

(none)

[1mNetwork Partitions[0m

(none)

[1mListeners[0m

Node: rabbit@controller, interface: [::], port: 25672, protocol: clustering, purpose: inter-node and CLI tool communication
Node: rabbit@controller, interface: [::], port: 5672, protocol: amqp, purpose: AMQP 0-9-1 and AMQP 1.0

[1mFeature flags[0m

Flag: implicit_default_bindings, state: enabled
Flag: quorum_queue, state: enabled
Flag: virtual_host_metadata, state: enabled

Application environment of node rabbit@controller ...
[{asn1,[]},
 {aten,
     [{detection_threshold,0.99},
      {heartbeat_interval,100},
      {poll_interval,1000}]},
 {compiler,[]},
 {credentials_obfuscation,
     [{enabled,true},{ets_table_name,credentials_obfuscation}]},
 {crypto,[{fips_mode,false},{rand_cache_size,896}]},
 {gen_batch_server,[]},
 {goldrush,[]},
 {inets,[]},
 {jsx,[]},
 {kernel,
     [{inet_default_connect_options,[{nodelay,true}]},
      {inet_dist_listen_max,25672},
      {inet_dist_listen_min,25672},
      {logger,
          [{handler,default,logger_std_h,
               #{config => #{type => standard_io},
                 formatter =>
                     {logger_formatter,
                         #{legacy_header => true,single_line => false}}}}]},
      {logger_level,notice},
      {logger_sasl_compatible,false}]},
 {lager,
     [{async_threshold,20},
      {async_threshold_window,5},
      {colored,false},
      {colors,
          [{debug,"\e[0;38m"},
           {info,"\e[1;37m"},
           {notice,"\e[1;36m"},
           {warning,"\e[1;33m"},
           {error,"\e[1;31m"},
           {critical,"\e[1;35m"},
           {alert,"\e[1;44m"},
           {emergency,"\e[1;41m"}]},
      {crash_log,"log/crash.log"},
      {crash_log_count,5},
      {crash_log_date,"$D0"},
      {crash_log_msg_size,65536},
      {crash_log_rotator,lager_rotator_default},
      {crash_log_size,10485760},
      {error_logger_format_raw,true},
      {error_logger_hwm,50},
      {error_logger_hwm_original,50},
      {error_logger_redirect,true},
      {extra_sinks,
          [{error_logger_lager_event,
               [{handlers,[{lager_forwarder_backend,[lager_event,inherit]}]},
                {rabbit_handlers,
                    [{lager_forwarder_backend,[lager_event,inherit]}]}]},
           {rabbit_log_lager_event,
               [{handlers,[{lager_forwarder_backend,[lager_event,inherit]}]},
                {rabbit_handlers,
                    [{lager_forwarder_backend,[lager_event,inherit]}]}]},
           {rabbit_log_channel_lager_event,
               [{handlers,[{lager_forwarder_backend,[lager_event,inherit]}]},
                {rabbit_handlers,
                    [{lager_forwarder_backend,[lager_event,inherit]}]}]},
           {rabbit_log_connection_lager_event,
               [{handlers,[{lager_forwarder_backend,[lager_event,inherit]}]},
                {rabbit_handlers,
                    [{lager_forwarder_backend,[lager_event,inherit]}]}]},
           {rabbit_log_ldap_lager_event,
               [{handlers,[{lager_forwarder_backend,[lager_event,inherit]}]},
                {rabbit_handlers,
                    [{lager_forwarder_backend,[lager_event,inherit]}]}]},
           {rabbit_log_mirroring_lager_event,
               [{handlers,[{lager_forwarder_backend,[lager_event,inherit]}]},
                {rabbit_handlers,
                    [{lager_forwarder_backend,[lager_event,inherit]}]}]},
           {rabbit_log_queue_lager_event,
               [{handlers,[{lager_forwarder_backend,[lager_event,inherit]}]},
                {rabbit_handlers,
                    [{lager_forwarder_backend,[lager_event,inherit]}]}]},
           {rabbit_log_ra_lager_event,
               [{handlers,[{lager_forwarder_backend,[lager_event,inherit]}]},
                {rabbit_handlers,
                    [{lager_forwarder_backend,[lager_event,inherit]}]}]},
           {rabbit_log_federation_lager_event,
               [{handlers,[{lager_forwarder_backend,[lager_event,inherit]}]},
                {rabbit_handlers,
                    [{lager_forwarder_backend,[lager_event,inherit]}]}]},
           {rabbit_log_shovel_lager_event,
               [{handlers,[{lager_forwarder_backend,[lager_event,inherit]}]},
                {rabbit_handlers,
                    [{lager_forwarder_backend,[lager_event,inherit]}]}]},
           {rabbit_log_upgrade_lager_event,
               [{handlers,
                    [{lager_file_backend,
                         [{date,[]},
                          {file,
                              "/var/log/rabbitmq/rabbit@controller_upgrade.log"},
                          {formatter_config,
                              [date," ",time," ",color,"[",severity,"] ",
                               {pid,[]},
                               " ",message,"\n"]},
                          {level,info},
                          {size,0}]}]},
                {rabbit_handlers,
                    [{lager_file_backend,
                         [{date,[]},
                          {file,
                              "/var/log/rabbitmq/rabbit@controller_upgrade.log"},
                          {formatter_config,
                              [date," ",time," ",color,"[",severity,"] ",
                               {pid,[]},
                               " ",message,"\n"]},
                          {level,info},
                          {size,0}]}]}]}]},
      {handlers,
          [{lager_file_backend,
               [{date,[]},
                {file,"/var/log/rabbitmq/rabbit@controller.log"},
                {formatter_config,
                    [date," ",time," ",color,"[",severity,"] ",
                     {pid,[]},
                     " ",message,"\n"]},
                {level,info},
                {size,0}]}]},
      {log_root,"/var/log/rabbitmq"},
      {rabbit_handlers,
          [{lager_file_backend,
               [{date,[]},
                {file,"/var/log/rabbitmq/rabbit@controller.log"},
                {formatter_config,
                    [date," ",time," ",color,"[",severity,"] ",
                     {pid,[]},
                     " ",message,"\n"]},
                {level,info},
                {size,0}]}]}]},
 {mnesia,[{dir,"/var/lib/rabbitmq/mnesia/rabbit@controller"}]},
 {observer_cli,[{plugins,[]}]},
 {os_mon,
     [{start_cpu_sup,false},
      {start_disksup,false},
      {start_memsup,false},
      {start_os_sup,false}]},
 {public_key,[]},
 {ra,[{data_dir,"/var/lib/rabbitmq/mnesia/rabbit@controller/quorum"},
      {logger_module,rabbit_log_ra_shim},
      {segment_max_entries,32768},
      {wal_max_size_bytes,536870912}]},
 {rabbit,
     [{auth_backends,[rabbit_auth_backend_internal]},
      {auth_mechanisms,['PLAIN','AMQPLAIN']},
      {autocluster,
          [{peer_discovery_backend,rabbit_peer_discovery_classic_config}]},
      {autoheal_state_transition_timeout,60000},
      {background_gc_enabled,false},
      {background_gc_target_interval,60000},
      {backing_queue_module,rabbit_priority_queue},
      {channel_max,2047},
      {channel_operation_timeout,15000},
      {channel_tick_interval,60000},
      {cluster_keepalive_interval,10000},
      {cluster_nodes,{[],disc}},
      {cluster_partition_handling,ignore},
      {collect_statistics,none},
      {collect_statistics_interval,5000},
      {config_entry_decoder,[{passphrase,undefined}]},
      {connection_max,infinity},
      {credit_flow_default_credit,{400,200}},
      {default_consumer_prefetch,{false,0}},
      {default_permissions,[<<".*">>,<<".*">>,<<".*">>]},
      {default_user,<<"guest">>},
      {default_user_tags,[administrator]},
      {default_vhost,<<"/">>},
      {delegate_count,16},
      {disk_free_limit,50000000},
      {disk_monitor_failure_retries,10},
      {disk_monitor_failure_retry_interval,120000},
      {enabled_plugins_file,"/etc/rabbitmq/enabled_plugins"},
      {feature_flags_file,
          "/var/lib/rabbitmq/mnesia/rabbit@controller-feature_flags"},
      {fhc_read_buffering,false},
      {fhc_write_buffering,true},
      {frame_max,131072},
      {halt_on_upgrade_failure,true},
      {handshake_timeout,10000},
      {heartbeat,60},
      {hipe_compile,false},
      {hipe_modules,
          [rabbit_reader,rabbit_channel,gen_server2,rabbit_exchange,
           rabbit_command_assembler,rabbit_framing_amqp_0_9_1,rabbit_basic,
           rabbit_event,lists,queue,priority_queue,rabbit_router,rabbit_trace,
           rabbit_misc,rabbit_binary_parser,rabbit_exchange_type_direct,
           rabbit_guid,rabbit_net,rabbit_amqqueue_process,
           rabbit_variable_queue,rabbit_binary_generator,rabbit_writer,
           delegate,gb_sets,lqueue,sets,orddict,rabbit_amqqueue,
           rabbit_limiter,gb_trees,rabbit_queue_index,
           rabbit_exchange_decorator,gen,dict,ordsets,file_handle_cache,
           rabbit_msg_store,array,rabbit_msg_store_ets_index,rabbit_msg_file,
           rabbit_exchange_type_fanout,rabbit_exchange_type_topic,mnesia,
           mnesia_lib,rpc,mnesia_tm,qlc,sofs,proplists,credit_flow,pmon,
           ssl_connection,tls_connection,ssl_record,tls_record,gen_fsm,ssl]},
      {lager_default_file,"/var/log/rabbitmq/rabbit@controller.log"},
      {lager_extra_sinks,
          [rabbit_log_lager_event,rabbit_log_channel_lager_event,
           rabbit_log_connection_lager_event,rabbit_log_ldap_lager_event,
           rabbit_log_mirroring_lager_event,rabbit_log_queue_lager_event,
           rabbit_log_ra_lager_event,rabbit_log_federation_lager_event,
           rabbit_log_shovel_lager_event,rabbit_log_upgrade_lager_event]},
      {lager_log_root,"/var/log/rabbitmq"},
      {lager_upgrade_file,"/var/log/rabbitmq/rabbit@controller_upgrade.log"},
      {lazy_queue_explicit_gc_run_operation_threshold,1000},
      {log,
          [{file,[{file,"/var/log/rabbitmq/rabbit@controller.log"}]},
           {categories,
               [{upgrade,
                    [{file,
                         "/var/log/rabbitmq/rabbit@controller_upgrade.log"}]}]}]},
      {loopback_users,[]},
      {max_message_size,134217728},
      {memory_monitor_interval,2500},
      {mirroring_flow_control,true},
      {mirroring_sync_batch_size,4096},
      {mnesia_table_loading_retry_limit,10},
      {mnesia_table_loading_retry_timeout,30000},
      {msg_store_credit_disc_bound,{4000,800}},
      {msg_store_file_size_limit,16777216},
      {msg_store_index_module,rabbit_msg_store_ets_index},
      {msg_store_io_batch_size,4096},
      {num_ssl_acceptors,10},
      {num_tcp_acceptors,10},
      {password_hashing_module,rabbit_password_hashing_sha256},
      {plugins_dir,
          "/usr/lib/rabbitmq/plugins:/usr/lib/rabbitmq/lib/rabbitmq_server-3.8.3/plugins"},
      {plugins_expand_dir,
          "/var/lib/rabbitmq/mnesia/rabbit@controller-plugins-expand"},
      {proxy_protocol,false},
      {queue_explicit_gc_run_operation_threshold,1000},
      {queue_index_embed_msgs_below,4096},
      {queue_index_max_journal_entries,32768},
      {quorum_cluster_size,5},
      {quorum_commands_soft_limit,256},
      {reverse_dns_lookups,false},
      {server_properties,[]},
      {ssl_allow_poodle_attack,false},
      {ssl_apps,[asn1,crypto,public_key,ssl]},
      {ssl_cert_login_from,distinguished_name},
      {ssl_handshake_timeout,5000},
      {ssl_listeners,[]},
      {ssl_options,[]},
      {tcp_listen_options,
          [{backlog,128},
           {nodelay,true},
           {linger,{true,0}},
           {exit_on_close,false}]},
      {tcp_listeners,[5672]},
      {trace_vhosts,[]},
      {vhost_restart_strategy,continue},
      {vm_memory_calculation_strategy,rss},
      {vm_memory_high_watermark,0.4},
      {vm_memory_high_watermark_paging_ratio,0.5},
      {writer_gc_threshold,1000000000}]},
 {rabbit_common,[]},
 {ranch,[]},
 {recon,[]},
 {sasl,[{errlog_type,error},{sasl_error_logger,false}]},
 {ssl,[]},
 {stdlib,[]},
 {stdout_formatter,[]},
 {syntax_tools,[]},
 {sysmon_handler,
     [{busy_dist_port,true},
      {busy_port,false},
      {gc_ms_limit,0},
      {heap_word_limit,0},
      {port_limit,100},
      {process_limit,100},
      {schedule_ms_limit,0}]},
 {tools,[{file_util_search_methods,[{[],[]},{"ebin","esrc"},{"ebin","src"}]}]},
 {xmerl,[]}]

Listing connections ...

Listing channels ...

Command line arguments of node rabbit@controller ...
[{root,["/usr/lib64/erlang"]},
 {progname,["erl"]},
 {home,["/var/lib/rabbitmq"]},
 {pa,["/usr/lib/rabbitmq/lib/rabbitmq_server-3.8.3/ebin",[]]},
 {noshell,[]},
 {noinput,[]},
 {sname,["rabbit@controller"]},
 {boot,["start_sasl"]},
 {conf,["/etc/rabbitmq/rabbitmq.conf"]},
 {conf_dir,["/var/lib/rabbitmq/config"]},
 {conf_script_dir,["/usr/lib/rabbitmq/bin"]},
 {conf_schema_dir,["/var/lib/rabbitmq/schema"]},
 {conf_advanced,["/etc/rabbitmq/advanced.config"]},
 {kernel,["inet_default_connect_options","[{nodelay,true}]"]},
 {sasl,["errlog_type","error"]},
 {sasl,["sasl_error_logger","false"]},
 {rabbit,["lager_log_root","\"/var/log/rabbitmq\""]},
 {rabbit,["lager_default_file","\"/var/log/rabbitmq/rabbit@controller.log\""]},
 {rabbit,["lager_upgrade_file",
          "\"/var/log/rabbitmq/rabbit@controller_upgrade.log\""]},
 {rabbit,["feature_flags_file",
          "\"/var/lib/rabbitmq/mnesia/rabbit@controller-feature_flags\""]},
 {rabbit,["enabled_plugins_file","\"/etc/rabbitmq/enabled_plugins\""]},
 {rabbit,["plugins_dir",
          "\"/usr/lib/rabbitmq/plugins:/usr/lib/rabbitmq/lib/rabbitmq_server-3.8.3/plugins\""]},
 {rabbit,["plugins_expand_dir",
          "\"/var/lib/rabbitmq/mnesia/rabbit@controller-plugins-expand\""]},
 {os_mon,["start_cpu_sup","false"]},
 {os_mon,["start_disksup","false"]},
 {os_mon,["start_memsup","false"]},
 {mnesia,["dir","\"/var/lib/rabbitmq/mnesia/rabbit@controller\""]},
 {ra,["data_dir","\"/var/lib/rabbitmq/mnesia/rabbit@controller/quorum\""]},
 {kernel,["inet_dist_listen_min","25672"]},
 {kernel,["inet_dist_listen_max","25672"]}]

Timeout: 60.0 seconds ...
Listing queues for vhost / ...

Listing exchanges for vhost / ...
name	type	durable	auto_delete	internal	arguments	policy
amq.topic	topic	true	false	false	[]	
	direct	true	false	false	[]	
amq.headers	headers	true	false	false	[]	
amq.fanout	fanout	true	false	false	[]	
amq.rabbitmq.trace	topic	true	false	true	[]	
amq.direct	direct	true	false	false	[]	
amq.match	headers	true	false	false	[]	

Listing bindings for vhost /...

Listing permissions for vhost "/" ...
user	configure	write	read
guest	.*	.*	.*

Listing policies for vhost "/" ...


Listing global runtime parameters ...
name	value
cluster_name	"rabbit@controller"
internal_cluster_id	"rabbitmq-cluster-id-OvNsWvlacsQvGgeMJ1NjwA"

Listing runtime parameters for vhost "/" ...

---------------------------------------------------------------
Adding openstack user to messaging service.
Adding user "openstack" ...
Permitting configuration, write and read access for the openstack user.
Setting permissions for user "openstack" in vhost "/" ...
