Installing memcache packages.
Last metadata expiration check: 4:59:06 ago on Sun 05 Sep 2021 01:29:35 AM EDT.
Dependencies resolved.
================================================================================
 Package                      Arch    Version         Repository           Size
================================================================================
Installing:
 memcached                    x86_64  1.5.22-2.el8    appstream           162 k
 openstack-selinux            noarch  0.8.27-1.el8    openstack-victoria  224 k
 python3-memcached            noarch  1.58-11.el8     ceph-nautilus        44 k
 python3-openstackclient      noarch  5.4.0-2.el8     openstack-victoria  1.1 M
Installing dependencies:
 python-openstackclient-lang  noarch  5.4.0-2.el8     openstack-victoria   57 k
 python-oslo-log-lang         noarch  4.4.0-2.el8     openstack-victoria   13 k
 python3-appdirs              noarch  1.4.3-12.el8    openstack-victoria   23 k
 python3-attrs                noarch  17.4.0-6.el8    appstream            53 k
 python3-cinderclient         noarch  7.2.0-2.el8     openstack-victoria  241 k
 python3-cliff                noarch  3.4.0-1.el8     openstack-victoria   96 k
 python3-cmd2                 noarch  0.9.16-2.el8    openstack-victoria  187 k
 python3-colorama             noarch  0.4.3-3.el8     openstack-victoria   36 k
 python3-dogpile-cache        noarch  0.9.0-1.el8     openstack-victoria   79 k
 python3-jeepney              noarch  0.4.3-1.el8     openstack-victoria  4.7 M
 python3-jmespath             noarch  0.9.0-11.el8    appstream            45 k
 python3-jsonpatch            noarch  1.21-2.el8      appstream            27 k
 python3-jsonpointer          noarch  1.10-11.el8     appstream            20 k
 python3-keyring              noarch  21.0.0-1.el8    openstack-victoria   80 k
 python3-keystoneclient       noarch  1:4.1.1-2.el8   openstack-victoria  252 k
 python3-mako                 noarch  1.0.6-13.el8    appstream           157 k
 python3-markupsafe           x86_64  0.23-19.el8     appstream            39 k
 python3-munch                noarch  2.5.0-3.el8     openstack-victoria   26 k
 python3-neutronclient        noarch  7.2.1-2.el8     openstack-victoria  310 k
 python3-novaclient           noarch  1:17.2.1-1.el8  openstack-victoria  224 k
 python3-openstacksdk         noarch  0.50.0-1.el8    openstack-victoria  826 k
 python3-os-client-config     noarch  2.1.0-1.el8     openstack-victoria   54 k
 python3-osc-lib              noarch  2.2.1-2.el8     openstack-victoria   77 k
 python3-oslo-config          noarch  2:8.3.3-1.el8   openstack-victoria  224 k
 python3-oslo-context         noarch  3.1.1-2.el8     openstack-victoria   25 k
 python3-oslo-log             noarch  4.4.0-2.el8     openstack-victoria   63 k
 python3-pyperclip            noarch  1.8.0-2.el8     openstack-victoria   24 k
 python3-requestsexceptions   noarch  1.4.0-2.el8     openstack-victoria   15 k
 python3-rfc3986              noarch  1.4.0-3.el8     openstack-victoria   52 k
 python3-secretstorage        noarch  3.1.1-4.el8     openstack-victoria   36 k
 python3-simplejson           x86_64  3.17.2-2.el8    openstack-victoria  280 k
 python3-wcwidth              noarch  0.2.5-2.el8     openstack-victoria   47 k

Transaction Summary
================================================================================
Install  36 Packages

Total download size: 9.9 M
Installed size: 31 M
Downloading Packages:
(1/36): python3-jmespath-0.9.0-11.el8.noarch.rp 427 kB/s |  45 kB     00:00    
(2/36): python3-attrs-17.4.0-6.el8.noarch.rpm   490 kB/s |  53 kB     00:00    
(3/36): memcached-1.5.22-2.el8.x86_64.rpm       1.2 MB/s | 162 kB     00:00    
(4/36): python3-jsonpatch-1.21-2.el8.noarch.rpm 279 kB/s |  27 kB     00:00    
(5/36): python3-jsonpointer-1.10-11.el8.noarch. 213 kB/s |  20 kB     00:00    
(6/36): python3-mako-1.0.6-13.el8.noarch.rpm    2.0 MB/s | 157 kB     00:00    
(7/36): python3-markupsafe-0.23-19.el8.x86_64.r 1.2 MB/s |  39 kB     00:00    
(8/36): python3-memcached-1.58-11.el8.noarch.rp 194 kB/s |  44 kB     00:00    
(9/36): python-oslo-log-lang-4.4.0-2.el8.noarch  72 kB/s |  13 kB     00:00    
(10/36): openstack-selinux-0.8.27-1.el8.noarch. 471 kB/s | 224 kB     00:00    
(11/36): python3-appdirs-1.4.3-12.el8.noarch.rp 205 kB/s |  23 kB     00:00    
(12/36): python-openstackclient-lang-5.4.0-2.el  97 kB/s |  57 kB     00:00    
(13/36): python3-cliff-3.4.0-1.el8.noarch.rpm   563 kB/s |  96 kB     00:00    
(14/36): python3-cinderclient-7.2.0-2.el8.noarc 995 kB/s | 241 kB     00:00    
(15/36): python3-colorama-0.4.3-3.el8.noarch.rp 357 kB/s |  36 kB     00:00    
(16/36): python3-cmd2-0.9.16-2.el8.noarch.rpm   1.1 MB/s | 187 kB     00:00    
(17/36): python3-dogpile-cache-0.9.0-1.el8.noar 866 kB/s |  79 kB     00:00    
(18/36): python3-keyring-21.0.0-1.el8.noarch.rp 681 kB/s |  80 kB     00:00    
(19/36): python3-munch-2.5.0-3.el8.noarch.rpm   232 kB/s |  26 kB     00:00    
(20/36): python3-keystoneclient-4.1.1-2.el8.noa 1.0 MB/s | 252 kB     00:00    
(21/36): python3-neutronclient-7.2.1-2.el8.noar 1.5 MB/s | 310 kB     00:00    
(22/36): python3-novaclient-17.2.1-1.el8.noarch 1.1 MB/s | 224 kB     00:00    
(23/36): python3-openstacksdk-0.50.0-1.el8.noar 1.6 MB/s | 826 kB     00:00    
(24/36): python3-openstackclient-5.4.0-2.el8.no 1.9 MB/s | 1.1 MB     00:00    
(25/36): python3-os-client-config-2.1.0-1.el8.n 542 kB/s |  54 kB     00:00    
(26/36): python3-osc-lib-2.2.1-2.el8.noarch.rpm 883 kB/s |  77 kB     00:00    
(27/36): python3-oslo-context-3.1.1-2.el8.noarc 207 kB/s |  25 kB     00:00    
(28/36): python3-oslo-config-8.3.3-1.el8.noarch 1.0 MB/s | 224 kB     00:00    
(29/36): python3-oslo-log-4.4.0-2.el8.noarch.rp 674 kB/s |  63 kB     00:00    
(30/36): python3-pyperclip-1.8.0-2.el8.noarch.r 284 kB/s |  24 kB     00:00    
(31/36): python3-requestsexceptions-1.4.0-2.el8 154 kB/s |  15 kB     00:00    
(32/36): python3-rfc3986-1.4.0-3.el8.noarch.rpm 527 kB/s |  52 kB     00:00    
(33/36): python3-secretstorage-3.1.1-4.el8.noar 219 kB/s |  36 kB     00:00    
(34/36): python3-simplejson-3.17.2-2.el8.x86_64 1.7 MB/s | 280 kB     00:00    
(35/36): python3-wcwidth-0.2.5-2.el8.noarch.rpm 459 kB/s |  47 kB     00:00    
(36/36): python3-jeepney-0.4.3-1.el8.noarch.rpm 2.3 MB/s | 4.7 MB     00:02    
--------------------------------------------------------------------------------
Total                                           2.1 MB/s | 9.9 MB     00:04     
Running transaction check
Transaction check succeeded.
Running transaction test
Transaction test succeeded.
Running transaction
  Preparing        :                                                        1/1 
  Installing       : python3-simplejson-3.17.2-2.el8.x86_64                1/36 
  Installing       : python3-cinderclient-7.2.0-2.el8.noarch               2/36 
  Installing       : python3-wcwidth-0.2.5-2.el8.noarch                    3/36 
  Installing       : python3-rfc3986-1.4.0-3.el8.noarch                    4/36 
  Installing       : python3-oslo-config-2:8.3.3-1.el8.noarch              5/36 
  Installing       : python3-requestsexceptions-1.4.0-2.el8.noarch         6/36 
  Installing       : python3-pyperclip-1.8.0-2.el8.noarch                  7/36 
  Installing       : python3-oslo-context-3.1.1-2.el8.noarch               8/36 
  Installing       : python3-novaclient-1:17.2.1-1.el8.noarch              9/36 
  Installing       : python3-munch-2.5.0-3.el8.noarch                     10/36 
  Installing       : python3-jeepney-0.4.3-1.el8.noarch                   11/36 
  Installing       : python3-secretstorage-3.1.1-4.el8.noarch             12/36 
  Installing       : python3-keyring-21.0.0-1.el8.noarch                  13/36 
  Installing       : python3-keystoneclient-1:4.1.1-2.el8.noarch          14/36 
  Installing       : python3-colorama-0.4.3-3.el8.noarch                  15/36 
  Installing       : python3-appdirs-1.4.3-12.el8.noarch                  16/36 
  Installing       : python-oslo-log-lang-4.4.0-2.el8.noarch              17/36 
  Installing       : python3-oslo-log-4.4.0-2.el8.noarch                  18/36 
  Installing       : python-openstackclient-lang-5.4.0-2.el8.noarch       19/36 
  Installing       : python3-markupsafe-0.23-19.el8.x86_64                20/36 
  Installing       : python3-mako-1.0.6-13.el8.noarch                     21/36 
  Installing       : python3-dogpile-cache-0.9.0-1.el8.noarch             22/36 
  Installing       : python3-jsonpointer-1.10-11.el8.noarch               23/36 
  Installing       : python3-jsonpatch-1.21-2.el8.noarch                  24/36 
  Installing       : python3-jmespath-0.9.0-11.el8.noarch                 25/36 
  Installing       : python3-openstacksdk-0.50.0-1.el8.noarch             26/36 
  Installing       : python3-os-client-config-2.1.0-1.el8.noarch          27/36 
  Installing       : python3-attrs-17.4.0-6.el8.noarch                    28/36 
  Installing       : python3-cmd2-0.9.16-2.el8.noarch                     29/36 
  Installing       : python3-cliff-3.4.0-1.el8.noarch                     30/36 
  Installing       : python3-osc-lib-2.2.1-2.el8.noarch                   31/36 
  Installing       : python3-neutronclient-7.2.1-2.el8.noarch             32/36 
  Installing       : python3-openstackclient-5.4.0-2.el8.noarch           33/36 
  Installing       : openstack-selinux-0.8.27-1.el8.noarch                34/36 
  Running scriptlet: openstack-selinux-0.8.27-1.el8.noarch                34/36 
  Installing       : python3-memcached-1.58-11.el8.noarch                 35/36 
  Running scriptlet: memcached-1.5.22-2.el8.x86_64                        36/36 
  Installing       : memcached-1.5.22-2.el8.x86_64                        36/36 
  Running scriptlet: memcached-1.5.22-2.el8.x86_64                        36/36 
  Verifying        : memcached-1.5.22-2.el8.x86_64                         1/36 
  Verifying        : python3-attrs-17.4.0-6.el8.noarch                     2/36 
  Verifying        : python3-jmespath-0.9.0-11.el8.noarch                  3/36 
  Verifying        : python3-jsonpatch-1.21-2.el8.noarch                   4/36 
  Verifying        : python3-jsonpointer-1.10-11.el8.noarch                5/36 
  Verifying        : python3-mako-1.0.6-13.el8.noarch                      6/36 
  Verifying        : python3-markupsafe-0.23-19.el8.x86_64                 7/36 
  Verifying        : python3-memcached-1.58-11.el8.noarch                  8/36 
  Verifying        : openstack-selinux-0.8.27-1.el8.noarch                 9/36 
  Verifying        : python-openstackclient-lang-5.4.0-2.el8.noarch       10/36 
  Verifying        : python-oslo-log-lang-4.4.0-2.el8.noarch              11/36 
  Verifying        : python3-appdirs-1.4.3-12.el8.noarch                  12/36 
  Verifying        : python3-cinderclient-7.2.0-2.el8.noarch              13/36 
  Verifying        : python3-cliff-3.4.0-1.el8.noarch                     14/36 
  Verifying        : python3-cmd2-0.9.16-2.el8.noarch                     15/36 
  Verifying        : python3-colorama-0.4.3-3.el8.noarch                  16/36 
  Verifying        : python3-dogpile-cache-0.9.0-1.el8.noarch             17/36 
  Verifying        : python3-jeepney-0.4.3-1.el8.noarch                   18/36 
  Verifying        : python3-keyring-21.0.0-1.el8.noarch                  19/36 
  Verifying        : python3-keystoneclient-1:4.1.1-2.el8.noarch          20/36 
  Verifying        : python3-munch-2.5.0-3.el8.noarch                     21/36 
  Verifying        : python3-neutronclient-7.2.1-2.el8.noarch             22/36 
  Verifying        : python3-novaclient-1:17.2.1-1.el8.noarch             23/36 
  Verifying        : python3-openstackclient-5.4.0-2.el8.noarch           24/36 
  Verifying        : python3-openstacksdk-0.50.0-1.el8.noarch             25/36 
  Verifying        : python3-os-client-config-2.1.0-1.el8.noarch          26/36 
  Verifying        : python3-osc-lib-2.2.1-2.el8.noarch                   27/36 
  Verifying        : python3-oslo-config-2:8.3.3-1.el8.noarch             28/36 
  Verifying        : python3-oslo-context-3.1.1-2.el8.noarch              29/36 
  Verifying        : python3-oslo-log-4.4.0-2.el8.noarch                  30/36 
  Verifying        : python3-pyperclip-1.8.0-2.el8.noarch                 31/36 
  Verifying        : python3-requestsexceptions-1.4.0-2.el8.noarch        32/36 
  Verifying        : python3-rfc3986-1.4.0-3.el8.noarch                   33/36 
  Verifying        : python3-secretstorage-3.1.1-4.el8.noarch             34/36 
  Verifying        : python3-simplejson-3.17.2-2.el8.x86_64               35/36 
  Verifying        : python3-wcwidth-0.2.5-2.el8.noarch                   36/36 
Installed products updated.

Installed:
  memcached-1.5.22-2.el8.x86_64                                                 
  openstack-selinux-0.8.27-1.el8.noarch                                         
  python-openstackclient-lang-5.4.0-2.el8.noarch                                
  python-oslo-log-lang-4.4.0-2.el8.noarch                                       
  python3-appdirs-1.4.3-12.el8.noarch                                           
  python3-attrs-17.4.0-6.el8.noarch                                             
  python3-cinderclient-7.2.0-2.el8.noarch                                       
  python3-cliff-3.4.0-1.el8.noarch                                              
  python3-cmd2-0.9.16-2.el8.noarch                                              
  python3-colorama-0.4.3-3.el8.noarch                                           
  python3-dogpile-cache-0.9.0-1.el8.noarch                                      
  python3-jeepney-0.4.3-1.el8.noarch                                            
  python3-jmespath-0.9.0-11.el8.noarch                                          
  python3-jsonpatch-1.21-2.el8.noarch                                           
  python3-jsonpointer-1.10-11.el8.noarch                                        
  python3-keyring-21.0.0-1.el8.noarch                                           
  python3-keystoneclient-1:4.1.1-2.el8.noarch                                   
  python3-mako-1.0.6-13.el8.noarch                                              
  python3-markupsafe-0.23-19.el8.x86_64                                         
  python3-memcached-1.58-11.el8.noarch                                          
  python3-munch-2.5.0-3.el8.noarch                                              
  python3-neutronclient-7.2.1-2.el8.noarch                                      
  python3-novaclient-1:17.2.1-1.el8.noarch                                      
  python3-openstackclient-5.4.0-2.el8.noarch                                    
  python3-openstacksdk-0.50.0-1.el8.noarch                                      
  python3-os-client-config-2.1.0-1.el8.noarch                                   
  python3-osc-lib-2.2.1-2.el8.noarch                                            
  python3-oslo-config-2:8.3.3-1.el8.noarch                                      
  python3-oslo-context-3.1.1-2.el8.noarch                                       
  python3-oslo-log-4.4.0-2.el8.noarch                                           
  python3-pyperclip-1.8.0-2.el8.noarch                                          
  python3-requestsexceptions-1.4.0-2.el8.noarch                                 
  python3-rfc3986-1.4.0-3.el8.noarch                                            
  python3-secretstorage-3.1.1-4.el8.noarch                                      
  python3-simplejson-3.17.2-2.el8.x86_64                                        
  python3-wcwidth-0.2.5-2.el8.noarch                                            

Complete!
Success. Node controller in mgmt: 10.0.0.11.
Binding memcached server to 10.0.0.11.
Restarting memcache service.
Created symlink /etc/systemd/system/multi-user.target.wants/memcached.service → /usr/lib/systemd/system/memcached.service.
