Setting up database for glance.
Waiting for database server to come up.
mysql cmd: CREATE DATABASE glance.
mysql cmd: GRANT ALL ON glance.* TO 'glance'@'%' IDENTIFIED BY 'glanceDBPass';.
mysql cmd: GRANT ALL ON glance.* TO 'glance'@'localhost' IDENTIFIED BY 'glanceDBPass';.
Sourcing the admin credentials.
Waiting for keystone to come up.
Creating glance user and giving it admin role under service tenant.
+---------------------+----------------------------------+
| Field               | Value                            |
+---------------------+----------------------------------+
| domain_id           | default                          |
| enabled             | True                             |
| id                  | b480618b08734e30aa22a7abcf09b080 |
| name                | glance                           |
| options             | {}                               |
| password_expires_at | None                             |
+---------------------+----------------------------------+
Registering glance with keystone so that other services can locate it.
+-------------+----------------------------------+
| Field       | Value                            |
+-------------+----------------------------------+
| description | OpenStack Image                  |
| enabled     | True                             |
| id          | 0c1981b63f964e40b43c3bb2b39a8325 |
| name        | glance                           |
| type        | image                            |
+-------------+----------------------------------+
Creating the Image service API endpoints.
+--------------+----------------------------------+
| Field        | Value                            |
+--------------+----------------------------------+
| enabled      | True                             |
| id           | 7eaa2c6bb7f949438cd529f32c09e4ae |
| interface    | public                           |
| region       | RegionOne                        |
| region_id    | RegionOne                        |
| service_id   | 0c1981b63f964e40b43c3bb2b39a8325 |
| service_name | glance                           |
| service_type | image                            |
| url          | http://controller:9292           |
+--------------+----------------------------------+
+--------------+----------------------------------+
| Field        | Value                            |
+--------------+----------------------------------+
| enabled      | True                             |
| id           | a86ce24ad33b44ee90858983f068e61c |
| interface    | internal                         |
| region       | RegionOne                        |
| region_id    | RegionOne                        |
| service_id   | 0c1981b63f964e40b43c3bb2b39a8325 |
| service_name | glance                           |
| service_type | image                            |
| url          | http://controller:9292           |
+--------------+----------------------------------+
+--------------+----------------------------------+
| Field        | Value                            |
+--------------+----------------------------------+
| enabled      | True                             |
| id           | 6f2e887dac4b47f1a5c3bc0d65bf225f |
| interface    | admin                            |
| region       | RegionOne                        |
| region_id    | RegionOne                        |
| service_id   | 0c1981b63f964e40b43c3bb2b39a8325 |
| service_name | glance                           |
| service_type | image                            |
| url          | http://controller:9292           |
+--------------+----------------------------------+
Installing glance.
Last metadata expiration check: 5:04:06 ago on Sun 05 Sep 2021 01:29:35 AM EDT.
Dependencies resolved.
==============================================================================================================
 Package                           Arch    Version                              Repository                Size
==============================================================================================================
Installing:
 openstack-glance                  noarch  1:21.0.0-1.el8                       openstack-victoria        78 k
Installing dependencies:
 blosc                             x86_64  1.17.0-1.el8                         openstack-victoria        60 k
 graphviz                          x86_64  2.40.1-40.el8                        appstream                1.7 M
 gssproxy                          x86_64  0.8.0-19.el8                         baseos                   119 k
 hdf5                              x86_64  1.10.5-5.el8                         openstack-victoria       2.1 M
 keyutils                          x86_64  1.5.10-6.el8                         baseos                    63 k
 libXaw                            x86_64  1.0.13-10.el8                        appstream                194 k
 libaec                            x86_64  1.0.2-3.el8                          PowerTools                39 k
 libgfortran                       x86_64  8.4.1-1.el8                          baseos                   639 k
 libqhull                          x86_64  1:7.2.1-2.el8                        openstack-victoria       168 k
 libquadmath                       x86_64  8.4.1-1.el8                          baseos                   169 k
 libverto-libevent                 x86_64  0.3.0-5.el8                          baseos                    16 k
 nfs-utils                         x86_64  1:2.3.3-41.el8_4.2                   baseos                   498 k
 openblas                          x86_64  0.3.12-1.el8                         appstream                4.6 M
 openblas-threads                  x86_64  0.3.12-1.el8                         appstream                4.7 M
 platform-python-devel             x86_64  3.6.8-37.el8                         appstream                249 k
 python-oslo-privsep-lang          noarch  2.4.0-2.el8                          openstack-victoria        12 k
 python-oslo-vmware-lang           noarch  3.7.0-2.el8                          openstack-victoria        13 k
 python-rpm-macros                 noarch  3-41.el8                             appstream                 15 k
 python-srpm-macros                noarch  3-41.el8                             appstream                 15 k
 python3-Bottleneck                x86_64  1.2.1-13.el8                         openstack-victoria       131 k
 python3-automaton                 noarch  2.2.0-1.el8                          openstack-victoria        41 k
 python3-barbicanclient            noarch  5.0.1-2.el8                          openstack-victoria       130 k
 python3-boto                      noarch  2.49.0-4.el8                         openstack-victoria       1.8 M
 python3-castellan                 noarch  3.6.0-2.el8                          openstack-victoria       127 k
 python3-cursive                   noarch  0.2.2-1.el8                          openstack-victoria        58 k
 python3-cycler                    noarch  0.10.0-13.el8                        openstack-victoria        20 k
 python3-glance                    noarch  1:21.0.0-1.el8                       openstack-victoria       790 k
 python3-glance-store              noarch  2.3.0-2.el8                          openstack-victoria       298 k
 python3-glanceclient              noarch  1:3.2.2-2.el8                        openstack-victoria       146 k
 python3-httplib2                  noarch  0.10.3-4.el8                         PowerTools               108 k
 python3-kiwisolver                x86_64  1.1.0-4.el8                          openstack-victoria        78 k
 python3-matplotlib                x86_64  3.1.1-2.el8                          openstack-victoria       3.3 M
 python3-matplotlib-data           noarch  3.1.1-2.el8                          openstack-victoria       1.8 M
 python3-matplotlib-data-fonts     noarch  3.1.1-2.el8                          openstack-victoria       2.4 M
 python3-matplotlib-tk             x86_64  3.1.1-2.el8                          openstack-victoria        64 k
 python3-mock                      noarch  3.0.5-7.el8                          ceph-nautilus             55 k
 python3-networkx                  noarch  2.5-1.el8                            openstack-victoria       2.5 M
 python3-numexpr                   x86_64  2.7.1-1.el8                          openstack-victoria       198 k
 python3-numpy                     x86_64  1:1.14.3-9.el8                       appstream                3.7 M
 python3-numpy-f2py                x86_64  1:1.14.3-9.el8                       appstream                225 k
 python3-os-brick                  noarch  4.0.3-2.el8                          openstack-victoria       1.1 M
 python3-os-win                    noarch  5.2.0-1.el8                          openstack-victoria       449 k
 python3-oslo-privsep              noarch  2.4.0-2.el8                          openstack-victoria        40 k
 python3-oslo-reports              noarch  2.2.0-2.el8                          openstack-victoria        59 k
 python3-oslo-rootwrap             noarch  6.2.0-2.el8                          openstack-victoria        44 k
 python3-oslo-vmware               noarch  3.7.0-2.el8                          openstack-victoria       216 k
 python3-pandas                    x86_64  0.25.3-1.el8                         openstack-victoria        11 M
 python3-pillow                    x86_64  5.1.1-12.el8_2                       appstream                629 k
 python3-pydot                     noarch  1.4.1-1.el8                          openstack-victoria        51 k
 python3-pygraphviz                x86_64  1.5-9.el8                            openstack-victoria        91 k
 python3-pysendfile                x86_64  2.0.1-15.el8                         openstack-victoria        21 k
 python3-pyxattr                   x86_64  0.5.3-18.el8                         PowerTools                36 k
 python3-retrying                  noarch  1.2.3-21.el8                         openstack-victoria        23 k
 python3-rpm-generators            noarch  5-6.el8                              appstream                 24 k
 python3-rpm-macros                noarch  3-41.el8                             appstream                 14 k
 python3-rsa                       noarch  4.6-2.el8                            openstack-victoria        60 k
 python3-scipy                     x86_64  1.0.0-20.module_el8.4.0+790+083e3d81 appstream                 15 M
 python3-simplegeneric             noarch  0.8.1-17.el8                         ceph-nautilus             19 k
 python3-suds                      noarch  0.7-0.8.94664ddd46a6.el8             appstream                242 k
 python3-tables                    x86_64  3.5.2-6.el8                          openstack-victoria       1.4 M
 python3-taskflow                  noarch  4.5.0-2.el8                          openstack-victoria       689 k
 python3-tenacity                  noarch  6.2.0-1.el8                          openstack-victoria        50 k
 python3-tkinter                   x86_64  3.6.8-37.el8                         appstream                371 k
 python3-warlock                   noarch  1.3.3-1.el8                          openstack-victoria        22 k
 python3-wsme                      noarch  0.9.3-1.el8                          openstack-victoria       199 k
 qemu-img                          x86_64  15:5.2.0-16.el8                      advanced-virtualization  2.0 M
 rpcbind                           x86_64  1.2.5-8.el8                          baseos                    70 k
 sysfsutils                        x86_64  2.1.0-24.el8                         appstream                 49 k
 tcl                               x86_64  1:8.6.8-2.el8                        baseos                   1.1 M
 texlive-base                      noarch  7:20180414-20.el8                    appstream                2.4 M
 texlive-dvipng                    x86_64  7:20180414-20.el8                    appstream                331 k
 texlive-kpathsea                  x86_64  7:20180414-20.el8                    appstream                1.1 M
 texlive-lib                       x86_64  7:20180414-20.el8                    appstream                541 k
 tk                                x86_64  1:8.6.8-1.el8                        appstream                1.6 M
 xorg-x11-fonts-ISO8859-1-100dpi   noarch  7.5-19.el8                           appstream                1.1 M

Transaction Summary
==============================================================================================================
Install  76 Packages

Total download size: 74 M
Installed size: 318 M
Downloading Packages:
(1/76): libXaw-1.0.13-10.el8.x86_64.rpm         592 kB/s | 194 kB     00:00    
(2/76): graphviz-2.40.1-40.el8.x86_64.rpm       1.3 MB/s | 1.7 MB     00:01    
(3/76): platform-python-devel-3.6.8-37.el8.x86_ 1.6 MB/s | 249 kB     00:00    
(4/76): python-rpm-macros-3-41.el8.noarch.rpm   178 kB/s |  15 kB     00:00    
(5/76): openblas-threads-0.3.12-1.el8.x86_64.rp 3.7 MB/s | 4.7 MB     00:01    
(6/76): python-srpm-macros-3-41.el8.noarch.rpm  130 kB/s |  15 kB     00:00    
(7/76): openblas-0.3.12-1.el8.x86_64.rpm        2.5 MB/s | 4.6 MB     00:01    
(8/76): python3-numpy-f2py-1.14.3-9.el8.x86_64. 1.2 MB/s | 225 kB     00:00    
(9/76): python3-rpm-generators-5-6.el8.noarch.r 194 kB/s |  24 kB     00:00    
(10/76): python3-pillow-5.1.1-12.el8_2.x86_64.r 2.6 MB/s | 629 kB     00:00    
(11/76): python3-rpm-macros-3-41.el8.noarch.rpm 174 kB/s |  14 kB     00:00    
(12/76): python3-suds-0.7-0.8.94664ddd46a6.el8. 931 kB/s | 242 kB     00:00    
(13/76): python3-numpy-1.14.3-9.el8.x86_64.rpm  4.6 MB/s | 3.7 MB     00:00    
(14/76): python3-tkinter-3.6.8-37.el8.x86_64.rp 2.0 MB/s | 371 kB     00:00    
(15/76): sysfsutils-2.1.0-24.el8.x86_64.rpm     337 kB/s |  49 kB     00:00    
(16/76): texlive-dvipng-20180414-20.el8.x86_64. 2.1 MB/s | 331 kB     00:00    
(17/76): texlive-kpathsea-20180414-20.el8.x86_6 5.3 MB/s | 1.1 MB     00:00    
(18/76): texlive-lib-20180414-20.el8.x86_64.rpm 4.5 MB/s | 541 kB     00:00    
(19/76): texlive-base-20180414-20.el8.noarch.rp 3.3 MB/s | 2.4 MB     00:00    
(20/76): tk-8.6.8-1.el8.x86_64.rpm              5.7 MB/s | 1.6 MB     00:00    
(21/76): xorg-x11-fonts-ISO8859-1-100dpi-7.5-19 3.6 MB/s | 1.1 MB     00:00    
(22/76): python3-scipy-1.0.0-20.module_el8.4.0+ 8.8 MB/s |  15 MB     00:01    
(23/76): gssproxy-0.8.0-19.el8.x86_64.rpm       229 kB/s | 119 kB     00:00    
(24/76): keyutils-1.5.10-6.el8.x86_64.rpm       134 kB/s |  63 kB     00:00    
(25/76): libquadmath-8.4.1-1.el8.x86_64.rpm     790 kB/s | 169 kB     00:00    
(26/76): libverto-libevent-0.3.0-5.el8.x86_64.r 131 kB/s |  16 kB     00:00    
(27/76): rpcbind-1.2.5-8.el8.x86_64.rpm         321 kB/s |  70 kB     00:00    
(28/76): nfs-utils-2.3.3-41.el8_4.2.x86_64.rpm  1.1 MB/s | 498 kB     00:00    
(29/76): libgfortran-8.4.1-1.el8.x86_64.rpm     814 kB/s | 639 kB     00:00    
(30/76): libaec-1.0.2-3.el8.x86_64.rpm          226 kB/s |  39 kB     00:00    
(31/76): python3-httplib2-0.10.3-4.el8.noarch.r 543 kB/s | 108 kB     00:00    
(32/76): python3-pyxattr-0.5.3-18.el8.x86_64.rp 230 kB/s |  36 kB     00:00    
(33/76): python3-mock-3.0.5-7.el8.noarch.rpm    302 kB/s |  55 kB     00:00    
(34/76): python3-simplegeneric-0.8.1-17.el8.noa 271 kB/s |  19 kB     00:00    
(35/76): tcl-8.6.8-2.el8.x86_64.rpm             1.1 MB/s | 1.1 MB     00:01    
(36/76): blosc-1.17.0-1.el8.x86_64.rpm          160 kB/s |  60 kB     00:00    
(37/76): libqhull-7.2.1-2.el8.x86_64.rpm        675 kB/s | 168 kB     00:00    
(38/76): openstack-glance-21.0.0-1.el8.noarch.r 681 kB/s |  78 kB     00:00    
(39/76): python-oslo-privsep-lang-2.4.0-2.el8.n 140 kB/s |  12 kB     00:00    
(40/76): qemu-img-5.2.0-16.el8.x86_64.rpm       1.6 MB/s | 2.0 MB     00:01    
(41/76): python-oslo-vmware-lang-3.7.0-2.el8.no 157 kB/s |  13 kB     00:00    
(42/76): python3-automaton-2.2.0-1.el8.noarch.r 447 kB/s |  41 kB     00:00    
(43/76): python3-barbicanclient-5.0.1-2.el8.noa 746 kB/s | 130 kB     00:00    
(44/76): python3-Bottleneck-1.2.1-13.el8.x86_64 304 kB/s | 131 kB     00:00    
(45/76): python3-castellan-3.6.0-2.el8.noarch.r 701 kB/s | 127 kB     00:00    
(46/76): python3-cursive-0.2.2-1.el8.noarch.rpm 531 kB/s |  58 kB     00:00    
(47/76): python3-cycler-0.10.0-13.el8.noarch.rp  88 kB/s |  20 kB     00:00    
(48/76): hdf5-1.10.5-5.el8.x86_64.rpm           1.5 MB/s | 2.1 MB     00:01    
(49/76): python3-glance-store-2.3.0-2.el8.noarc 1.7 MB/s | 298 kB     00:00    
(50/76): python3-glanceclient-3.2.2-2.el8.noarc 1.4 MB/s | 146 kB     00:00    
(51/76): python3-kiwisolver-1.1.0-4.el8.x86_64. 799 kB/s |  78 kB     00:00    
(52/76): python3-glance-21.0.0-1.el8.noarch.rpm 1.0 MB/s | 790 kB     00:00    
(53/76): python3-boto-2.49.0-4.el8.noarch.rpm   1.3 MB/s | 1.8 MB     00:01    
(54/76): python3-matplotlib-3.1.1-2.el8.x86_64. 2.4 MB/s | 3.3 MB     00:01    
(55/76): python3-matplotlib-tk-3.1.1-2.el8.x86_ 713 kB/s |  64 kB     00:00    
(56/76): python3-matplotlib-data-3.1.1-2.el8.no 1.0 MB/s | 1.8 MB     00:01    
(57/76): python3-numexpr-2.7.1-1.el8.x86_64.rpm 886 kB/s | 198 kB     00:00    
(58/76): python3-networkx-2.5-1.el8.noarch.rpm  2.4 MB/s | 2.5 MB     00:01    
(59/76): python3-matplotlib-data-fonts-3.1.1-2. 1.1 MB/s | 2.4 MB     00:02    
(60/76): python3-oslo-privsep-2.4.0-2.el8.noarc 413 kB/s |  40 kB     00:00    
(61/76): python3-os-win-5.2.0-1.el8.noarch.rpm  1.4 MB/s | 449 kB     00:00    
(62/76): python3-oslo-reports-2.2.0-2.el8.noarc 379 kB/s |  59 kB     00:00    
(63/76): python3-oslo-rootwrap-6.2.0-2.el8.noar 295 kB/s |  44 kB     00:00    
(64/76): python3-oslo-vmware-3.7.0-2.el8.noarch 1.0 MB/s | 216 kB     00:00    
(65/76): python3-pydot-1.4.1-1.el8.noarch.rpm   639 kB/s |  51 kB     00:00    
(66/76): python3-pygraphviz-1.5-9.el8.x86_64.rp 1.0 MB/s |  91 kB     00:00    
(67/76): python3-pysendfile-2.0.1-15.el8.x86_64 218 kB/s |  21 kB     00:00    
(68/76): python3-retrying-1.2.3-21.el8.noarch.r 202 kB/s |  23 kB     00:00    
(69/76): python3-rsa-4.6-2.el8.noarch.rpm       708 kB/s |  60 kB     00:00    
(70/76): python3-os-brick-4.0.3-2.el8.noarch.rp 1.0 MB/s | 1.1 MB     00:01    
(71/76): python3-taskflow-4.5.0-2.el8.noarch.rp 1.1 MB/s | 689 kB     00:00    
(72/76): python3-tables-3.5.2-6.el8.x86_64.rpm  1.8 MB/s | 1.4 MB     00:00    
(73/76): python3-tenacity-6.2.0-1.el8.noarch.rp 477 kB/s |  50 kB     00:00    
(74/76): python3-warlock-1.3.3-1.el8.noarch.rpm 210 kB/s |  22 kB     00:00    
(75/76): python3-wsme-0.9.3-1.el8.noarch.rpm    886 kB/s | 199 kB     00:00    
(76/76): python3-pandas-0.25.3-1.el8.x86_64.rpm 1.2 MB/s |  11 MB     00:08    
--------------------------------------------------------------------------------
Total                                           3.3 MB/s |  74 MB     00:22     
Running transaction check
Transaction check succeeded.
Running transaction test
Transaction test succeeded.
Running transaction
  Preparing        :                                                        1/1 
  Installing       : python3-matplotlib-data-fonts-3.1.1-2.el8.noarch      1/76 
  Installing       : python3-matplotlib-data-3.1.1-2.el8.noarch            2/76 
  Installing       : python3-tenacity-6.2.0-1.el8.noarch                   3/76 
  Installing       : python3-os-win-5.2.0-1.el8.noarch                     4/76 
  Installing       : tcl-1:8.6.8-2.el8.x86_64                              5/76 
  Running scriptlet: tcl-1:8.6.8-2.el8.x86_64                              5/76 
  Installing       : libquadmath-8.4.1-1.el8.x86_64                        6/76 
  Running scriptlet: libquadmath-8.4.1-1.el8.x86_64                        6/76 
  Installing       : libgfortran-8.4.1-1.el8.x86_64                        7/76 
  Running scriptlet: libgfortran-8.4.1-1.el8.x86_64                        7/76 
  Installing       : openblas-0.3.12-1.el8.x86_64                          8/76 
  Running scriptlet: openblas-0.3.12-1.el8.x86_64                          8/76 
  Installing       : openblas-threads-0.3.12-1.el8.x86_64                  9/76 
  Running scriptlet: openblas-threads-0.3.12-1.el8.x86_64                  9/76 
  Installing       : python3-numpy-1:1.14.3-9.el8.x86_64                  10/76 
  Installing       : python3-numexpr-2.7.1-1.el8.x86_64                   11/76 
  Installing       : texlive-lib-7:20180414-20.el8.x86_64                 12/76 
  Installing       : python3-pillow-5.1.1-12.el8_2.x86_64                 13/76 
  Installing       : texlive-kpathsea-7:20180414-20.el8.x86_64            14/76 
  Running scriptlet: texlive-kpathsea-7:20180414-20.el8.x86_64            14/76 
  Running scriptlet: tk-1:8.6.8-1.el8.x86_64                              15/76 
  Installing       : tk-1:8.6.8-1.el8.x86_64                              15/76 
  Running scriptlet: tk-1:8.6.8-1.el8.x86_64                              15/76 
  Installing       : python3-tkinter-3.6.8-37.el8.x86_64                  16/76 
  Installing       : python3-warlock-1.3.3-1.el8.noarch                   17/76 
  Installing       : python3-glanceclient-1:3.2.2-2.el8.noarch            18/76 
  Installing       : python3-rsa-4.6-2.el8.noarch                         19/76 
  Installing       : python3-boto-2.49.0-4.el8.noarch                     20/76 
  Installing       : python3-retrying-1.2.3-21.el8.noarch                 21/76 
  Installing       : python3-pysendfile-2.0.1-15.el8.x86_64               22/76 
  Installing       : python3-oslo-rootwrap-6.2.0-2.el8.noarch             23/76 
  Installing       : python3-oslo-reports-2.2.0-2.el8.noarch              24/76 
  Installing       : python3-kiwisolver-1.1.0-4.el8.x86_64                25/76 
  Installing       : python3-cycler-0.10.0-13.el8.noarch                  26/76 
  Installing       : python3-barbicanclient-5.0.1-2.el8.noarch            27/76 
  Installing       : python3-castellan-3.6.0-2.el8.noarch                 28/76 
  Installing       : python3-cursive-0.2.2-1.el8.noarch                   29/76 
  Installing       : python3-automaton-2.2.0-1.el8.noarch                 30/76 
  Installing       : python-oslo-vmware-lang-3.7.0-2.el8.noarch           31/76 
  Installing       : python-oslo-privsep-lang-2.4.0-2.el8.noarch          32/76 
  Installing       : python3-oslo-privsep-2.4.0-2.el8.noarch              33/76 
  Installing       : libqhull-1:7.2.1-2.el8.x86_64                        34/76 
  Installing       : blosc-1.17.0-1.el8.x86_64                            35/76 
  Installing       : python3-simplegeneric-0.8.1-17.el8.noarch            36/76 
  Installing       : python3-wsme-0.9.3-1.el8.noarch                      37/76 
  Installing       : python3-mock-3.0.5-7.el8.noarch                      38/76 
  Installing       : qemu-img-15:5.2.0-16.el8.x86_64                      39/76 
  Installing       : python3-pyxattr-0.5.3-18.el8.x86_64                  40/76 
  Installing       : python3-httplib2-0.10.3-4.el8.noarch                 41/76 
  Installing       : libaec-1.0.2-3.el8.x86_64                            42/76 
  Installing       : hdf5-1.10.5-5.el8.x86_64                             43/76 
  Installing       : python3-tables-3.5.2-6.el8.x86_64                    44/76 
  Running scriptlet: rpcbind-1.2.5-8.el8.x86_64                           45/76 
  Installing       : rpcbind-1.2.5-8.el8.x86_64                           45/76 
  Running scriptlet: rpcbind-1.2.5-8.el8.x86_64                           45/76 
  Installing       : libverto-libevent-0.3.0-5.el8.x86_64                 46/76 
  Installing       : gssproxy-0.8.0-19.el8.x86_64                         47/76 
  Running scriptlet: gssproxy-0.8.0-19.el8.x86_64                         47/76 
  Installing       : keyutils-1.5.10-6.el8.x86_64                         48/76 
  Running scriptlet: nfs-utils-1:2.3.3-41.el8_4.2.x86_64                  49/76 
  Installing       : nfs-utils-1:2.3.3-41.el8_4.2.x86_64                  49/76 
  Running scriptlet: nfs-utils-1:2.3.3-41.el8_4.2.x86_64                  49/76 
  Installing       : xorg-x11-fonts-ISO8859-1-100dpi-7.5-19.el8.noarch    50/76 
  Running scriptlet: xorg-x11-fonts-ISO8859-1-100dpi-7.5-19.el8.noarch    50/76 
  Running scriptlet: texlive-base-7:20180414-20.el8.noarch                51/76 
  Installing       : texlive-base-7:20180414-20.el8.noarch                51/76 
  Installing       : texlive-dvipng-7:20180414-20.el8.x86_64              52/76 
  Running scriptlet: texlive-dvipng-7:20180414-20.el8.x86_64              52/76 
  Installing       : python3-matplotlib-tk-3.1.1-2.el8.x86_64             53/76 
  Installing       : python3-matplotlib-3.1.1-2.el8.x86_64                54/76 
  Installing       : sysfsutils-2.1.0-24.el8.x86_64                       55/76 
  Installing       : python3-os-brick-4.0.3-2.el8.noarch                  56/76 
  Installing       : python3-glance-store-2.3.0-2.el8.noarch              57/76 
  Installing       : python3-suds-0.7-0.8.94664ddd46a6.el8.noarch         58/76 
  Installing       : python3-oslo-vmware-3.7.0-2.el8.noarch               59/76 
  Installing       : python3-rpm-generators-5-6.el8.noarch                60/76 
  Installing       : python-srpm-macros-3-41.el8.noarch                   61/76 
  Installing       : python-rpm-macros-3-41.el8.noarch                    62/76 
  Installing       : python3-rpm-macros-3-41.el8.noarch                   63/76 
  Installing       : platform-python-devel-3.6.8-37.el8.x86_64            64/76 
  Installing       : python3-numpy-f2py-1:1.14.3-9.el8.x86_64             65/76 
  Running scriptlet: python3-numpy-f2py-1:1.14.3-9.el8.x86_64             65/76 
  Installing       : python3-scipy-1.0.0-20.module_el8.4.0+790+083e3d81   66/76 
  Installing       : python3-Bottleneck-1.2.1-13.el8.x86_64               67/76 
  Installing       : python3-pandas-0.25.3-1.el8.x86_64                   68/76 
  Installing       : libXaw-1.0.13-10.el8.x86_64                          69/76 
  Installing       : graphviz-2.40.1-40.el8.x86_64                        70/76 
  Running scriptlet: graphviz-2.40.1-40.el8.x86_64                        70/76 
  Installing       : python3-pydot-1.4.1-1.el8.noarch                     71/76 
  Installing       : python3-pygraphviz-1.5-9.el8.x86_64                  72/76 
  Installing       : python3-networkx-2.5-1.el8.noarch                    73/76 
  Installing       : python3-taskflow-4.5.0-2.el8.noarch                  74/76 
  Installing       : python3-glance-1:21.0.0-1.el8.noarch                 75/76 
  Running scriptlet: openstack-glance-1:21.0.0-1.el8.noarch               76/76 
  Installing       : openstack-glance-1:21.0.0-1.el8.noarch               76/76 
  Running scriptlet: openstack-glance-1:21.0.0-1.el8.noarch               76/76 
  Running scriptlet: texlive-base-7:20180414-20.el8.noarch                76/76 
  Running scriptlet: openstack-glance-1:21.0.0-1.el8.noarch               76/76 
[/usr/lib/tmpfiles.d/rabbitmq-server.conf:1] Line references path below legacy directory /var/run/, updating /var/run/rabbitmq → /run/rabbitmq; please update the tmpfiles.d/ drop-in file accordingly.

  Running scriptlet: texlive-kpathsea-7:20180414-20.el8.x86_64            76/76 
  Verifying        : graphviz-2.40.1-40.el8.x86_64                         1/76 
  Verifying        : libXaw-1.0.13-10.el8.x86_64                           2/76 
  Verifying        : openblas-0.3.12-1.el8.x86_64                          3/76 
  Verifying        : openblas-threads-0.3.12-1.el8.x86_64                  4/76 
  Verifying        : platform-python-devel-3.6.8-37.el8.x86_64             5/76 
  Verifying        : python-rpm-macros-3-41.el8.noarch                     6/76 
  Verifying        : python-srpm-macros-3-41.el8.noarch                    7/76 
  Verifying        : python3-numpy-1:1.14.3-9.el8.x86_64                   8/76 
  Verifying        : python3-numpy-f2py-1:1.14.3-9.el8.x86_64              9/76 
  Verifying        : python3-pillow-5.1.1-12.el8_2.x86_64                 10/76 
  Verifying        : python3-rpm-generators-5-6.el8.noarch                11/76 
  Verifying        : python3-rpm-macros-3-41.el8.noarch                   12/76 
  Verifying        : python3-scipy-1.0.0-20.module_el8.4.0+790+083e3d81   13/76 
  Verifying        : python3-suds-0.7-0.8.94664ddd46a6.el8.noarch         14/76 
  Verifying        : python3-tkinter-3.6.8-37.el8.x86_64                  15/76 
  Verifying        : sysfsutils-2.1.0-24.el8.x86_64                       16/76 
  Verifying        : texlive-base-7:20180414-20.el8.noarch                17/76 
  Verifying        : texlive-dvipng-7:20180414-20.el8.x86_64              18/76 
  Verifying        : texlive-kpathsea-7:20180414-20.el8.x86_64            19/76 
  Verifying        : texlive-lib-7:20180414-20.el8.x86_64                 20/76 
  Verifying        : tk-1:8.6.8-1.el8.x86_64                              21/76 
  Verifying        : xorg-x11-fonts-ISO8859-1-100dpi-7.5-19.el8.noarch    22/76 
  Verifying        : gssproxy-0.8.0-19.el8.x86_64                         23/76 
  Verifying        : keyutils-1.5.10-6.el8.x86_64                         24/76 
  Verifying        : libgfortran-8.4.1-1.el8.x86_64                       25/76 
  Verifying        : libquadmath-8.4.1-1.el8.x86_64                       26/76 
  Verifying        : libverto-libevent-0.3.0-5.el8.x86_64                 27/76 
  Verifying        : nfs-utils-1:2.3.3-41.el8_4.2.x86_64                  28/76 
  Verifying        : rpcbind-1.2.5-8.el8.x86_64                           29/76 
  Verifying        : tcl-1:8.6.8-2.el8.x86_64                             30/76 
  Verifying        : libaec-1.0.2-3.el8.x86_64                            31/76 
  Verifying        : python3-httplib2-0.10.3-4.el8.noarch                 32/76 
  Verifying        : python3-pyxattr-0.5.3-18.el8.x86_64                  33/76 
  Verifying        : qemu-img-15:5.2.0-16.el8.x86_64                      34/76 
  Verifying        : python3-mock-3.0.5-7.el8.noarch                      35/76 
  Verifying        : python3-simplegeneric-0.8.1-17.el8.noarch            36/76 
  Verifying        : blosc-1.17.0-1.el8.x86_64                            37/76 
  Verifying        : hdf5-1.10.5-5.el8.x86_64                             38/76 
  Verifying        : libqhull-1:7.2.1-2.el8.x86_64                        39/76 
  Verifying        : openstack-glance-1:21.0.0-1.el8.noarch               40/76 
  Verifying        : python-oslo-privsep-lang-2.4.0-2.el8.noarch          41/76 
  Verifying        : python-oslo-vmware-lang-3.7.0-2.el8.noarch           42/76 
  Verifying        : python3-Bottleneck-1.2.1-13.el8.x86_64               43/76 
  Verifying        : python3-automaton-2.2.0-1.el8.noarch                 44/76 
  Verifying        : python3-barbicanclient-5.0.1-2.el8.noarch            45/76 
  Verifying        : python3-boto-2.49.0-4.el8.noarch                     46/76 
  Verifying        : python3-castellan-3.6.0-2.el8.noarch                 47/76 
  Verifying        : python3-cursive-0.2.2-1.el8.noarch                   48/76 
  Verifying        : python3-cycler-0.10.0-13.el8.noarch                  49/76 
  Verifying        : python3-glance-1:21.0.0-1.el8.noarch                 50/76 
  Verifying        : python3-glance-store-2.3.0-2.el8.noarch              51/76 
  Verifying        : python3-glanceclient-1:3.2.2-2.el8.noarch            52/76 
  Verifying        : python3-kiwisolver-1.1.0-4.el8.x86_64                53/76 
  Verifying        : python3-matplotlib-3.1.1-2.el8.x86_64                54/76 
  Verifying        : python3-matplotlib-data-3.1.1-2.el8.noarch           55/76 
  Verifying        : python3-matplotlib-data-fonts-3.1.1-2.el8.noarch     56/76 
  Verifying        : python3-matplotlib-tk-3.1.1-2.el8.x86_64             57/76 
  Verifying        : python3-networkx-2.5-1.el8.noarch                    58/76 
  Verifying        : python3-numexpr-2.7.1-1.el8.x86_64                   59/76 
  Verifying        : python3-os-brick-4.0.3-2.el8.noarch                  60/76 
  Verifying        : python3-os-win-5.2.0-1.el8.noarch                    61/76 
  Verifying        : python3-oslo-privsep-2.4.0-2.el8.noarch              62/76 
  Verifying        : python3-oslo-reports-2.2.0-2.el8.noarch              63/76 
  Verifying        : python3-oslo-rootwrap-6.2.0-2.el8.noarch             64/76 
  Verifying        : python3-oslo-vmware-3.7.0-2.el8.noarch               65/76 
  Verifying        : python3-pandas-0.25.3-1.el8.x86_64                   66/76 
  Verifying        : python3-pydot-1.4.1-1.el8.noarch                     67/76 
  Verifying        : python3-pygraphviz-1.5-9.el8.x86_64                  68/76 
  Verifying        : python3-pysendfile-2.0.1-15.el8.x86_64               69/76 
  Verifying        : python3-retrying-1.2.3-21.el8.noarch                 70/76 
  Verifying        : python3-rsa-4.6-2.el8.noarch                         71/76 
  Verifying        : python3-tables-3.5.2-6.el8.x86_64                    72/76 
  Verifying        : python3-taskflow-4.5.0-2.el8.noarch                  73/76 
  Verifying        : python3-tenacity-6.2.0-1.el8.noarch                  74/76 
  Verifying        : python3-warlock-1.3.3-1.el8.noarch                   75/76 
  Verifying        : python3-wsme-0.9.3-1.el8.noarch                      76/76 
Installed products updated.

Installed:
  blosc-1.17.0-1.el8.x86_64                                                     
  graphviz-2.40.1-40.el8.x86_64                                                 
  gssproxy-0.8.0-19.el8.x86_64                                                  
  hdf5-1.10.5-5.el8.x86_64                                                      
  keyutils-1.5.10-6.el8.x86_64                                                  
  libXaw-1.0.13-10.el8.x86_64                                                   
  libaec-1.0.2-3.el8.x86_64                                                     
  libgfortran-8.4.1-1.el8.x86_64                                                
  libqhull-1:7.2.1-2.el8.x86_64                                                 
  libquadmath-8.4.1-1.el8.x86_64                                                
  libverto-libevent-0.3.0-5.el8.x86_64                                          
  nfs-utils-1:2.3.3-41.el8_4.2.x86_64                                           
  openblas-0.3.12-1.el8.x86_64                                                  
  openblas-threads-0.3.12-1.el8.x86_64                                          
  openstack-glance-1:21.0.0-1.el8.noarch                                        
  platform-python-devel-3.6.8-37.el8.x86_64                                     
  python-oslo-privsep-lang-2.4.0-2.el8.noarch                                   
  python-oslo-vmware-lang-3.7.0-2.el8.noarch                                    
  python-rpm-macros-3-41.el8.noarch                                             
  python-srpm-macros-3-41.el8.noarch                                            
  python3-Bottleneck-1.2.1-13.el8.x86_64                                        
  python3-automaton-2.2.0-1.el8.noarch                                          
  python3-barbicanclient-5.0.1-2.el8.noarch                                     
  python3-boto-2.49.0-4.el8.noarch                                              
  python3-castellan-3.6.0-2.el8.noarch                                          
  python3-cursive-0.2.2-1.el8.noarch                                            
  python3-cycler-0.10.0-13.el8.noarch                                           
  python3-glance-1:21.0.0-1.el8.noarch                                          
  python3-glance-store-2.3.0-2.el8.noarch                                       
  python3-glanceclient-1:3.2.2-2.el8.noarch                                     
  python3-httplib2-0.10.3-4.el8.noarch                                          
  python3-kiwisolver-1.1.0-4.el8.x86_64                                         
  python3-matplotlib-3.1.1-2.el8.x86_64                                         
  python3-matplotlib-data-3.1.1-2.el8.noarch                                    
  python3-matplotlib-data-fonts-3.1.1-2.el8.noarch                              
  python3-matplotlib-tk-3.1.1-2.el8.x86_64                                      
  python3-mock-3.0.5-7.el8.noarch                                               
  python3-networkx-2.5-1.el8.noarch                                             
  python3-numexpr-2.7.1-1.el8.x86_64                                            
  python3-numpy-1:1.14.3-9.el8.x86_64                                           
  python3-numpy-f2py-1:1.14.3-9.el8.x86_64                                      
  python3-os-brick-4.0.3-2.el8.noarch                                           
  python3-os-win-5.2.0-1.el8.noarch                                             
  python3-oslo-privsep-2.4.0-2.el8.noarch                                       
  python3-oslo-reports-2.2.0-2.el8.noarch                                       
  python3-oslo-rootwrap-6.2.0-2.el8.noarch                                      
  python3-oslo-vmware-3.7.0-2.el8.noarch                                        
  python3-pandas-0.25.3-1.el8.x86_64                                            
  python3-pillow-5.1.1-12.el8_2.x86_64                                          
  python3-pydot-1.4.1-1.el8.noarch                                              
  python3-pygraphviz-1.5-9.el8.x86_64                                           
  python3-pysendfile-2.0.1-15.el8.x86_64                                        
  python3-pyxattr-0.5.3-18.el8.x86_64                                           
  python3-retrying-1.2.3-21.el8.noarch                                          
  python3-rpm-generators-5-6.el8.noarch                                         
  python3-rpm-macros-3-41.el8.noarch                                            
  python3-rsa-4.6-2.el8.noarch                                                  
  python3-scipy-1.0.0-20.module_el8.4.0+790+083e3d81.x86_64                     
  python3-simplegeneric-0.8.1-17.el8.noarch                                     
  python3-suds-0.7-0.8.94664ddd46a6.el8.noarch                                  
  python3-tables-3.5.2-6.el8.x86_64                                             
  python3-taskflow-4.5.0-2.el8.noarch                                           
  python3-tenacity-6.2.0-1.el8.noarch                                           
  python3-tkinter-3.6.8-37.el8.x86_64                                           
  python3-warlock-1.3.3-1.el8.noarch                                            
  python3-wsme-0.9.3-1.el8.noarch                                               
  qemu-img-15:5.2.0-16.el8.x86_64                                               
  rpcbind-1.2.5-8.el8.x86_64                                                    
  sysfsutils-2.1.0-24.el8.x86_64                                                
  tcl-1:8.6.8-2.el8.x86_64                                                      
  texlive-base-7:20180414-20.el8.noarch                                         
  texlive-dvipng-7:20180414-20.el8.x86_64                                       
  texlive-kpathsea-7:20180414-20.el8.x86_64                                     
  texlive-lib-7:20180414-20.el8.x86_64                                          
  tk-1:8.6.8-1.el8.x86_64                                                       
  xorg-x11-fonts-ISO8859-1-100dpi-7.5-19.el8.noarch                             

Complete!
Database connection: mysql+pymysql://glance:glanceDBPass@controller/glance.
Configuring glance-api.conf.
'/etc/glance/glance-api.conf' -> '/tmp/008_etc_glance_glance-api.conf.iniset'
iniset /tmp/008_etc_glance_glance-api.conf.iniset database connection mysql+pymysql://glance:glanceDBPass@controller/glance
'/etc/glance/glance-api.conf' -> '/tmp/009_etc_glance_glance-api.conf.iniset'
iniset /tmp/009_etc_glance_glance-api.conf.iniset keystone_authtoken www_authenticate_uri http://controller:5000
'/etc/glance/glance-api.conf' -> '/tmp/010_etc_glance_glance-api.conf.iniset'
iniset /tmp/010_etc_glance_glance-api.conf.iniset keystone_authtoken auth_url http://controller:5000
'/etc/glance/glance-api.conf' -> '/tmp/011_etc_glance_glance-api.conf.iniset'
iniset /tmp/011_etc_glance_glance-api.conf.iniset keystone_authtoken memcached_servers controller:11211
'/etc/glance/glance-api.conf' -> '/tmp/012_etc_glance_glance-api.conf.iniset'
iniset /tmp/012_etc_glance_glance-api.conf.iniset keystone_authtoken auth_type password
'/etc/glance/glance-api.conf' -> '/tmp/013_etc_glance_glance-api.conf.iniset'
iniset /tmp/013_etc_glance_glance-api.conf.iniset keystone_authtoken project_domain_name Default
'/etc/glance/glance-api.conf' -> '/tmp/014_etc_glance_glance-api.conf.iniset'
iniset /tmp/014_etc_glance_glance-api.conf.iniset keystone_authtoken user_domain_name Default
'/etc/glance/glance-api.conf' -> '/tmp/015_etc_glance_glance-api.conf.iniset'
iniset /tmp/015_etc_glance_glance-api.conf.iniset keystone_authtoken project_name service
'/etc/glance/glance-api.conf' -> '/tmp/016_etc_glance_glance-api.conf.iniset'
iniset /tmp/016_etc_glance_glance-api.conf.iniset keystone_authtoken username glance
'/etc/glance/glance-api.conf' -> '/tmp/017_etc_glance_glance-api.conf.iniset'
iniset /tmp/017_etc_glance_glance-api.conf.iniset keystone_authtoken password glancePass
'/etc/glance/glance-api.conf' -> '/tmp/018_etc_glance_glance-api.conf.iniset'
iniset /tmp/018_etc_glance_glance-api.conf.iniset paste_deploy flavor keystone
'/etc/glance/glance-api.conf' -> '/tmp/019_etc_glance_glance-api.conf.iniset'
iniset /tmp/019_etc_glance_glance-api.conf.iniset glance_store stores file,http
'/etc/glance/glance-api.conf' -> '/tmp/020_etc_glance_glance-api.conf.iniset'
iniset /tmp/020_etc_glance_glance-api.conf.iniset glance_store default_store file
'/etc/glance/glance-api.conf' -> '/tmp/021_etc_glance_glance-api.conf.iniset'
iniset /tmp/021_etc_glance_glance-api.conf.iniset glance_store filesystem_store_datadir /var/lib/glance/images/
Creating the database tables for glance.
INFO  [alembic.runtime.migration] Context impl MySQLImpl.
INFO  [alembic.runtime.migration] Will assume non-transactional DDL.
INFO  [alembic.runtime.migration] Running upgrade  -> liberty, liberty initial
INFO  [alembic.runtime.migration] Running upgrade liberty -> mitaka01, add index on created_at and updated_at columns of 'images' table
INFO  [alembic.runtime.migration] Running upgrade mitaka01 -> mitaka02, update metadef os_nova_server
INFO  [alembic.runtime.migration] Running upgrade mitaka02 -> ocata_expand01, add visibility to images
INFO  [alembic.runtime.migration] Running upgrade ocata_expand01 -> pike_expand01, empty expand for symmetry with pike_contract01
INFO  [alembic.runtime.migration] Running upgrade pike_expand01 -> queens_expand01
INFO  [alembic.runtime.migration] Running upgrade queens_expand01 -> rocky_expand01, add os_hidden column to images table
INFO  [alembic.runtime.migration] Running upgrade rocky_expand01 -> rocky_expand02, add os_hash_algo and os_hash_value columns to images table
INFO  [alembic.runtime.migration] Running upgrade rocky_expand02 -> train_expand01, empty expand for symmetry with train_contract01
INFO  [alembic.runtime.migration] Running upgrade train_expand01 -> ussuri_expand01, empty expand for symmetry with ussuri_expand01
INFO  [alembic.runtime.migration] Context impl MySQLImpl.
INFO  [alembic.runtime.migration] Will assume non-transactional DDL.
INFO  [alembic.runtime.migration] Context impl MySQLImpl.
INFO  [alembic.runtime.migration] Will assume non-transactional DDL.
INFO  [alembic.runtime.migration] Context impl MySQLImpl.
INFO  [alembic.runtime.migration] Will assume non-transactional DDL.
INFO  [alembic.runtime.migration] Context impl MySQLImpl.
INFO  [alembic.runtime.migration] Will assume non-transactional DDL.
INFO  [alembic.runtime.migration] Context impl MySQLImpl.
INFO  [alembic.runtime.migration] Will assume non-transactional DDL.
INFO  [alembic.runtime.migration] Running upgrade mitaka02 -> ocata_contract01, remove is_public from images
INFO  [alembic.runtime.migration] Running upgrade ocata_contract01 -> pike_contract01, drop glare artifacts tables
INFO  [alembic.runtime.migration] Running upgrade pike_contract01 -> queens_contract01
INFO  [alembic.runtime.migration] Running upgrade queens_contract01 -> rocky_contract01
INFO  [alembic.runtime.migration] Running upgrade rocky_contract01 -> rocky_contract02
INFO  [alembic.runtime.migration] Running upgrade rocky_contract02 -> train_contract01
INFO  [alembic.runtime.migration] Running upgrade train_contract01 -> ussuri_contract01
INFO  [alembic.runtime.migration] Context impl MySQLImpl.
INFO  [alembic.runtime.migration] Will assume non-transactional DDL.
INFO  [alembic.runtime.migration] Context impl MySQLImpl.
INFO  [alembic.runtime.migration] Will assume non-transactional DDL.
Upgraded database to: ussuri_expand01, current revision(s): ussuri_expand01
Database migration is up to date. No migration needed.
Upgraded database to: ussuri_contract01, current revision(s): ussuri_contract01
Database is synced successfully.
Restarting glance service.
Created symlink /etc/systemd/system/multi-user.target.wants/openstack-glance-api.service → /usr/lib/systemd/system/openstack-glance-api.service.
● openstack-glance-api.service - OpenStack Image Service (code-named Glance) API server
   Loaded: loaded (/usr/lib/systemd/system/openstack-glance-api.service; enabled; vendor preset: disabled)
   Active: active (running) since Sun 2021-09-05 06:35:22 EDT; 157ms ago
 Main PID: 8393 (glance-api)
    Tasks: 1 (limit: 30002)
   Memory: 19.0M
   CGroup: /system.slice/openstack-glance-api.service
           └─8393 /usr/bin/python3 /usr/bin/glance-api

Sep 05 06:35:22 controller systemd[1]: Started OpenStack Image Service (code-named Glance) API server.
Enabling Firewall..
success
success
Building and Inserting SELinux Module for Glance API 
module glanceapi 1.0;

require {
        type glance_api_t;
        type rpm_exec_t;
        type hostname_exec_t;
        type sudo_exec_t;
        type httpd_config_t;
        type iscsid_exec_t;
        type gpg_exec_t;
        class dir search;
        class file { getattr open read };
}

#============= glance_api_t ==============
allow glance_api_t httpd_config_t:dir search;
allow glance_api_t gpg_exec_t:file getattr;
allow glance_api_t hostname_exec_t:file getattr;
allow glance_api_t rpm_exec_t:file getattr;
allow glance_api_t sudo_exec_t:file getattr;
allow glance_api_t iscsid_exec_t:file { getattr open read };
Building SELinux Modules for Glance
Waiting for glance to start.
Adding pre-downloaded CirrOS image as cirros to glance.
+------------------+----------------------------------------------------------------------------------+
| Property         | Value                                                                            |
+------------------+----------------------------------------------------------------------------------+
| checksum         | 443b7623e27ecf03dc9e01ee93f67afe                                                 |
| container_format | bare                                                                             |
| created_at       | 2021-09-05T10:35:47Z                                                             |
| disk_format      | qcow2                                                                            |
| id               | 63a38f94-4bb8-4934-a69f-a7caf84af60d                                             |
| min_disk         | 0                                                                                |
| min_ram          | 0                                                                                |
| name             | cirros                                                                           |
| os_hash_algo     | sha512                                                                           |
| os_hash_value    | 6513f21e44aa3da349f248188a44bc304a3653a04122d8fb4535423c8e1d14cd6a153f735bb0982e |
|                  | 2161b5b5186106570c17a9e58b64dd39390617cd5a350f78                                 |
| os_hidden        | False                                                                            |
| owner            | 95b394c19fd64dc5b1a81b1898254e38                                                 |
| protected        | False                                                                            |
| size             | 12716032                                                                         |
| status           | active                                                                           |
| tags             | []                                                                               |
| updated_at       | 2021-09-05T10:35:48Z                                                             |
| virtual_size     | 46137344                                                                         |
| visibility       | public                                                                           |
+------------------+----------------------------------------------------------------------------------+
Verifying that the image was successfully added to the service.
glance image-list
+--------------------------------------+--------+
| ID                                   | Name   |
+--------------------------------------+--------+
| 63a38f94-4bb8-4934-a69f-a7caf84af60d | cirros |
+--------------------------------------+--------+
