Setting up database nova.
Waiting for database server to come up.
mysql cmd: CREATE DATABASE nova.
mysql cmd: GRANT ALL ON nova.* TO 'nova'@'%' IDENTIFIED BY 'novaDBPass';.
mysql cmd: GRANT ALL ON nova.* TO 'nova'@'localhost' IDENTIFIED BY 'novaDBPass';.
Setting up database nova_api.
Waiting for database server to come up.
mysql cmd: CREATE DATABASE nova_api.
mysql cmd: GRANT ALL ON nova_api.* TO 'nova'@'%' IDENTIFIED BY 'novaDBPass';.
mysql cmd: GRANT ALL ON nova_api.* TO 'nova'@'localhost' IDENTIFIED BY 'novaDBPass';.
Setting up first cell database.
Waiting for database server to come up.
mysql cmd: CREATE DATABASE nova_cell0.
mysql cmd: GRANT ALL ON nova_cell0.* TO 'nova'@'%' IDENTIFIED BY 'novaDBPass';.
mysql cmd: GRANT ALL ON nova_cell0.* TO 'nova'@'localhost' IDENTIFIED BY 'novaDBPass';.
Sourcing the admin credentials.
Waiting for keystone to come up.
Creating nova user and giving it the admin role.
+---------------------+----------------------------------+
| Field               | Value                            |
+---------------------+----------------------------------+
| domain_id           | default                          |
| enabled             | True                             |
| id                  | 69dfb0af960e48dfb4609e20e8c3f883 |
| name                | nova                             |
| options             | {}                               |
| password_expires_at | None                             |
+---------------------+----------------------------------+
Creating the nova service entity.
+-------------+----------------------------------+
| Field       | Value                            |
+-------------+----------------------------------+
| description | OpenStack Compute                |
| enabled     | True                             |
| id          | b60a2744a2254b0f975f84e90fc83333 |
| name        | nova                             |
| type        | compute                          |
+-------------+----------------------------------+
Creating nova endpoints.
+--------------+----------------------------------+
| Field        | Value                            |
+--------------+----------------------------------+
| enabled      | True                             |
| id           | 687ef010e3464cbab556c8116b27f1df |
| interface    | public                           |
| region       | RegionOne                        |
| region_id    | RegionOne                        |
| service_id   | b60a2744a2254b0f975f84e90fc83333 |
| service_name | nova                             |
| service_type | compute                          |
| url          | http://controller:8774/v2.1      |
+--------------+----------------------------------+
+--------------+----------------------------------+
| Field        | Value                            |
+--------------+----------------------------------+
| enabled      | True                             |
| id           | 813e6ecced70468e833b499e201a92bd |
| interface    | internal                         |
| region       | RegionOne                        |
| region_id    | RegionOne                        |
| service_id   | b60a2744a2254b0f975f84e90fc83333 |
| service_name | nova                             |
| service_type | compute                          |
| url          | http://controller:8774/v2.1      |
+--------------+----------------------------------+
+--------------+----------------------------------+
| Field        | Value                            |
+--------------+----------------------------------+
| enabled      | True                             |
| id           | 998652e9b6704d228e6c8b520780738c |
| interface    | admin                            |
| region       | RegionOne                        |
| region_id    | RegionOne                        |
| service_id   | b60a2744a2254b0f975f84e90fc83333 |
| service_name | nova                             |
| service_type | compute                          |
| url          | http://controller:8774/v2.1      |
+--------------+----------------------------------+
Installing nova for controller node.
Last metadata expiration check: 5:07:13 ago on Sun 05 Sep 2021 01:29:35 AM EDT.
Dependencies resolved.
============================================================================================================================
 Package                             Arch    Version                                           Repository               Size
============================================================================================================================
Installing:
 openstack-nova-api                  noarch  1:22.2.2-1.el8                                    openstack-victoria       11 k
 openstack-nova-conductor            noarch  1:22.2.2-1.el8                                    openstack-victoria      8.9 k
 openstack-nova-novncproxy           noarch  1:22.2.2-1.el8                                    openstack-victoria      9.4 k
 openstack-nova-scheduler            noarch  1:22.2.2-1.el8                                    openstack-victoria      8.9 k
Installing dependencies:
 libsodium                           x86_64  1.0.18-2.el8                                      ceph-nautilus           163 k
 network-scripts                     x86_64  10.00.15-1.el8                                    baseos                  196 k
 network-scripts-openvswitch2.13     x86_64  2.13.0-122.el8                                    centos-nfv-openvswitch   94 k
 nodejs                              x86_64  1:10.24.0-1.module_el8.3.0+717+fa496f1d           appstream               8.8 M
 novnc                               noarch  1.1.0-6.el8                                       openstack-victoria      949 k
 npm                                 x86_64  1:6.14.11-1.10.24.0.1.module_el8.3.0+717+fa496f1d appstream               3.7 M
 openstack-nova-common               noarch  1:22.2.2-1.el8                                    openstack-victoria      266 k
 openvswitch-selinux-extra-policy    noarch  1.0-28.el8                                        centos-nfv-openvswitch   15 k
 openvswitch2.13                     x86_64  2.13.0-122.el8                                    centos-nfv-openvswitch   13 M
 python-oslo-versionedobjects-lang   noarch  2.3.0-2.el8                                       openstack-victoria       12 k
 python3-dataclasses                 noarch  0.7-1.el8                                         openstack-victoria       33 k
 python3-fluidity-sm                 noarch  0.2.0-16.el8                                      openstack-victoria       20 k
 python3-kazoo                       noarch  2.8.0-1.el8                                       openstack-victoria      164 k
 python3-lexicon                     noarch  1.0.0-9.el8                                       openstack-victoria       19 k
 python3-nova                        noarch  1:22.2.2-1.el8                                    openstack-victoria      3.3 M
 python3-openvswitch2.13             x86_64  2.13.0-122.el8                                    centos-nfv-openvswitch  307 k
 python3-os-vif                      noarch  2.2.0-2.el8                                       openstack-victoria       96 k
 python3-oslo-versionedobjects       noarch  2.3.0-2.el8                                       openstack-victoria       78 k
 python3-ovsdbapp                    noarch  1.6.0-1.el8                                       openstack-victoria      120 k
 python3-paramiko                    noarch  2.7.2-1.el8                                       openstack-victoria      314 k
 python3-pynacl                      x86_64  1.4.0-1.el8                                       openstack-victoria      109 k
 python3-pyroute2                    noarch  0.5.13-1.1.el8                                    openstack-victoria      665 k
 python3-rdo-openvswitch             noarch  1:2.13-3.el8                                      openstack-victoria      6.9 k
 python3-redis                       noarch  3.3.8-1.el8                                       openstack-victoria      131 k
 python3-tooz                        noarch  2.7.2-1.el8                                       openstack-victoria      109 k
 python3-voluptuous                  noarch  0.11.7-2.el8                                      openstack-victoria       60 k
 python3-websockify                  noarch  0.9.0-1.el8                                       openstack-victoria       75 k
 python3-zake                        noarch  0.2.2-18.el8                                      openstack-victoria       46 k
 rdo-openvswitch                     noarch  1:2.13-3.el8                                      openstack-victoria      6.7 k
Installing weak dependencies:
 network-scripts-team                x86_64  1.31-2.el8                                        baseos                   28 k
 nodejs-full-i18n                    x86_64  1:10.24.0-1.module_el8.3.0+717+fa496f1d           appstream               7.3 M
 python3-invoke                      noarch  1.4.0-1.el8                                       openstack-victoria      157 k

Transaction Summary
============================================================================================================================
Install  36 Packages

Total download size: 41 M
Installed size: 138 M
Downloading Packages:
(1/36): nodejs-10.24.0-1.module_el8.3.0+717+fa4 7.4 MB/s | 8.8 MB     00:01    
(2/36): network-scripts-10.00.15-1.el8.x86_64.r 389 kB/s | 196 kB     00:00    
(3/36): network-scripts-team-1.31-2.el8.x86_64. 239 kB/s |  28 kB     00:00    
(4/36): npm-6.14.11-1.10.24.0.1.module_el8.3.0+ 2.0 MB/s | 3.7 MB     00:01    
(5/36): network-scripts-openvswitch2.13-2.13.0- 1.2 MB/s |  94 kB     00:00    
(6/36): openvswitch-selinux-extra-policy-1.0-28 240 kB/s |  15 kB     00:00    
[MIRROR] libsodium-1.0.18-2.el8.x86_64.rpm: Status code: 500 for http://mirrors.piconets.webwerks.in/centos-mirror/8.4.2105/storage/x86_64/ceph-nautilus/Packages/l/libsodium-1.0.18-2.el8.x86_64.rpm (IP: 43.240.66.200)
(7/36): libsodium-1.0.18-2.el8.x86_64.rpm       252 kB/s | 163 kB     00:00    
(8/36): python3-openvswitch2.13-2.13.0-122.el8. 2.1 MB/s | 307 kB     00:00    
(9/36): nodejs-full-i18n-10.24.0-1.module_el8.3 2.6 MB/s | 7.3 MB     00:02    
(10/36): openstack-nova-api-22.2.2-1.el8.noarch  47 kB/s |  11 kB     00:00    
(11/36): openstack-nova-common-22.2.2-1.el8.noa 753 kB/s | 266 kB     00:00    
(12/36): openstack-nova-conductor-22.2.2-1.el8.  24 kB/s | 8.9 kB     00:00    
(13/36): openstack-nova-novncproxy-22.2.2-1.el8 112 kB/s | 9.4 kB     00:00    
(14/36): novnc-1.1.0-6.el8.noarch.rpm           753 kB/s | 949 kB     00:01    
(15/36): openstack-nova-scheduler-22.2.2-1.el8.  98 kB/s | 8.9 kB     00:00    
(16/36): python-oslo-versionedobjects-lang-2.3. 124 kB/s |  12 kB     00:00    
(17/36): python3-dataclasses-0.7-1.el8.noarch.r 331 kB/s |  33 kB     00:00    
(18/36): python3-fluidity-sm-0.2.0-16.el8.noarc 181 kB/s |  20 kB     00:00    
(19/36): openvswitch2.13-2.13.0-122.el8.x86_64. 6.0 MB/s |  13 MB     00:02    
(20/36): python3-kazoo-2.8.0-1.el8.noarch.rpm   927 kB/s | 164 kB     00:00    
(21/36): python3-invoke-1.4.0-1.el8.noarch.rpm  644 kB/s | 157 kB     00:00    
(22/36): python3-os-vif-2.2.0-2.el8.noarch.rpm  561 kB/s |  96 kB     00:00    
(23/36): python3-oslo-versionedobjects-2.3.0-2. 410 kB/s |  78 kB     00:00    
(24/36): python3-lexicon-1.0.0-9.el8.noarch.rpm  38 kB/s |  19 kB     00:00    
(25/36): python3-ovsdbapp-1.6.0-1.el8.noarch.rp 686 kB/s | 120 kB     00:00    
(26/36): python3-pynacl-1.4.0-1.el8.x86_64.rpm  592 kB/s | 109 kB     00:00    
(27/36): python3-paramiko-2.7.2-1.el8.noarch.rp 774 kB/s | 314 kB     00:00    
(28/36): python3-rdo-openvswitch-2.13-3.el8.noa  92 kB/s | 6.9 kB     00:00    
(29/36): python3-redis-3.3.8-1.el8.noarch.rpm   895 kB/s | 131 kB     00:00    
(30/36): python3-pyroute2-0.5.13-1.1.el8.noarch 1.3 MB/s | 665 kB     00:00    
(31/36): python3-tooz-2.7.2-1.el8.noarch.rpm    642 kB/s | 109 kB     00:00    
(32/36): python3-voluptuous-0.11.7-2.el8.noarch 690 kB/s |  60 kB     00:00    
(33/36): python3-websockify-0.9.0-1.el8.noarch. 683 kB/s |  75 kB     00:00    
(34/36): python3-zake-0.2.2-18.el8.noarch.rpm   493 kB/s |  46 kB     00:00    
(35/36): python3-nova-22.2.2-1.el8.noarch.rpm   2.3 MB/s | 3.3 MB     00:01    
(36/36): rdo-openvswitch-2.13-3.el8.noarch.rpm   61 kB/s | 6.7 kB     00:00    
--------------------------------------------------------------------------------
Total                                           4.7 MB/s |  41 MB     00:08     
Running transaction check
Transaction check succeeded.
Running transaction test
Transaction test succeeded.
Running transaction
  Running scriptlet: npm-1:6.14.11-1.10.24.0.1.module_el8.3.0+717+fa496f1   1/1 
  Preparing        :                                                        1/1 
  Installing       : nodejs-full-i18n-1:10.24.0-1.module_el8.3.0+717+fa    1/36 
  Installing       : npm-1:6.14.11-1.10.24.0.1.module_el8.3.0+717+fa496    2/36 
  Installing       : nodejs-1:10.24.0-1.module_el8.3.0+717+fa496f1d.x86    3/36 
  Installing       : python3-websockify-0.9.0-1.el8.noarch                 4/36 
  Installing       : network-scripts-10.00.15-1.el8.x86_64                 5/36 
  Running scriptlet: network-scripts-10.00.15-1.el8.x86_64                 5/36 
  Installing       : network-scripts-openvswitch2.13-2.13.0-122.el8.x86    6/36 
  Installing       : novnc-1.1.0-6.el8.noarch                              7/36 
  Installing       : python3-voluptuous-0.11.7-2.el8.noarch                8/36 
  Installing       : python3-redis-3.3.8-1.el8.noarch                      9/36 
  Installing       : python3-pyroute2-0.5.13-1.1.el8.noarch               10/36 
  Installing       : python3-lexicon-1.0.0-9.el8.noarch                   11/36 
  Installing       : python3-kazoo-2.8.0-1.el8.noarch                     12/36 
  Installing       : python3-zake-0.2.2-18.el8.noarch                     13/36 
  Installing       : python3-tooz-2.7.2-1.el8.noarch                      14/36 
  Installing       : python3-fluidity-sm-0.2.0-16.el8.noarch              15/36 
  Installing       : python3-invoke-1.4.0-1.el8.noarch                    16/36 
  Installing       : python3-dataclasses-0.7-1.el8.noarch                 17/36 
  Installing       : python-oslo-versionedobjects-lang-2.3.0-2.el8.noar   18/36 
  Installing       : python3-oslo-versionedobjects-2.3.0-2.el8.noarch     19/36 
  Running scriptlet: openvswitch-selinux-extra-policy-1.0-28.el8.noarch   20/36 
  Installing       : openvswitch-selinux-extra-policy-1.0-28.el8.noarch   20/36 
  Running scriptlet: openvswitch-selinux-extra-policy-1.0-28.el8.noarch   20/36 
  Running scriptlet: openvswitch2.13-2.13.0-122.el8.x86_64                21/36 
  Installing       : openvswitch2.13-2.13.0-122.el8.x86_64                21/36 
  Running scriptlet: openvswitch2.13-2.13.0-122.el8.x86_64                21/36 
  Installing       : python3-openvswitch2.13-2.13.0-122.el8.x86_64        22/36 
  Installing       : rdo-openvswitch-1:2.13-3.el8.noarch                  23/36 
  Installing       : python3-rdo-openvswitch-1:2.13-3.el8.noarch          24/36 
  Installing       : python3-ovsdbapp-1.6.0-1.el8.noarch                  25/36 
  Installing       : python3-os-vif-2.2.0-2.el8.noarch                    26/36 
  Installing       : libsodium-1.0.18-2.el8.x86_64                        27/36 
  Installing       : python3-pynacl-1.4.0-1.el8.x86_64                    28/36 
  Installing       : python3-paramiko-2.7.2-1.el8.noarch                  29/36 
  Installing       : python3-nova-1:22.2.2-1.el8.noarch                   30/36 
  Running scriptlet: openstack-nova-common-1:22.2.2-1.el8.noarch          31/36 
  Installing       : openstack-nova-common-1:22.2.2-1.el8.noarch          31/36 
  Installing       : openstack-nova-api-1:22.2.2-1.el8.noarch             32/36 
  Running scriptlet: openstack-nova-api-1:22.2.2-1.el8.noarch             32/36 
  Installing       : openstack-nova-conductor-1:22.2.2-1.el8.noarch       33/36 
  Running scriptlet: openstack-nova-conductor-1:22.2.2-1.el8.noarch       33/36 
  Installing       : openstack-nova-novncproxy-1:22.2.2-1.el8.noarch      34/36 
  Running scriptlet: openstack-nova-novncproxy-1:22.2.2-1.el8.noarch      34/36 
  Installing       : openstack-nova-scheduler-1:22.2.2-1.el8.noarch       35/36 
  Running scriptlet: openstack-nova-scheduler-1:22.2.2-1.el8.noarch       35/36 
  Installing       : network-scripts-team-1.31-2.el8.x86_64               36/36 
  Running scriptlet: openvswitch-selinux-extra-policy-1.0-28.el8.noarch   36/36 
  Running scriptlet: network-scripts-team-1.31-2.el8.x86_64               36/36 
  Verifying        : nodejs-1:10.24.0-1.module_el8.3.0+717+fa496f1d.x86    1/36 
  Verifying        : nodejs-full-i18n-1:10.24.0-1.module_el8.3.0+717+fa    2/36 
  Verifying        : npm-1:6.14.11-1.10.24.0.1.module_el8.3.0+717+fa496    3/36 
  Verifying        : network-scripts-10.00.15-1.el8.x86_64                 4/36 
  Verifying        : network-scripts-team-1.31-2.el8.x86_64                5/36 
  Verifying        : libsodium-1.0.18-2.el8.x86_64                         6/36 
  Verifying        : network-scripts-openvswitch2.13-2.13.0-122.el8.x86    7/36 
  Verifying        : openvswitch-selinux-extra-policy-1.0-28.el8.noarch    8/36 
  Verifying        : openvswitch2.13-2.13.0-122.el8.x86_64                 9/36 
  Verifying        : python3-openvswitch2.13-2.13.0-122.el8.x86_64        10/36 
  Verifying        : novnc-1.1.0-6.el8.noarch                             11/36 
  Verifying        : openstack-nova-api-1:22.2.2-1.el8.noarch             12/36 
  Verifying        : openstack-nova-common-1:22.2.2-1.el8.noarch          13/36 
  Verifying        : openstack-nova-conductor-1:22.2.2-1.el8.noarch       14/36 
  Verifying        : openstack-nova-novncproxy-1:22.2.2-1.el8.noarch      15/36 
  Verifying        : openstack-nova-scheduler-1:22.2.2-1.el8.noarch       16/36 
  Verifying        : python-oslo-versionedobjects-lang-2.3.0-2.el8.noar   17/36 
  Verifying        : python3-dataclasses-0.7-1.el8.noarch                 18/36 
  Verifying        : python3-fluidity-sm-0.2.0-16.el8.noarch              19/36 
  Verifying        : python3-invoke-1.4.0-1.el8.noarch                    20/36 
  Verifying        : python3-kazoo-2.8.0-1.el8.noarch                     21/36 
  Verifying        : python3-lexicon-1.0.0-9.el8.noarch                   22/36 
  Verifying        : python3-nova-1:22.2.2-1.el8.noarch                   23/36 
  Verifying        : python3-os-vif-2.2.0-2.el8.noarch                    24/36 
  Verifying        : python3-oslo-versionedobjects-2.3.0-2.el8.noarch     25/36 
  Verifying        : python3-ovsdbapp-1.6.0-1.el8.noarch                  26/36 
  Verifying        : python3-paramiko-2.7.2-1.el8.noarch                  27/36 
  Verifying        : python3-pynacl-1.4.0-1.el8.x86_64                    28/36 
  Verifying        : python3-pyroute2-0.5.13-1.1.el8.noarch               29/36 
  Verifying        : python3-rdo-openvswitch-1:2.13-3.el8.noarch          30/36 
  Verifying        : python3-redis-3.3.8-1.el8.noarch                     31/36 
  Verifying        : python3-tooz-2.7.2-1.el8.noarch                      32/36 
  Verifying        : python3-voluptuous-0.11.7-2.el8.noarch               33/36 
  Verifying        : python3-websockify-0.9.0-1.el8.noarch                34/36 
  Verifying        : python3-zake-0.2.2-18.el8.noarch                     35/36 
  Verifying        : rdo-openvswitch-1:2.13-3.el8.noarch                  36/36 
Installed products updated.

Installed:
  libsodium-1.0.18-2.el8.x86_64                                                 
  network-scripts-10.00.15-1.el8.x86_64                                         
  network-scripts-openvswitch2.13-2.13.0-122.el8.x86_64                         
  network-scripts-team-1.31-2.el8.x86_64                                        
  nodejs-1:10.24.0-1.module_el8.3.0+717+fa496f1d.x86_64                         
  nodejs-full-i18n-1:10.24.0-1.module_el8.3.0+717+fa496f1d.x86_64               
  novnc-1.1.0-6.el8.noarch                                                      
  npm-1:6.14.11-1.10.24.0.1.module_el8.3.0+717+fa496f1d.x86_64                  
  openstack-nova-api-1:22.2.2-1.el8.noarch                                      
  openstack-nova-common-1:22.2.2-1.el8.noarch                                   
  openstack-nova-conductor-1:22.2.2-1.el8.noarch                                
  openstack-nova-novncproxy-1:22.2.2-1.el8.noarch                               
  openstack-nova-scheduler-1:22.2.2-1.el8.noarch                                
  openvswitch-selinux-extra-policy-1.0-28.el8.noarch                            
  openvswitch2.13-2.13.0-122.el8.x86_64                                         
  python-oslo-versionedobjects-lang-2.3.0-2.el8.noarch                          
  python3-dataclasses-0.7-1.el8.noarch                                          
  python3-fluidity-sm-0.2.0-16.el8.noarch                                       
  python3-invoke-1.4.0-1.el8.noarch                                             
  python3-kazoo-2.8.0-1.el8.noarch                                              
  python3-lexicon-1.0.0-9.el8.noarch                                            
  python3-nova-1:22.2.2-1.el8.noarch                                            
  python3-openvswitch2.13-2.13.0-122.el8.x86_64                                 
  python3-os-vif-2.2.0-2.el8.noarch                                             
  python3-oslo-versionedobjects-2.3.0-2.el8.noarch                              
  python3-ovsdbapp-1.6.0-1.el8.noarch                                           
  python3-paramiko-2.7.2-1.el8.noarch                                           
  python3-pynacl-1.4.0-1.el8.x86_64                                             
  python3-pyroute2-0.5.13-1.1.el8.noarch                                        
  python3-rdo-openvswitch-1:2.13-3.el8.noarch                                   
  python3-redis-3.3.8-1.el8.noarch                                              
  python3-tooz-2.7.2-1.el8.noarch                                               
  python3-voluptuous-0.11.7-2.el8.noarch                                        
  python3-websockify-0.9.0-1.el8.noarch                                         
  python3-zake-0.2.2-18.el8.noarch                                              
  rdo-openvswitch-1:2.13-3.el8.noarch                                           

Complete!
Setting API database connection: mysql+pymysql://nova:novaDBPass@controller/nova_api.
'/etc/nova/nova.conf' -> '/tmp/032_etc_nova_nova.conf.iniset'
iniset /tmp/032_etc_nova_nova.conf.iniset api_database connection mysql+pymysql://nova:novaDBPass@controller/nova_api
Setting database connection: mysql+pymysql://nova:novaDBPass@controller/nova.
'/etc/nova/nova.conf' -> '/tmp/033_etc_nova_nova.conf.iniset'
iniset /tmp/033_etc_nova_nova.conf.iniset database connection mysql+pymysql://nova:novaDBPass@controller/nova
Configuring nova services.
Configuring RabbitMQ message queue access.
'/etc/nova/nova.conf' -> '/tmp/034_etc_nova_nova.conf.iniset'
iniset /tmp/034_etc_nova_nova.conf.iniset DEFAULT transport_url rabbit://openstack:rabbitPass@controller:5672
'/etc/nova/nova.conf' -> '/tmp/035_etc_nova_nova.conf.iniset'
iniset /tmp/035_etc_nova_nova.conf.iniset api auth_strategy keystone
'/etc/nova/nova.conf' -> '/tmp/036_etc_nova_nova.conf.iniset'
iniset /tmp/036_etc_nova_nova.conf.iniset keystone_authtoken www_authenticate_uri http://controller:5000/
'/etc/nova/nova.conf' -> '/tmp/037_etc_nova_nova.conf.iniset'
iniset /tmp/037_etc_nova_nova.conf.iniset keystone_authtoken auth_url http://controller:5000/
'/etc/nova/nova.conf' -> '/tmp/038_etc_nova_nova.conf.iniset'
iniset /tmp/038_etc_nova_nova.conf.iniset keystone_authtoken memcached_servers controller:11211
'/etc/nova/nova.conf' -> '/tmp/039_etc_nova_nova.conf.iniset'
iniset /tmp/039_etc_nova_nova.conf.iniset keystone_authtoken auth_type password
'/etc/nova/nova.conf' -> '/tmp/040_etc_nova_nova.conf.iniset'
iniset /tmp/040_etc_nova_nova.conf.iniset keystone_authtoken project_domain_name Default
'/etc/nova/nova.conf' -> '/tmp/041_etc_nova_nova.conf.iniset'
iniset /tmp/041_etc_nova_nova.conf.iniset keystone_authtoken user_domain_name Default
'/etc/nova/nova.conf' -> '/tmp/042_etc_nova_nova.conf.iniset'
iniset /tmp/042_etc_nova_nova.conf.iniset keystone_authtoken project_name service
'/etc/nova/nova.conf' -> '/tmp/043_etc_nova_nova.conf.iniset'
iniset /tmp/043_etc_nova_nova.conf.iniset keystone_authtoken username nova
'/etc/nova/nova.conf' -> '/tmp/044_etc_nova_nova.conf.iniset'
iniset /tmp/044_etc_nova_nova.conf.iniset keystone_authtoken password novaPass
'/etc/nova/nova.conf' -> '/tmp/045_etc_nova_nova.conf.iniset'
iniset /tmp/045_etc_nova_nova.conf.iniset DEFAULT my_ip 10.0.0.11
'/etc/nova/nova.conf' -> '/tmp/046_etc_nova_nova.conf.iniset'
iniset /tmp/046_etc_nova_nova.conf.iniset DEFAULT use_neutron true
'/etc/nova/nova.conf' -> '/tmp/047_etc_nova_nova.conf.iniset'
iniset /tmp/047_etc_nova_nova.conf.iniset DEFAULT firewall_driver nova.virt.firewall.NoopFirewallDriver
'/etc/nova/nova.conf' -> '/tmp/048_etc_nova_nova.conf.iniset'
iniset /tmp/048_etc_nova_nova.conf.iniset vnc enabled true
'/etc/nova/nova.conf' -> '/tmp/049_etc_nova_nova.conf.iniset'
iniset /tmp/049_etc_nova_nova.conf.iniset vnc server_listen $my_ip
'/etc/nova/nova.conf' -> '/tmp/050_etc_nova_nova.conf.iniset'
iniset /tmp/050_etc_nova_nova.conf.iniset vnc server_proxyclient_address $my_ip
'/etc/nova/nova.conf' -> '/tmp/051_etc_nova_nova.conf.iniset'
iniset /tmp/051_etc_nova_nova.conf.iniset glance api_servers http://controller:9292
'/etc/nova/nova.conf' -> '/tmp/052_etc_nova_nova.conf.iniset'
iniset /tmp/052_etc_nova_nova.conf.iniset oslo_concurrency lock_path /var/lib/nova/tmp
Configuring access to the Placement service.
'/etc/nova/nova.conf' -> '/tmp/053_etc_nova_nova.conf.iniset'
iniset /tmp/053_etc_nova_nova.conf.iniset placement region_name RegionOne
'/etc/nova/nova.conf' -> '/tmp/054_etc_nova_nova.conf.iniset'
iniset /tmp/054_etc_nova_nova.conf.iniset placement project_domain_name Default
'/etc/nova/nova.conf' -> '/tmp/055_etc_nova_nova.conf.iniset'
iniset /tmp/055_etc_nova_nova.conf.iniset placement project_name service
'/etc/nova/nova.conf' -> '/tmp/056_etc_nova_nova.conf.iniset'
iniset /tmp/056_etc_nova_nova.conf.iniset placement auth_type password
'/etc/nova/nova.conf' -> '/tmp/057_etc_nova_nova.conf.iniset'
iniset /tmp/057_etc_nova_nova.conf.iniset placement user_domain_name Default
'/etc/nova/nova.conf' -> '/tmp/058_etc_nova_nova.conf.iniset'
iniset /tmp/058_etc_nova_nova.conf.iniset placement auth_url http://controller:5000/v3
'/etc/nova/nova.conf' -> '/tmp/059_etc_nova_nova.conf.iniset'
iniset /tmp/059_etc_nova_nova.conf.iniset placement username placement
'/etc/nova/nova.conf' -> '/tmp/060_etc_nova_nova.conf.iniset'
iniset /tmp/060_etc_nova_nova.conf.iniset placement password placementPass
Populating the nova-api databases.
Registering the cell0 database.
Creating the cell1 cell.
--transport-url not provided in the command line, using the value [DEFAULT]/transport_url from the configuration file
--database_connection not provided in the command line, using the value [database]/connection from the configuration file
ae247d8f-9684-439b-8ee3-faaad5d8192f
Populating the nova database.
Verifying nova cell0 and cell1 are registered correctly.
+-------+--------------------------------------+-----------------------------------------+-------------------------------------------------+----------+
|  Name |                 UUID                 |              Transport URL              |               Database Connection               | Disabled |
+-------+--------------------------------------+-----------------------------------------+-------------------------------------------------+----------+
| cell0 | 00000000-0000-0000-0000-000000000000 |                  none:/                 | mysql+pymysql://nova:****@controller/nova_cell0 |  False   |
| cell1 | ae247d8f-9684-439b-8ee3-faaad5d8192f | rabbit://openstack:****@controller:5672 |    mysql+pymysql://nova:****@controller/nova    |  False   |
+-------+--------------------------------------+-----------------------------------------+-------------------------------------------------+----------+
Sourcing the admin credentials.
Waiting for keystone to come up.
Restarting nova services.
Restarting and enabling openstack-nova-api.
Created symlink /etc/systemd/system/multi-user.target.wants/openstack-nova-api.service → /usr/lib/systemd/system/openstack-nova-api.service.
Restarting and enabling openstack-nova-scheduler.
Created symlink /etc/systemd/system/multi-user.target.wants/openstack-nova-scheduler.service → /usr/lib/systemd/system/openstack-nova-scheduler.service.
Restarting and enabling openstack-nova-conductor.
Created symlink /etc/systemd/system/multi-user.target.wants/openstack-nova-conductor.service → /usr/lib/systemd/system/openstack-nova-conductor.service.
Restarting and enabling openstack-nova-novncproxy.
Created symlink /etc/systemd/system/multi-user.target.wants/openstack-nova-novncproxy.service → /usr/lib/systemd/system/openstack-nova-novncproxy.service.
Opening Firewall. 
success
success
module novaapi 1.0;

require {
        type rpm_exec_t;
        type hostname_exec_t;
        type nova_t;
        type gpg_exec_t;
        class file getattr;
}

#============= nova_t ==============
allow nova_t gpg_exec_t:file getattr;
allow nova_t hostname_exec_t:file getattr;
allow nova_t rpm_exec_t:file getattr;
Verifying operation of the Compute service.+----------------------------------+-----------+-----------+
| ID                               | Name      | Type      |
+----------------------------------+-----------+-----------+
| 0c1981b63f964e40b43c3bb2b39a8325 | glance    | image     |
| 6fa8fe1538a04f669c8f0064987c4c68 | placement | placement |
| 8e1c1ccc239641adb0c87b2c5bd28701 | keystone  | identity  |
| b60a2744a2254b0f975f84e90fc83333 | nova      | compute   |
+----------------------------------+-----------+-----------+

Checking nova endpoints.
+-----------+-----------+-----------------------------------------+
| Name      | Type      | Endpoints                               |
+-----------+-----------+-----------------------------------------+
| glance    | image     | RegionOne                               |
|           |           |   admin: http://controller:9292         |
|           |           | RegionOne                               |
|           |           |   public: http://controller:9292        |
|           |           | RegionOne                               |
|           |           |   internal: http://controller:9292      |
|           |           |                                         |
| placement | placement | RegionOne                               |
|           |           |   internal: http://controller:8778      |
|           |           | RegionOne                               |
|           |           |   public: http://controller:8778        |
|           |           | RegionOne                               |
|           |           |   admin: http://controller:8778         |
|           |           |                                         |
| keystone  | identity  | RegionOne                               |
|           |           |   public: http://controller:5000/v3/    |
|           |           | RegionOne                               |
|           |           |   internal: http://controller:5000/v3/  |
|           |           | RegionOne                               |
|           |           |   admin: http://controller:5000/v3/     |
|           |           |                                         |
| nova      | compute   | RegionOne                               |
|           |           |   public: http://controller:8774/v2.1   |
|           |           | RegionOne                               |
|           |           |   internal: http://controller:8774/v2.1 |
|           |           | RegionOne                               |
|           |           |   admin: http://controller:8774/v2.1    |
|           |           |                                         |
+-----------+-----------+-----------------------------------------+
Checking nova images.
+--------------------------------------+--------+--------+
| ID                                   | Name   | Status |
+--------------------------------------+--------+--------+
| 63a38f94-4bb8-4934-a69f-a7caf84af60d | cirros | active |
+--------------------------------------+--------+--------+
