Installing additional packages for self-service networks.
Last metadata expiration check: 5:09:12 ago on Sun 05 Sep 2021 01:29:35 AM EDT.
Dependencies resolved.
================================================================================
 Package                       Arch   Version          Repository          Size
================================================================================
Installing:
 openstack-neutron-linuxbridge noarch 1:17.2.0-1.el8   openstack-victoria  17 k
Installing dependencies:
 libev                         x86_64 4.24-6.el8       appstream           52 k
 libunwind                     x86_64 1.3.1-3.el8      ceph-nautilus       76 k
 openpgm                       x86_64 5.2.122-21.el8   openstack-victoria 180 k
 openstack-neutron-common      noarch 1:17.2.0-1.el8   openstack-victoria 187 k
 python3-designateclient       noarch 4.1.0-2.el8      openstack-victoria  91 k
 python3-gevent                x86_64 1.2.2-4.el8      appstream          497 k
 python3-logutils              noarch 0.3.5-11.el8     ceph-nautilus       49 k
 python3-neutron               noarch 1:17.2.0-1.el8   openstack-victoria 2.6 M
 python3-neutron-lib           noarch 2.6.1-2.el8      openstack-victoria 384 k
 python3-os-ken                noarch 1.2.0-2.el8      openstack-victoria 2.3 M
 python3-os-xenapi             noarch 0.3.4-1.el8      openstack-victoria  80 k
 python3-pecan                 noarch 1.3.2-9.el8      ceph-nautilus      282 k
 python3-setproctitle          x86_64 1.1.10-16.el8    openstack-victoria  24 k
 python3-singledispatch        noarch 3.4.0.3-18.el8   ceph-nautilus       24 k
 python3-tinyrpc               noarch 1.0.3-1.el8      openstack-victoria  51 k
 python3-waitress              noarch 1.4.2-1.el8      ceph-nautilus      255 k
 python3-webtest               noarch 2.0.35-3.el8     openstack-victoria  87 k
 python3-zmq                   x86_64 19.0.0-3.el8     openstack-victoria 417 k
 zeromq                        x86_64 4.3.2-1.el8      openstack-victoria 316 k

Transaction Summary
================================================================================
Install  20 Packages

Total download size: 7.9 M
Installed size: 44 M
Downloading Packages:
[MIRROR] libunwind-1.3.1-3.el8.x86_64.rpm: Status code: 500 for http://mirrors.piconets.webwerks.in/centos-mirror/8.4.2105/storage/x86_64/ceph-nautilus/Packages/l/libunwind-1.3.1-3.el8.x86_64.rpm (IP: 43.240.66.200)
(1/20): libev-4.24-6.el8.x86_64.rpm             216 kB/s |  52 kB     00:00    
(2/20): libunwind-1.3.1-3.el8.x86_64.rpm        220 kB/s |  76 kB     00:00    
(3/20): python3-logutils-0.3.5-11.el8.noarch.rp 288 kB/s |  49 kB     00:00    
(4/20): python3-gevent-1.2.2-4.el8.x86_64.rpm   1.1 MB/s | 497 kB     00:00    
(5/20): python3-singledispatch-3.4.0.3-18.el8.n 461 kB/s |  24 kB     00:00    
(6/20): python3-pecan-1.3.2-9.el8.noarch.rpm    1.1 MB/s | 282 kB     00:00    
(7/20): python3-waitress-1.4.2-1.el8.noarch.rpm 1.1 MB/s | 255 kB     00:00    
(8/20): openstack-neutron-linuxbridge-17.2.0-1.  72 kB/s |  17 kB     00:00    
(9/20): openpgm-5.2.122-21.el8.x86_64.rpm       303 kB/s | 180 kB     00:00    
(10/20): openstack-neutron-common-17.2.0-1.el8. 395 kB/s | 187 kB     00:00    
(11/20): python3-designateclient-4.1.0-2.el8.no 418 kB/s |  91 kB     00:00    
(12/20): python3-neutron-lib-2.6.1-2.el8.noarch 837 kB/s | 384 kB     00:00    
(13/20): python3-os-xenapi-0.3.4-1.el8.noarch.r 636 kB/s |  80 kB     00:00    
(14/20): python3-setproctitle-1.1.10-16.el8.x86 215 kB/s |  24 kB     00:00    
(15/20): python3-tinyrpc-1.0.3-1.el8.noarch.rpm 585 kB/s |  51 kB     00:00    
(16/20): python3-webtest-2.0.35-3.el8.noarch.rp 456 kB/s |  87 kB     00:00    
(17/20): python3-zmq-19.0.0-3.el8.x86_64.rpm    1.1 MB/s | 417 kB     00:00    
(18/20): zeromq-4.3.2-1.el8.x86_64.rpm          1.4 MB/s | 316 kB     00:00    
(19/20): python3-neutron-17.2.0-1.el8.noarch.rp 1.4 MB/s | 2.6 MB     00:01    
(20/20): python3-os-ken-1.2.0-2.el8.noarch.rpm  1.2 MB/s | 2.3 MB     00:01    
--------------------------------------------------------------------------------
Total                                           1.6 MB/s | 7.9 MB     00:04     
Running transaction check
Transaction check succeeded.
Running transaction test
Transaction test succeeded.
Running transaction
  Preparing        :                                                        1/1 
  Installing       : python3-setproctitle-1.1.10-16.el8.x86_64             1/20 
  Installing       : python3-os-xenapi-0.3.4-1.el8.noarch                  2/20 
  Installing       : python3-designateclient-4.1.0-2.el8.noarch            3/20 
  Installing       : openpgm-5.2.122-21.el8.x86_64                         4/20 
  Installing       : python3-waitress-1.4.2-1.el8.noarch                   5/20 
  Installing       : python3-webtest-2.0.35-3.el8.noarch                   6/20 
  Installing       : python3-singledispatch-3.4.0.3-18.el8.noarch          7/20 
  Installing       : python3-logutils-0.3.5-11.el8.noarch                  8/20 
  Installing       : python3-pecan-1.3.2-9.el8.noarch                      9/20 
  Installing       : libunwind-1.3.1-3.el8.x86_64                         10/20 
  Installing       : zeromq-4.3.2-1.el8.x86_64                            11/20 
  Installing       : python3-zmq-19.0.0-3.el8.x86_64                      12/20 
  Installing       : libev-4.24-6.el8.x86_64                              13/20 
  Installing       : python3-gevent-1.2.2-4.el8.x86_64                    14/20 
  Installing       : python3-tinyrpc-1.0.3-1.el8.noarch                   15/20 
  Installing       : python3-os-ken-1.2.0-2.el8.noarch                    16/20 
  Installing       : python3-neutron-lib-2.6.1-2.el8.noarch               17/20 
  Installing       : python3-neutron-1:17.2.0-1.el8.noarch                18/20 
  Running scriptlet: openstack-neutron-common-1:17.2.0-1.el8.noarch       19/20 
  Installing       : openstack-neutron-common-1:17.2.0-1.el8.noarch       19/20 
  Installing       : openstack-neutron-linuxbridge-1:17.2.0-1.el8.noarc   20/20 
  Running scriptlet: openstack-neutron-linuxbridge-1:17.2.0-1.el8.noarc   20/20 
Line is not an assignment at '/etc/sysctl.d/99-sysctl.conf:27': (null)
Couldn't write '1' to 'net/bridge/bridge-nf-call-ip6tables', ignoring: No such file or directory
Couldn't write '1' to 'net/bridge/bridge-nf-call-iptables', ignoring: No such file or directory
Couldn't write '/etc/neutron/dnsmasq-neutron.conf' to 'dnsmasq_config_file', ignoring: No such file or directory
warning: %transfiletriggerin(systemd-239-45.el8_4.3.x86_64) scriptlet failed, exit status 1

Error in <unknown> scriptlet in rpm package openstack-neutron-linuxbridge
  Verifying        : libev-4.24-6.el8.x86_64                               1/20 
  Verifying        : python3-gevent-1.2.2-4.el8.x86_64                     2/20 
  Verifying        : libunwind-1.3.1-3.el8.x86_64                          3/20 
  Verifying        : python3-logutils-0.3.5-11.el8.noarch                  4/20 
  Verifying        : python3-pecan-1.3.2-9.el8.noarch                      5/20 
  Verifying        : python3-singledispatch-3.4.0.3-18.el8.noarch          6/20 
  Verifying        : python3-waitress-1.4.2-1.el8.noarch                   7/20 
  Verifying        : openpgm-5.2.122-21.el8.x86_64                         8/20 
  Verifying        : openstack-neutron-common-1:17.2.0-1.el8.noarch        9/20 
  Verifying        : openstack-neutron-linuxbridge-1:17.2.0-1.el8.noarc   10/20 
  Verifying        : python3-designateclient-4.1.0-2.el8.noarch           11/20 
  Verifying        : python3-neutron-1:17.2.0-1.el8.noarch                12/20 
  Verifying        : python3-neutron-lib-2.6.1-2.el8.noarch               13/20 
  Verifying        : python3-os-ken-1.2.0-2.el8.noarch                    14/20 
  Verifying        : python3-os-xenapi-0.3.4-1.el8.noarch                 15/20 
  Verifying        : python3-setproctitle-1.1.10-16.el8.x86_64            16/20 
  Verifying        : python3-tinyrpc-1.0.3-1.el8.noarch                   17/20 
  Verifying        : python3-webtest-2.0.35-3.el8.noarch                  18/20 
  Verifying        : python3-zmq-19.0.0-3.el8.x86_64                      19/20 
  Verifying        : zeromq-4.3.2-1.el8.x86_64                            20/20 
Installed products updated.

Installed:
  libev-4.24-6.el8.x86_64                                                       
  libunwind-1.3.1-3.el8.x86_64                                                  
  openpgm-5.2.122-21.el8.x86_64                                                 
  openstack-neutron-common-1:17.2.0-1.el8.noarch                                
  openstack-neutron-linuxbridge-1:17.2.0-1.el8.noarch                           
  python3-designateclient-4.1.0-2.el8.noarch                                    
  python3-gevent-1.2.2-4.el8.x86_64                                             
  python3-logutils-0.3.5-11.el8.noarch                                          
  python3-neutron-1:17.2.0-1.el8.noarch                                         
  python3-neutron-lib-2.6.1-2.el8.noarch                                        
  python3-os-ken-1.2.0-2.el8.noarch                                             
  python3-os-xenapi-0.3.4-1.el8.noarch                                          
  python3-pecan-1.3.2-9.el8.noarch                                              
  python3-setproctitle-1.1.10-16.el8.x86_64                                     
  python3-singledispatch-3.4.0.3-18.el8.noarch                                  
  python3-tinyrpc-1.0.3-1.el8.noarch                                            
  python3-waitress-1.4.2-1.el8.noarch                                           
  python3-webtest-2.0.35-3.el8.noarch                                           
  python3-zmq-19.0.0-3.el8.x86_64                                               
  zeromq-4.3.2-1.el8.x86_64                                                     

Complete!
Configuring Linux Bridge agent.
Set IF_NAMES to lo enp0s3 enp0s8 enp0s9
ifnum_to_ifname: interface 2 is enp0s9
PUBLIC_INTERFACE_NAME=enp0s9
'/etc/neutron/plugins/ml2/linuxbridge_agent.ini' -> '/tmp/061_etc_neutron_plugins_ml2_linuxbridge_agent.ini.iniset'
iniset /tmp/061_etc_neutron_plugins_ml2_linuxbridge_agent.ini.iniset linux_bridge physical_interface_mappings provider:enp0s9
Success. Node controller in mgmt: 10.0.0.11.
'/etc/neutron/plugins/ml2/linuxbridge_agent.ini' -> '/tmp/062_etc_neutron_plugins_ml2_linuxbridge_agent.ini.iniset'
iniset /tmp/062_etc_neutron_plugins_ml2_linuxbridge_agent.ini.iniset vxlan enable_vxlan true
'/etc/neutron/plugins/ml2/linuxbridge_agent.ini' -> '/tmp/063_etc_neutron_plugins_ml2_linuxbridge_agent.ini.iniset'
iniset /tmp/063_etc_neutron_plugins_ml2_linuxbridge_agent.ini.iniset vxlan local_ip 10.0.0.11
'/etc/neutron/plugins/ml2/linuxbridge_agent.ini' -> '/tmp/064_etc_neutron_plugins_ml2_linuxbridge_agent.ini.iniset'
iniset /tmp/064_etc_neutron_plugins_ml2_linuxbridge_agent.ini.iniset vxlan l2_population true
'/etc/neutron/plugins/ml2/linuxbridge_agent.ini' -> '/tmp/065_etc_neutron_plugins_ml2_linuxbridge_agent.ini.iniset'
iniset /tmp/065_etc_neutron_plugins_ml2_linuxbridge_agent.ini.iniset securitygroup enable_security_group true
'/etc/neutron/plugins/ml2/linuxbridge_agent.ini' -> '/tmp/066_etc_neutron_plugins_ml2_linuxbridge_agent.ini.iniset'
iniset /tmp/066_etc_neutron_plugins_ml2_linuxbridge_agent.ini.iniset securitygroup firewall_driver neutron.agent.linux.iptables_firewall.IptablesFirewallDriver
'/etc/sysctl.d/99-sysctl.conf' -> '/tmp/067_etc_sysctl.d_99-sysctl.conf.iniset'
'/etc/sysctl.d/99-sysctl.conf' -> '/tmp/068_etc_sysctl.d_99-sysctl.conf.iniset'
Ensuring that the kernel supports network bridge filters.
sysctl: cannot stat /proc/sys/net/bridge/bridge-nf-call-iptables: No such file or directory
./setup_self-service_controller.sh: line 54: /proc/sys/net/bridge/bridge-nf-call-iptables: Permission denied
