Waiting for keystone to come up.
Setting up database for heat.
Waiting for database server to come up.
mysql cmd: CREATE DATABASE heat.
mysql cmd: GRANT ALL ON heat.* TO 'heat'@'%' IDENTIFIED BY 'heatDBPass';.
mysql cmd: GRANT ALL ON heat.* TO 'heat'@'localhost' IDENTIFIED BY 'heatDBPass';.
Sourcing the admin credentials.
Waiting for keystone to come up.
Creating heat user and giving it admin role under service tenant.
+---------------------+----------------------------------+
| Field               | Value                            |
+---------------------+----------------------------------+
| domain_id           | default                          |
| enabled             | True                             |
| id                  | f2ba1356b9be47c991a70b91b9f3bd85 |
| name                | heat                             |
| options             | {}                               |
| password_expires_at | None                             |
+---------------------+----------------------------------+
Creating the heat and heat-cfn service entities.
+-------------+----------------------------------+
| Field       | Value                            |
+-------------+----------------------------------+
| description | Orchestration                    |
| enabled     | True                             |
| id          | 5f2b422cefcf4e15a8c39a603e9d5ab4 |
| name        | heat                             |
| type        | orchestration                    |
+-------------+----------------------------------+
+-------------+----------------------------------+
| Field       | Value                            |
+-------------+----------------------------------+
| description | Orchestration                    |
| enabled     | True                             |
| id          | aa4765bea04942e3b8c1d0d7e01d0489 |
| name        | heat-cfn                         |
| type        | cloudformation                   |
+-------------+----------------------------------+
Creating heat and heat-cfn endpoints.
+--------------+-----------------------------------------+
| Field        | Value                                   |
+--------------+-----------------------------------------+
| enabled      | True                                    |
| id           | 1a95182fa0ce44a8989852b080366757        |
| interface    | public                                  |
| region       | RegionOne                               |
| region_id    | RegionOne                               |
| service_id   | 5f2b422cefcf4e15a8c39a603e9d5ab4        |
| service_name | heat                                    |
| service_type | orchestration                           |
| url          | http://controller:8004/v1/%(tenant_id)s |
+--------------+-----------------------------------------+
+--------------+-----------------------------------------+
| Field        | Value                                   |
+--------------+-----------------------------------------+
| enabled      | True                                    |
| id           | 076a6c1b3eb74e0f970ef5d793ec3f51        |
| interface    | internal                                |
| region       | RegionOne                               |
| region_id    | RegionOne                               |
| service_id   | 5f2b422cefcf4e15a8c39a603e9d5ab4        |
| service_name | heat                                    |
| service_type | orchestration                           |
| url          | http://controller:8004/v1/%(tenant_id)s |
+--------------+-----------------------------------------+
+--------------+-----------------------------------------+
| Field        | Value                                   |
+--------------+-----------------------------------------+
| enabled      | True                                    |
| id           | 808c97169dbd4d4b98488e40e946abc2        |
| interface    | admin                                   |
| region       | RegionOne                               |
| region_id    | RegionOne                               |
| service_id   | 5f2b422cefcf4e15a8c39a603e9d5ab4        |
| service_name | heat                                    |
| service_type | orchestration                           |
| url          | http://controller:8004/v1/%(tenant_id)s |
+--------------+-----------------------------------------+
+--------------+----------------------------------+
| Field        | Value                            |
+--------------+----------------------------------+
| enabled      | True                             |
| id           | 04376ec92e6f415393a3cf09f6acc9fa |
| interface    | public                           |
| region       | RegionOne                        |
| region_id    | RegionOne                        |
| service_id   | aa4765bea04942e3b8c1d0d7e01d0489 |
| service_name | heat-cfn                         |
| service_type | cloudformation                   |
| url          | http://controller:8000/v1        |
+--------------+----------------------------------+
+--------------+----------------------------------+
| Field        | Value                            |
+--------------+----------------------------------+
| enabled      | True                             |
| id           | b11bda712fe64fffaf937db8e90cbc6f |
| interface    | internal                         |
| region       | RegionOne                        |
| region_id    | RegionOne                        |
| service_id   | aa4765bea04942e3b8c1d0d7e01d0489 |
| service_name | heat-cfn                         |
| service_type | cloudformation                   |
| url          | http://controller:8000/v1        |
+--------------+----------------------------------+
+--------------+----------------------------------+
| Field        | Value                            |
+--------------+----------------------------------+
| enabled      | True                             |
| id           | 43590883b6e6471aa849d329fd659284 |
| interface    | admin                            |
| region       | RegionOne                        |
| region_id    | RegionOne                        |
| service_id   | aa4765bea04942e3b8c1d0d7e01d0489 |
| service_name | heat-cfn                         |
| service_type | cloudformation                   |
| url          | http://controller:8000/v1        |
+--------------+----------------------------------+
Creating heat domain.
+-------------+----------------------------------+
| Field       | Value                            |
+-------------+----------------------------------+
| description | Stack projects and users         |
| enabled     | True                             |
| id          | c7f7f206a0e7490aab019ee9cf1bc5d8 |
| name        | heat                             |
| options     | {}                               |
| tags        | []                               |
+-------------+----------------------------------+
Creating heat_domain_admin user.
+---------------------+----------------------------------+
| Field               | Value                            |
+---------------------+----------------------------------+
| domain_id           | c7f7f206a0e7490aab019ee9cf1bc5d8 |
| enabled             | True                             |
| id                  | b5e4dab58c2045e48142d5e44fbdc87c |
| name                | heat_domain_admin                |
| options             | {}                               |
| password_expires_at | None                             |
+---------------------+----------------------------------+
Creating the heat_stack_owner role.
+-------------+----------------------------------+
| Field       | Value                            |
+-------------+----------------------------------+
| description | None                             |
| domain_id   | None                             |
| id          | 1dbb5f03ab7d40949fe8331dc4b25159 |
| name        | heat_stack_owner                 |
| options     | {}                               |
+-------------+----------------------------------+
Creating the heat_stack_user role.
+-------------+----------------------------------+
| Field       | Value                            |
+-------------+----------------------------------+
| description | None                             |
| domain_id   | None                             |
| id          | b47797ae63db44e69e93561b066d2f70 |
| name        | heat_stack_user                  |
| options     | {}                               |
+-------------+----------------------------------+
Installing heat.
Last metadata expiration check: 5:13:25 ago on Sun 05 Sep 2021 01:29:35 AM EDT.
Package python3-pip-9.0.3-19.el8.noarch is already installed.
Dependencies resolved.
================================================================================
 Package                  Arch     Version           Repository            Size
================================================================================
Installing:
 openstack-heat-api       noarch   1:15.0.0-1.el8    openstack-victoria    21 k
 openstack-heat-api-cfn   noarch   1:15.0.0-1.el8    openstack-victoria    21 k
 openstack-heat-common    noarch   1:15.0.0-1.el8    openstack-victoria   1.8 M
 openstack-heat-engine    noarch   1:15.0.0-1.el8    openstack-victoria    20 k
Installing dependencies:
 python3-aodhclient       noarch   2.1.1-2.el8       openstack-victoria    55 k
 python3-croniter         noarch   0.3.27-4.el8      openstack-victoria    40 k
 python3-ironicclient     noarch   4.4.0-1.el8       openstack-victoria   354 k
 python3-magnumclient     noarch   3.2.2-1.el8       openstack-victoria   122 k
 python3-manilaclient     noarch   2.3.0-2.el8       openstack-victoria   528 k
 python3-mistralclient    noarch   4.1.1-2.el8       openstack-victoria   161 k
 python3-monascaclient    noarch   2.2.1-2.el8       openstack-victoria    55 k
 python3-octaviaclient    noarch   2.2.1-1.el8       openstack-victoria    90 k
 python3-saharaclient     noarch   3.2.1-2.el8       openstack-victoria   195 k
 python3-troveclient      noarch   5.1.1-2.el8       openstack-victoria   349 k
 python3-yaql             noarch   1.1.3-10.el8      openstack-victoria   190 k
 python3-zaqarclient      noarch   2.0.1-2.el8       openstack-victoria   130 k

Transaction Summary
================================================================================
Install  16 Packages

Total download size: 4.1 M
Installed size: 19 M
Downloading Packages:
(1/16): openstack-heat-api-15.0.0-1.el8.noarch.  19 kB/s |  21 kB     00:01    
(2/16): openstack-heat-api-cfn-15.0.0-1.el8.noa  19 kB/s |  21 kB     00:01    
(3/16): openstack-heat-engine-15.0.0-1.el8.noar 179 kB/s |  20 kB     00:00    
(4/16): python3-croniter-0.3.27-4.el8.noarch.rp 231 kB/s |  40 kB     00:00    
(5/16): python3-aodhclient-2.1.1-2.el8.noarch.r 156 kB/s |  55 kB     00:00    
(6/16): python3-magnumclient-3.2.2-1.el8.noarch 369 kB/s | 122 kB     00:00    
(7/16): python3-ironicclient-4.4.0-1.el8.noarch 494 kB/s | 354 kB     00:00    
(8/16): python3-mistralclient-4.1.1-2.el8.noarc 426 kB/s | 161 kB     00:00    
(9/16): python3-monascaclient-2.2.1-2.el8.noarc 649 kB/s |  55 kB     00:00    
(10/16): python3-octaviaclient-2.2.1-1.el8.noar 470 kB/s |  90 kB     00:00    
(11/16): python3-manilaclient-2.3.0-2.el8.noarc 538 kB/s | 528 kB     00:00    
(12/16): openstack-heat-common-15.0.0-1.el8.noa 658 kB/s | 1.8 MB     00:02    
(13/16): python3-saharaclient-3.2.1-2.el8.noarc 700 kB/s | 195 kB     00:00    
(14/16): python3-yaql-1.1.3-10.el8.noarch.rpm   672 kB/s | 190 kB     00:00    
(15/16): python3-zaqarclient-2.0.1-2.el8.noarch 621 kB/s | 130 kB     00:00    
(16/16): python3-troveclient-5.1.1-2.el8.noarch 627 kB/s | 349 kB     00:00    
--------------------------------------------------------------------------------
Total                                           949 kB/s | 4.1 MB     00:04     
Running transaction check
Transaction check succeeded.
Running transaction test
Transaction test succeeded.
Running transaction
  Preparing        :                                                        1/1 
  Installing       : python3-mistralclient-4.1.1-2.el8.noarch              1/16 
  Installing       : python3-troveclient-5.1.1-2.el8.noarch                2/16 
  Installing       : python3-zaqarclient-2.0.1-2.el8.noarch                3/16 
  Installing       : python3-yaql-1.1.3-10.el8.noarch                      4/16 
  Installing       : python3-saharaclient-3.2.1-2.el8.noarch               5/16 
  Installing       : python3-octaviaclient-2.2.1-1.el8.noarch              6/16 
  Installing       : python3-monascaclient-2.2.1-2.el8.noarch              7/16 
  Installing       : python3-manilaclient-2.3.0-2.el8.noarch               8/16 
  Installing       : python3-magnumclient-3.2.2-1.el8.noarch               9/16 
  Installing       : python3-ironicclient-4.4.0-1.el8.noarch              10/16 
  Installing       : python3-croniter-0.3.27-4.el8.noarch                 11/16 
  Installing       : python3-aodhclient-2.1.1-2.el8.noarch                12/16 
  Running scriptlet: openstack-heat-common-1:15.0.0-1.el8.noarch          13/16 
  Installing       : openstack-heat-common-1:15.0.0-1.el8.noarch          13/16 
  Installing       : openstack-heat-api-1:15.0.0-1.el8.noarch             14/16 
  Running scriptlet: openstack-heat-api-1:15.0.0-1.el8.noarch             14/16 
  Installing       : openstack-heat-api-cfn-1:15.0.0-1.el8.noarch         15/16 
  Running scriptlet: openstack-heat-api-cfn-1:15.0.0-1.el8.noarch         15/16 
  Installing       : openstack-heat-engine-1:15.0.0-1.el8.noarch          16/16 
  Running scriptlet: openstack-heat-engine-1:15.0.0-1.el8.noarch          16/16 
  Verifying        : openstack-heat-api-1:15.0.0-1.el8.noarch              1/16 
  Verifying        : openstack-heat-api-cfn-1:15.0.0-1.el8.noarch          2/16 
  Verifying        : openstack-heat-common-1:15.0.0-1.el8.noarch           3/16 
  Verifying        : openstack-heat-engine-1:15.0.0-1.el8.noarch           4/16 
  Verifying        : python3-aodhclient-2.1.1-2.el8.noarch                 5/16 
  Verifying        : python3-croniter-0.3.27-4.el8.noarch                  6/16 
  Verifying        : python3-ironicclient-4.4.0-1.el8.noarch               7/16 
  Verifying        : python3-magnumclient-3.2.2-1.el8.noarch               8/16 
  Verifying        : python3-manilaclient-2.3.0-2.el8.noarch               9/16 
  Verifying        : python3-mistralclient-4.1.1-2.el8.noarch             10/16 
  Verifying        : python3-monascaclient-2.2.1-2.el8.noarch             11/16 
  Verifying        : python3-octaviaclient-2.2.1-1.el8.noarch             12/16 
  Verifying        : python3-saharaclient-3.2.1-2.el8.noarch              13/16 
  Verifying        : python3-troveclient-5.1.1-2.el8.noarch               14/16 
  Verifying        : python3-yaql-1.1.3-10.el8.noarch                     15/16 
  Verifying        : python3-zaqarclient-2.0.1-2.el8.noarch               16/16 
Installed products updated.

Installed:
  openstack-heat-api-1:15.0.0-1.el8.noarch                                      
  openstack-heat-api-cfn-1:15.0.0-1.el8.noarch                                  
  openstack-heat-common-1:15.0.0-1.el8.noarch                                   
  openstack-heat-engine-1:15.0.0-1.el8.noarch                                   
  python3-aodhclient-2.1.1-2.el8.noarch                                         
  python3-croniter-0.3.27-4.el8.noarch                                          
  python3-ironicclient-4.4.0-1.el8.noarch                                       
  python3-magnumclient-3.2.2-1.el8.noarch                                       
  python3-manilaclient-2.3.0-2.el8.noarch                                       
  python3-mistralclient-4.1.1-2.el8.noarch                                      
  python3-monascaclient-2.2.1-2.el8.noarch                                      
  python3-octaviaclient-2.2.1-1.el8.noarch                                      
  python3-saharaclient-3.2.1-2.el8.noarch                                       
  python3-troveclient-5.1.1-2.el8.noarch                                        
  python3-yaql-1.1.3-10.el8.noarch                                              
  python3-zaqarclient-2.0.1-2.el8.noarch                                        

Complete!
WARNING: Running pip install with root privileges is generally not a good idea. Try `pip3 install --user` instead.
Requirement already satisfied: heat-dashboard in /usr/local/lib/python3.6/site-packages
Requirement already satisfied: python-heatclient>=1.10.0 in /usr/lib/python3.6/site-packages (from heat-dashboard)
Requirement already satisfied: xstatic-js-yaml>=3.8.1.0 in /usr/local/lib64/python3.6/site-packages (from heat-dashboard)
Requirement already satisfied: pbr!=2.1.0,>=2.0.0 in /usr/lib/python3.6/site-packages (from heat-dashboard)
Requirement already satisfied: xstatic-angular-uuid>=0.0.4.0 in /usr/local/lib64/python3.6/site-packages (from heat-dashboard)
Requirement already satisfied: xstatic-filesaver>=1.3.2.0 in /usr/local/lib64/python3.6/site-packages (from heat-dashboard)
Requirement already satisfied: xstatic-angular-vis>=4.16.0.0 in /usr/local/lib64/python3.6/site-packages (from heat-dashboard)
Requirement already satisfied: xstatic-json2yaml>=0.1.1.0 in /usr/local/lib64/python3.6/site-packages (from heat-dashboard)
Requirement already satisfied: horizon>=18.3.1 in /usr/lib/python3.6/site-packages (from heat-dashboard)
Requirement already satisfied: Babel!=2.4.0,>=2.3.4 in /usr/lib/python3.6/site-packages (from horizon>=18.3.1->heat-dashboard)
Requirement already satisfied: debtcollector>=1.2.0 in /usr/lib/python3.6/site-packages (from horizon>=18.3.1->heat-dashboard)
Requirement already satisfied: Django<3.0,>=2.2 in /usr/lib/python3.6/site-packages (from horizon>=18.3.1->heat-dashboard)
Requirement already satisfied: django-compressor>=2.0 in /usr/lib/python3.6/site-packages (from horizon>=18.3.1->heat-dashboard)
Requirement already satisfied: django-debreach>=1.4.2 in /usr/lib/python3.6/site-packages (from horizon>=18.3.1->heat-dashboard)
Requirement already satisfied: django-pyscss>=2.0.2 in /usr/lib/python3.6/site-packages (from horizon>=18.3.1->heat-dashboard)
Requirement already satisfied: futurist>=1.2.0 in /usr/lib/python3.6/site-packages (from horizon>=18.3.1->heat-dashboard)
Requirement already satisfied: iso8601>=0.1.11 in /usr/lib/python3.6/site-packages (from horizon>=18.3.1->heat-dashboard)
Requirement already satisfied: keystoneauth1>=3.4.0 in /usr/lib/python3.6/site-packages (from horizon>=18.3.1->heat-dashboard)
Requirement already satisfied: netaddr>=0.7.18 in /usr/lib/python3.6/site-packages (from horizon>=18.3.1->heat-dashboard)
Requirement already satisfied: oslo.concurrency>=3.26.0 in /usr/lib/python3.6/site-packages (from horizon>=18.3.1->heat-dashboard)
Requirement already satisfied: oslo.config>=5.2.0 in /usr/lib/python3.6/site-packages (from horizon>=18.3.1->heat-dashboard)
Requirement already satisfied: oslo.i18n>=3.15.3 in /usr/lib/python3.6/site-packages (from horizon>=18.3.1->heat-dashboard)
Requirement already satisfied: oslo.policy>=1.30.0 in /usr/lib/python3.6/site-packages (from horizon>=18.3.1->heat-dashboard)
Requirement already satisfied: oslo.serialization!=2.19.1,>=2.18.0 in /usr/lib/python3.6/site-packages (from horizon>=18.3.1->heat-dashboard)
Requirement already satisfied: oslo.upgradecheck>=0.1.1 in /usr/lib/python3.6/site-packages (from horizon>=18.3.1->heat-dashboard)
Requirement already satisfied: oslo.utils>=3.33.0 in /usr/lib/python3.6/site-packages (from horizon>=18.3.1->heat-dashboard)
Requirement already satisfied: osprofiler>=2.3.0 in /usr/lib/python3.6/site-packages (from horizon>=18.3.1->heat-dashboard)
Requirement already satisfied: pymongo!=3.1,>=3.0.2 in /usr/lib64/python3.6/site-packages (from horizon>=18.3.1->heat-dashboard)
Requirement already satisfied: pyScss>=1.3.7 in /usr/lib64/python3.6/site-packages (from horizon>=18.3.1->heat-dashboard)
Requirement already satisfied: python-cinderclient>=5.0.0 in /usr/lib/python3.6/site-packages (from horizon>=18.3.1->heat-dashboard)
Requirement already satisfied: python-glanceclient>=2.8.0 in /usr/lib/python3.6/site-packages (from horizon>=18.3.1->heat-dashboard)
Requirement already satisfied: python-keystoneclient>=3.22.0 in /usr/lib/python3.6/site-packages (from horizon>=18.3.1->heat-dashboard)
Requirement already satisfied: python-neutronclient>=6.7.0 in /usr/lib/python3.6/site-packages (from horizon>=18.3.1->heat-dashboard)
Requirement already satisfied: python-novaclient>=9.1.0 in /usr/lib/python3.6/site-packages (from horizon>=18.3.1->heat-dashboard)
Requirement already satisfied: python-swiftclient>=3.2.0 in /usr/lib/python3.6/site-packages (from horizon>=18.3.1->heat-dashboard)
Requirement already satisfied: pytz>=2013.6 in /usr/lib/python3.6/site-packages (from horizon>=18.3.1->heat-dashboard)
Requirement already satisfied: PyYAML>=3.12 in /usr/lib64/python3.6/site-packages (from horizon>=18.3.1->heat-dashboard)
Requirement already satisfied: requests>=2.14.2 in /usr/lib/python3.6/site-packages (from horizon>=18.3.1->heat-dashboard)
Requirement already satisfied: semantic-version>=2.3.1 in /usr/lib/python3.6/site-packages (from horizon>=18.3.1->heat-dashboard)
Requirement already satisfied: XStatic>=1.0.0 in /usr/lib/python3.6/site-packages (from horizon>=18.3.1->heat-dashboard)
Requirement already satisfied: XStatic-Angular>=1.5.8.0 in /usr/lib/python3.6/site-packages (from horizon>=18.3.1->heat-dashboard)
Requirement already satisfied: XStatic-Angular-Bootstrap>=2.2.0.0 in /usr/lib/python3.6/site-packages (from horizon>=18.3.1->heat-dashboard)
Requirement already satisfied: XStatic-Angular-FileUpload>=12.0.4.0 in /usr/lib/python3.6/site-packages (from horizon>=18.3.1->heat-dashboard)
Requirement already satisfied: XStatic-Angular-Gettext>=2.3.8.0 in /usr/lib/python3.6/site-packages (from horizon>=18.3.1->heat-dashboard)
Requirement already satisfied: XStatic-Angular-lrdragndrop>=1.0.2.2 in /usr/lib/python3.6/site-packages (from horizon>=18.3.1->heat-dashboard)
Requirement already satisfied: XStatic-Angular-Schema-Form>=0.8.13.0 in /usr/lib/python3.6/site-packages (from horizon>=18.3.1->heat-dashboard)
Requirement already satisfied: XStatic-Bootstrap-Datepicker>=1.3.1.0 in /usr/lib/python3.6/site-packages (from horizon>=18.3.1->heat-dashboard)
Requirement already satisfied: XStatic-Bootstrap-SCSS>=3.3.7.1 in /usr/lib/python3.6/site-packages (from horizon>=18.3.1->heat-dashboard)
Requirement already satisfied: XStatic-bootswatch>=3.3.7.0 in /usr/lib/python3.6/site-packages (from horizon>=18.3.1->heat-dashboard)
Requirement already satisfied: XStatic-D3>=3.5.17.0 in /usr/lib/python3.6/site-packages (from horizon>=18.3.1->heat-dashboard)
Requirement already satisfied: XStatic-Hogan>=2.0.0.2 in /usr/lib/python3.6/site-packages (from horizon>=18.3.1->heat-dashboard)
Requirement already satisfied: XStatic-Font-Awesome>=4.7.0.0 in /usr/lib/python3.6/site-packages (from horizon>=18.3.1->heat-dashboard)
Requirement already satisfied: XStatic-Jasmine>=2.4.1.1 in /usr/lib/python3.6/site-packages (from horizon>=18.3.1->heat-dashboard)
Requirement already satisfied: XStatic-jQuery<2,>=1.8.2.1 in /usr/lib/python3.6/site-packages (from horizon>=18.3.1->heat-dashboard)
Requirement already satisfied: XStatic-JQuery-Migrate>=1.2.1.1 in /usr/lib/python3.6/site-packages (from horizon>=18.3.1->heat-dashboard)
Requirement already satisfied: XStatic-JQuery.quicksearch>=2.0.3.1 in /usr/lib/python3.6/site-packages (from horizon>=18.3.1->heat-dashboard)
Requirement already satisfied: XStatic-JQuery.TableSorter>=2.14.5.1 in /usr/lib/python3.6/site-packages (from horizon>=18.3.1->heat-dashboard)
Requirement already satisfied: XStatic-jquery-ui>=1.10.4.1 in /usr/lib/python3.6/site-packages (from horizon>=18.3.1->heat-dashboard)
Requirement already satisfied: XStatic-JSEncrypt>=2.3.1.1 in /usr/lib/python3.6/site-packages (from horizon>=18.3.1->heat-dashboard)
Requirement already satisfied: XStatic-mdi>=1.6.50.2 in /usr/lib/python3.6/site-packages (from horizon>=18.3.1->heat-dashboard)
Requirement already satisfied: XStatic-objectpath>=1.2.1.0 in /usr/lib/python3.6/site-packages (from horizon>=18.3.1->heat-dashboard)
Requirement already satisfied: XStatic-Rickshaw>=1.5.0.0 in /usr/lib/python3.6/site-packages (from horizon>=18.3.1->heat-dashboard)
Requirement already satisfied: XStatic-roboto-fontface>=0.5.0.0 in /usr/lib/python3.6/site-packages (from horizon>=18.3.1->heat-dashboard)
Requirement already satisfied: XStatic-smart-table>=1.4.13.2 in /usr/lib/python3.6/site-packages (from horizon>=18.3.1->heat-dashboard)
Requirement already satisfied: XStatic-Spin>=1.2.5.2 in /usr/lib/python3.6/site-packages (from horizon>=18.3.1->heat-dashboard)
Requirement already satisfied: XStatic-term.js>=0.0.7.0 in /usr/lib/python3.6/site-packages (from horizon>=18.3.1->heat-dashboard)
Requirement already satisfied: XStatic-tv4>=1.2.7.0 in /usr/lib/python3.6/site-packages (from horizon>=18.3.1->heat-dashboard)
Requirement already satisfied: enmerkar>=0.7.1 in /usr/local/lib/python3.6/site-packages (from horizon>=18.3.1->heat-dashboard)
Requirement already satisfied: sqlparse>=0.2.2 in /usr/lib/python3.6/site-packages (from Django<3.0,>=2.2->horizon>=18.3.1->heat-dashboard)
Requirement already satisfied: django-appconf>=1.0.3 in /usr/lib/python3.6/site-packages (from django-compressor>=2.0->horizon>=18.3.1->heat-dashboard)
Requirement already satisfied: rcssmin==1.0.6 in /usr/lib64/python3.6/site-packages (from django-compressor>=2.0->horizon>=18.3.1->heat-dashboard)
Requirement already satisfied: rjsmin==1.1.0 in /usr/lib64/python3.6/site-packages (from django-compressor>=2.0->horizon>=18.3.1->heat-dashboard)
Requirement already satisfied: six>=1.12.0 in /usr/lib/python3.6/site-packages (from django-compressor>=2.0->horizon>=18.3.1->heat-dashboard)
Requirement already satisfied: chardet<3.1.0,>=3.0.2 in /usr/lib/python3.6/site-packages (from requests>=2.14.2->horizon>=18.3.1->heat-dashboard)
Requirement already satisfied: idna<2.9,>=2.5 in /usr/lib/python3.6/site-packages (from requests>=2.14.2->horizon>=18.3.1->heat-dashboard)
Requirement already satisfied: urllib3!=1.25.0,!=1.25.1,<1.26,>=1.21.1 in /usr/lib/python3.6/site-packages (from requests>=2.14.2->horizon>=18.3.1->heat-dashboard)
Database connection: mysql+pymysql://heat:heatDBPass@controller/heat.
Configuring heat.conf.
'/etc/heat/heat.conf' -> '/tmp/092_etc_heat_heat.conf.iniset'
iniset /tmp/092_etc_heat_heat.conf.iniset database connection mysql+pymysql://heat:heatDBPass@controller/heat
Configuring keystone.
Configuring RabbitMQ message queue access.
'/etc/heat/heat.conf' -> '/tmp/093_etc_heat_heat.conf.iniset'
iniset /tmp/093_etc_heat_heat.conf.iniset DEFAULT transport_url rabbit://openstack:rabbitPass@controller
'/etc/heat/heat.conf' -> '/tmp/094_etc_heat_heat.conf.iniset'
iniset /tmp/094_etc_heat_heat.conf.iniset keystone_authtoken www_authenticate_uri http://controller:5000
'/etc/heat/heat.conf' -> '/tmp/095_etc_heat_heat.conf.iniset'
iniset /tmp/095_etc_heat_heat.conf.iniset keystone_authtoken auth_url http://controller:5000
'/etc/heat/heat.conf' -> '/tmp/096_etc_heat_heat.conf.iniset'
iniset /tmp/096_etc_heat_heat.conf.iniset keystone_authtoken memcached_servers controller:11211
'/etc/heat/heat.conf' -> '/tmp/097_etc_heat_heat.conf.iniset'
iniset /tmp/097_etc_heat_heat.conf.iniset keystone_authtoken auth_type password
'/etc/heat/heat.conf' -> '/tmp/098_etc_heat_heat.conf.iniset'
iniset /tmp/098_etc_heat_heat.conf.iniset keystone_authtoken project_domain_name default
'/etc/heat/heat.conf' -> '/tmp/099_etc_heat_heat.conf.iniset'
iniset /tmp/099_etc_heat_heat.conf.iniset keystone_authtoken user_domain_name default
'/etc/heat/heat.conf' -> '/tmp/100_etc_heat_heat.conf.iniset'
iniset /tmp/100_etc_heat_heat.conf.iniset keystone_authtoken project_name service
'/etc/heat/heat.conf' -> '/tmp/101_etc_heat_heat.conf.iniset'
iniset /tmp/101_etc_heat_heat.conf.iniset keystone_authtoken username heat
'/etc/heat/heat.conf' -> '/tmp/102_etc_heat_heat.conf.iniset'
iniset /tmp/102_etc_heat_heat.conf.iniset keystone_authtoken password heatPass
'/etc/heat/heat.conf' -> '/tmp/103_etc_heat_heat.conf.iniset'
iniset /tmp/103_etc_heat_heat.conf.iniset trustee auth_type password
'/etc/heat/heat.conf' -> '/tmp/104_etc_heat_heat.conf.iniset'
iniset /tmp/104_etc_heat_heat.conf.iniset trustee auth_url http://controller:5000
'/etc/heat/heat.conf' -> '/tmp/105_etc_heat_heat.conf.iniset'
iniset /tmp/105_etc_heat_heat.conf.iniset trustee username heat
'/etc/heat/heat.conf' -> '/tmp/106_etc_heat_heat.conf.iniset'
iniset /tmp/106_etc_heat_heat.conf.iniset trustee password heatPass
'/etc/heat/heat.conf' -> '/tmp/107_etc_heat_heat.conf.iniset'
iniset /tmp/107_etc_heat_heat.conf.iniset trustee user_domain_name default
'/etc/heat/heat.conf' -> '/tmp/108_etc_heat_heat.conf.iniset'
iniset /tmp/108_etc_heat_heat.conf.iniset clients_keystone auth_uri http://controller:5000
'/etc/heat/heat.conf' -> '/tmp/109_etc_heat_heat.conf.iniset'
iniset /tmp/109_etc_heat_heat.conf.iniset DEFAULT heat_metadata_server_url http://controller:8000
'/etc/heat/heat.conf' -> '/tmp/110_etc_heat_heat.conf.iniset'
iniset /tmp/110_etc_heat_heat.conf.iniset DEFAULT heat_waitcondition_server_url http://controller:8000/v1/waitcondition
'/etc/heat/heat.conf' -> '/tmp/111_etc_heat_heat.conf.iniset'
iniset /tmp/111_etc_heat_heat.conf.iniset DEFAULT stack_domain_admin heat_domain_admin
'/etc/heat/heat.conf' -> '/tmp/112_etc_heat_heat.conf.iniset'
iniset /tmp/112_etc_heat_heat.conf.iniset DEFAULT stack_domain_admin_password heatDomainPass
'/etc/heat/heat.conf' -> '/tmp/113_etc_heat_heat.conf.iniset'
iniset /tmp/113_etc_heat_heat.conf.iniset DEFAULT stack_user_domain_name heat
Creating the database tables for heat.
2021-09-05 06:43:13.603 16627 INFO migrate.versioning.api [-] 72 -> 73... [00m
2021-09-05 06:43:13.877 16627 INFO migrate.versioning.api [-] done[00m
2021-09-05 06:43:13.877 16627 INFO migrate.versioning.api [-] 73 -> 74... [00m
2021-09-05 06:43:13.882 16627 INFO migrate.versioning.api [-] done[00m
2021-09-05 06:43:13.882 16627 INFO migrate.versioning.api [-] 74 -> 75... [00m
2021-09-05 06:43:13.886 16627 INFO migrate.versioning.api [-] done[00m
2021-09-05 06:43:13.886 16627 INFO migrate.versioning.api [-] 75 -> 76... [00m
2021-09-05 06:43:13.890 16627 INFO migrate.versioning.api [-] done[00m
2021-09-05 06:43:13.890 16627 INFO migrate.versioning.api [-] 76 -> 77... [00m
2021-09-05 06:43:13.895 16627 INFO migrate.versioning.api [-] done[00m
2021-09-05 06:43:13.895 16627 INFO migrate.versioning.api [-] 77 -> 78... [00m
2021-09-05 06:43:13.900 16627 INFO migrate.versioning.api [-] done[00m
2021-09-05 06:43:13.900 16627 INFO migrate.versioning.api [-] 78 -> 79... [00m
2021-09-05 06:43:14.001 16627 INFO migrate.versioning.api [-] done[00m
2021-09-05 06:43:14.001 16627 INFO migrate.versioning.api [-] 79 -> 80... [00m
2021-09-05 06:43:14.055 16627 INFO migrate.versioning.api [-] done[00m
2021-09-05 06:43:14.055 16627 INFO migrate.versioning.api [-] 80 -> 81... [00m
2021-09-05 06:43:14.058 16627 INFO migrate.versioning.api [-] done[00m
2021-09-05 06:43:14.058 16627 INFO migrate.versioning.api [-] 81 -> 82... [00m
2021-09-05 06:43:14.062 16627 INFO migrate.versioning.api [-] done[00m
2021-09-05 06:43:14.062 16627 INFO migrate.versioning.api [-] 82 -> 83... [00m
2021-09-05 06:43:14.065 16627 INFO migrate.versioning.api [-] done[00m
2021-09-05 06:43:14.065 16627 INFO migrate.versioning.api [-] 83 -> 84... [00m
2021-09-05 06:43:14.069 16627 INFO migrate.versioning.api [-] done[00m
2021-09-05 06:43:14.069 16627 INFO migrate.versioning.api [-] 84 -> 85... [00m
2021-09-05 06:43:14.073 16627 INFO migrate.versioning.api [-] done[00m
2021-09-05 06:43:14.073 16627 INFO migrate.versioning.api [-] 85 -> 86... [00m
2021-09-05 06:43:14.117 16627 INFO migrate.versioning.api [-] done[00m
Restarting heat services.
Created symlink /etc/systemd/system/multi-user.target.wants/openstack-heat-api.service → /usr/lib/systemd/system/openstack-heat-api.service.
Created symlink /etc/systemd/system/multi-user.target.wants/openstack-heat-api-cfn.service → /usr/lib/systemd/system/openstack-heat-api-cfn.service.
Created symlink /etc/systemd/system/multi-user.target.wants/openstack-heat-engine.service → /usr/lib/systemd/system/openstack-heat-engine.service.
success
success
Waiting for openstack stack list.
Restarting heat servies took 18 seconds.
Listing service components.
+------------+-------------+--------------------------------------+------------+--------+----------------------------+--------+
| Hostname   | Binary      | Engine ID                            | Host       | Topic  | Updated At                 | Status |
+------------+-------------+--------------------------------------+------------+--------+----------------------------+--------+
| controller | heat-engine | 3fc7202d-0bf1-4b47-a85b-beb06f079259 | controller | engine | 2021-09-05T10:43:16.000000 | up     |
| controller | heat-engine | 801e3bd3-8c3d-4894-8752-66b267ad3d4d | controller | engine | 2021-09-05T10:43:16.000000 | up     |
| controller | heat-engine | d9cbcd2b-4bb2-4add-b031-eb6583878b69 | controller | engine | 2021-09-05T10:43:16.000000 | up     |
| controller | heat-engine | 0c70dbba-2ea9-4f8a-8a67-c8842b1ef2e3 | controller | engine | 2021-09-05T10:43:16.000000 | up     |
+------------+-------------+--------------------------------------+------------+--------+----------------------------+--------+
