Waiting for keystone to come up.
Installing additional packages for self-service networks.
Last metadata expiration check: 5:34:51 ago on Sun 05 Sep 2021 01:29:35 AM EDT.
Package iptables-ebtables-1.8.4-17.el8.x86_64 is already installed.
Dependencies resolved.
===========================================================================================
 Package                  Arch    Version                         Repository           Size
===========================================================================================
Installing:
 openstack-neutron        noarch  1:17.2.0-1.el8                  openstack-victoria   26 k
 openstack-neutron-ml2    noarch  1:17.2.0-1.el8                  openstack-victoria   15 k
Installing dependencies:
 conntrack-tools          x86_64  1.4.4-10.el8                    baseos              204 k
 dibbler-client           x86_64  1.0.1-10.el8                    openstack-victoria  438 k
 dnsmasq-utils            x86_64  2.79-15.el8                     appstream            55 k
 haproxy                  x86_64  1.8.27-2.el8                    appstream           1.4 M
 iproute-tc               x86_64  5.9.0-4.el8                     baseos              459 k
 keepalived               x86_64  2.1.5-6.el8                     appstream           537 k
 libnetfilter_cthelper    x86_64  1.0.0-15.el8                    baseos               24 k
 libnetfilter_cttimeout   x86_64  1.0.0-11.el8                    baseos               24 k
 libnetfilter_queue       x86_64  1.0.4-3.el8                     baseos               31 k
 lm_sensors-libs          x86_64  3.4.0-22.20180522git70f7e08.el8 baseos               59 k
 net-snmp-agent-libs      x86_64  1:5.8-20.el8                    appstream           748 k
 radvd                    x86_64  2.17-15.el8                     appstream           104 k

Transaction Summary
===========================================================================================
Install  14 Packages

Total download size: 4.1 M
Installed size: 11 M
Downloading Packages:
(1/14): dnsmasq-utils-2.79-15.el8.x86_64.rpm    182 kB/s |  55 kB     00:00    
(2/14): keepalived-2.1.5-6.el8.x86_64.rpm       835 kB/s | 537 kB     00:00    
(3/14): radvd-2.17-15.el8.x86_64.rpm            986 kB/s | 104 kB     00:00    
(4/14): haproxy-1.8.27-2.el8.x86_64.rpm         1.7 MB/s | 1.4 MB     00:00    
(5/14): net-snmp-agent-libs-5.8-20.el8.x86_64.r 1.2 MB/s | 748 kB     00:00    
(6/14): libnetfilter_cthelper-1.0.0-15.el8.x86_  71 kB/s |  24 kB     00:00    
(7/14): conntrack-tools-1.4.4-10.el8.x86_64.rpm 353 kB/s | 204 kB     00:00    
(8/14): libnetfilter_cttimeout-1.0.0-11.el8.x86 227 kB/s |  24 kB     00:00    
(9/14): libnetfilter_queue-1.0.4-3.el8.x86_64.r 278 kB/s |  31 kB     00:00    
(10/14): iproute-tc-5.9.0-4.el8.x86_64.rpm      661 kB/s | 459 kB     00:00    
(11/14): lm_sensors-libs-3.4.0-22.20180522git70 260 kB/s |  59 kB     00:00    
(12/14): openstack-neutron-17.2.0-1.el8.noarch. 115 kB/s |  26 kB     00:00    
(13/14): openstack-neutron-ml2-17.2.0-1.el8.noa  55 kB/s |  15 kB     00:00    
(14/14): dibbler-client-1.0.1-10.el8.x86_64.rpm 583 kB/s | 438 kB     00:00    
--------------------------------------------------------------------------------
Total                                           975 kB/s | 4.1 MB     00:04     
Running transaction check
Transaction check succeeded.
Running transaction test
Transaction test succeeded.
Running transaction
  Preparing        :                                                        1/1 
  Installing       : dibbler-client-1.0.1-10.el8.x86_64                    1/14 
  Installing       : lm_sensors-libs-3.4.0-22.20180522git70f7e08.el8.x8    2/14 
  Running scriptlet: lm_sensors-libs-3.4.0-22.20180522git70f7e08.el8.x8    2/14 
  Installing       : net-snmp-agent-libs-1:5.8-20.el8.x86_64               3/14 
  Installing       : keepalived-2.1.5-6.el8.x86_64                         4/14 
  Running scriptlet: keepalived-2.1.5-6.el8.x86_64                         4/14 
  Installing       : libnetfilter_queue-1.0.4-3.el8.x86_64                 5/14 
  Running scriptlet: libnetfilter_queue-1.0.4-3.el8.x86_64                 5/14 
  Installing       : libnetfilter_cttimeout-1.0.0-11.el8.x86_64            6/14 
  Running scriptlet: libnetfilter_cttimeout-1.0.0-11.el8.x86_64            6/14 
  Installing       : libnetfilter_cthelper-1.0.0-15.el8.x86_64             7/14 
  Running scriptlet: libnetfilter_cthelper-1.0.0-15.el8.x86_64             7/14 
  Installing       : conntrack-tools-1.4.4-10.el8.x86_64                   8/14 
  Running scriptlet: conntrack-tools-1.4.4-10.el8.x86_64                   8/14 
  Installing       : iproute-tc-5.9.0-4.el8.x86_64                         9/14 
  Running scriptlet: radvd-2.17-15.el8.x86_64                             10/14 
  Installing       : radvd-2.17-15.el8.x86_64                             10/14 
  Running scriptlet: radvd-2.17-15.el8.x86_64                             10/14 
  Running scriptlet: haproxy-1.8.27-2.el8.x86_64                          11/14 
  Installing       : haproxy-1.8.27-2.el8.x86_64                          11/14 
  Running scriptlet: haproxy-1.8.27-2.el8.x86_64                          11/14 
  Installing       : dnsmasq-utils-2.79-15.el8.x86_64                     12/14 
  Installing       : openstack-neutron-1:17.2.0-1.el8.noarch              13/14 
  Running scriptlet: openstack-neutron-1:17.2.0-1.el8.noarch              13/14 
  Installing       : openstack-neutron-ml2-1:17.2.0-1.el8.noarch          14/14 
  Running scriptlet: openstack-neutron-ml2-1:17.2.0-1.el8.noarch          14/14 
[/usr/lib/tmpfiles.d/openstack-swift.conf:2] Line references path below legacy directory /var/run/, updating /var/run/swift → /run/swift; please update the tmpfiles.d/ drop-in file accordingly.
[/usr/lib/tmpfiles.d/openstack-swift.conf:3] Line references path below legacy directory /var/run/, updating /var/run/swift/account-server → /run/swift/account-server; please update the tmpfiles.d/ drop-in file accordingly.
[/usr/lib/tmpfiles.d/openstack-swift.conf:4] Line references path below legacy directory /var/run/, updating /var/run/swift/container-server → /run/swift/container-server; please update the tmpfiles.d/ drop-in file accordingly.
[/usr/lib/tmpfiles.d/openstack-swift.conf:5] Line references path below legacy directory /var/run/, updating /var/run/swift/object-server → /run/swift/object-server; please update the tmpfiles.d/ drop-in file accordingly.
[/usr/lib/tmpfiles.d/openstack-swift.conf:6] Line references path below legacy directory /var/run/, updating /var/run/swift/proxy-server → /run/swift/proxy-server; please update the tmpfiles.d/ drop-in file accordingly.
[/usr/lib/tmpfiles.d/rabbitmq-server.conf:1] Line references path below legacy directory /var/run/, updating /var/run/rabbitmq → /run/rabbitmq; please update the tmpfiles.d/ drop-in file accordingly.

  Verifying        : dnsmasq-utils-2.79-15.el8.x86_64                      1/14 
  Verifying        : haproxy-1.8.27-2.el8.x86_64                           2/14 
  Verifying        : keepalived-2.1.5-6.el8.x86_64                         3/14 
  Verifying        : net-snmp-agent-libs-1:5.8-20.el8.x86_64               4/14 
  Verifying        : radvd-2.17-15.el8.x86_64                              5/14 
  Verifying        : conntrack-tools-1.4.4-10.el8.x86_64                   6/14 
  Verifying        : iproute-tc-5.9.0-4.el8.x86_64                         7/14 
  Verifying        : libnetfilter_cthelper-1.0.0-15.el8.x86_64             8/14 
  Verifying        : libnetfilter_cttimeout-1.0.0-11.el8.x86_64            9/14 
  Verifying        : libnetfilter_queue-1.0.4-3.el8.x86_64                10/14 
  Verifying        : lm_sensors-libs-3.4.0-22.20180522git70f7e08.el8.x8   11/14 
  Verifying        : dibbler-client-1.0.1-10.el8.x86_64                   12/14 
  Verifying        : openstack-neutron-1:17.2.0-1.el8.noarch              13/14 
  Verifying        : openstack-neutron-ml2-1:17.2.0-1.el8.noarch          14/14 
Installed products updated.

Installed:
  conntrack-tools-1.4.4-10.el8.x86_64                                           
  dibbler-client-1.0.1-10.el8.x86_64                                            
  dnsmasq-utils-2.79-15.el8.x86_64                                              
  haproxy-1.8.27-2.el8.x86_64                                                   
  iproute-tc-5.9.0-4.el8.x86_64                                                 
  keepalived-2.1.5-6.el8.x86_64                                                 
  libnetfilter_cthelper-1.0.0-15.el8.x86_64                                     
  libnetfilter_cttimeout-1.0.0-11.el8.x86_64                                    
  libnetfilter_queue-1.0.4-3.el8.x86_64                                         
  lm_sensors-libs-3.4.0-22.20180522git70f7e08.el8.x86_64                        
  net-snmp-agent-libs-1:5.8-20.el8.x86_64                                       
  openstack-neutron-1:17.2.0-1.el8.noarch                                       
  openstack-neutron-ml2-1:17.2.0-1.el8.noarch                                   
  radvd-2.17-15.el8.x86_64                                                      

Complete!
Configuring the metadata agent.
'/etc/neutron/metadata_agent.ini' -> '/tmp/134_etc_neutron_metadata_agent.ini.iniset'
iniset /tmp/134_etc_neutron_metadata_agent.ini.iniset DEFAULT nova_metadata_host controller
'/etc/neutron/metadata_agent.ini' -> '/tmp/135_etc_neutron_metadata_agent.ini.iniset'
iniset /tmp/135_etc_neutron_metadata_agent.ini.iniset DEFAULT metadata_proxy_shared_secret stack_training
Configuring Compute to use Networking.
'/etc/nova/nova.conf' -> '/tmp/136_etc_nova_nova.conf.iniset'
iniset /tmp/136_etc_nova_nova.conf.iniset neutron auth_url http://controller:5000
'/etc/nova/nova.conf' -> '/tmp/137_etc_nova_nova.conf.iniset'
iniset /tmp/137_etc_nova_nova.conf.iniset neutron auth_type password
'/etc/nova/nova.conf' -> '/tmp/138_etc_nova_nova.conf.iniset'
iniset /tmp/138_etc_nova_nova.conf.iniset neutron project_domain_name default
'/etc/nova/nova.conf' -> '/tmp/139_etc_nova_nova.conf.iniset'
iniset /tmp/139_etc_nova_nova.conf.iniset neutron user_domain_name default
'/etc/nova/nova.conf' -> '/tmp/140_etc_nova_nova.conf.iniset'
iniset /tmp/140_etc_nova_nova.conf.iniset neutron region_name RegionOne
'/etc/nova/nova.conf' -> '/tmp/141_etc_nova_nova.conf.iniset'
iniset /tmp/141_etc_nova_nova.conf.iniset neutron project_name service
'/etc/nova/nova.conf' -> '/tmp/142_etc_nova_nova.conf.iniset'
iniset /tmp/142_etc_nova_nova.conf.iniset neutron username neutron
'/etc/nova/nova.conf' -> '/tmp/143_etc_nova_nova.conf.iniset'
iniset /tmp/143_etc_nova_nova.conf.iniset neutron password neutronPass
'/etc/nova/nova.conf' -> '/tmp/144_etc_nova_nova.conf.iniset'
iniset /tmp/144_etc_nova_nova.conf.iniset neutron service_metadata_proxy true
'/etc/nova/nova.conf' -> '/tmp/145_etc_nova_nova.conf.iniset'
iniset /tmp/145_etc_nova_nova.conf.iniset neutron metadata_proxy_shared_secret stack_training
Creating Link in /etc/neutron/ for ml2_conf.ini as plugin.ini. 
Configuring neutron for controller node.
Setting database connection: mysql+pymysql://neutron:neutronDBPass@controller/neutron.
'/etc/neutron/neutron.conf' -> '/tmp/146_etc_neutron_neutron.conf.iniset'
iniset /tmp/146_etc_neutron_neutron.conf.iniset database connection mysql+pymysql://neutron:neutronDBPass@controller/neutron
'/etc/neutron/neutron.conf' -> '/tmp/147_etc_neutron_neutron.conf.iniset'
iniset /tmp/147_etc_neutron_neutron.conf.iniset DEFAULT core_plugin ml2
'/etc/neutron/neutron.conf' -> '/tmp/148_etc_neutron_neutron.conf.iniset'
iniset /tmp/148_etc_neutron_neutron.conf.iniset DEFAULT service_plugins router
'/etc/neutron/neutron.conf' -> '/tmp/149_etc_neutron_neutron.conf.iniset'
iniset /tmp/149_etc_neutron_neutron.conf.iniset DEFAULT allow_overlapping_ips true
Configuring RabbitMQ message queue access.
'/etc/neutron/neutron.conf' -> '/tmp/150_etc_neutron_neutron.conf.iniset'
iniset /tmp/150_etc_neutron_neutron.conf.iniset DEFAULT transport_url rabbit://openstack:rabbitPass@controller
'/etc/neutron/neutron.conf' -> '/tmp/151_etc_neutron_neutron.conf.iniset'
iniset /tmp/151_etc_neutron_neutron.conf.iniset DEFAULT auth_strategy keystone
'/etc/neutron/neutron.conf' -> '/tmp/152_etc_neutron_neutron.conf.iniset'
iniset /tmp/152_etc_neutron_neutron.conf.iniset keystone_authtoken www_authenticate_uri http://controller:5000
'/etc/neutron/neutron.conf' -> '/tmp/153_etc_neutron_neutron.conf.iniset'
iniset /tmp/153_etc_neutron_neutron.conf.iniset keystone_authtoken auth_url http://controller:5000
'/etc/neutron/neutron.conf' -> '/tmp/154_etc_neutron_neutron.conf.iniset'
iniset /tmp/154_etc_neutron_neutron.conf.iniset keystone_authtoken memcached_servers controller:11211
'/etc/neutron/neutron.conf' -> '/tmp/155_etc_neutron_neutron.conf.iniset'
iniset /tmp/155_etc_neutron_neutron.conf.iniset keystone_authtoken auth_type password
'/etc/neutron/neutron.conf' -> '/tmp/156_etc_neutron_neutron.conf.iniset'
iniset /tmp/156_etc_neutron_neutron.conf.iniset keystone_authtoken project_domain_name default
'/etc/neutron/neutron.conf' -> '/tmp/157_etc_neutron_neutron.conf.iniset'
iniset /tmp/157_etc_neutron_neutron.conf.iniset keystone_authtoken user_domain_name default
'/etc/neutron/neutron.conf' -> '/tmp/158_etc_neutron_neutron.conf.iniset'
iniset /tmp/158_etc_neutron_neutron.conf.iniset keystone_authtoken project_name service
'/etc/neutron/neutron.conf' -> '/tmp/159_etc_neutron_neutron.conf.iniset'
iniset /tmp/159_etc_neutron_neutron.conf.iniset keystone_authtoken username neutron
'/etc/neutron/neutron.conf' -> '/tmp/160_etc_neutron_neutron.conf.iniset'
iniset /tmp/160_etc_neutron_neutron.conf.iniset keystone_authtoken password neutronPass
'/etc/neutron/neutron.conf' -> '/tmp/161_etc_neutron_neutron.conf.iniset'
iniset /tmp/161_etc_neutron_neutron.conf.iniset DEFAULT notify_nova_on_port_status_changes true
'/etc/neutron/neutron.conf' -> '/tmp/162_etc_neutron_neutron.conf.iniset'
iniset /tmp/162_etc_neutron_neutron.conf.iniset DEFAULT notify_nova_on_port_data_changes true
'/etc/neutron/neutron.conf' -> '/tmp/163_etc_neutron_neutron.conf.iniset'
iniset /tmp/163_etc_neutron_neutron.conf.iniset nova auth_url http://controller:5000
'/etc/neutron/neutron.conf' -> '/tmp/164_etc_neutron_neutron.conf.iniset'
iniset /tmp/164_etc_neutron_neutron.conf.iniset nova auth_type password
'/etc/neutron/neutron.conf' -> '/tmp/165_etc_neutron_neutron.conf.iniset'
iniset /tmp/165_etc_neutron_neutron.conf.iniset nova project_domain_name default
'/etc/neutron/neutron.conf' -> '/tmp/166_etc_neutron_neutron.conf.iniset'
iniset /tmp/166_etc_neutron_neutron.conf.iniset nova user_domain_name default
'/etc/neutron/neutron.conf' -> '/tmp/167_etc_neutron_neutron.conf.iniset'
iniset /tmp/167_etc_neutron_neutron.conf.iniset nova region_name RegionOne
'/etc/neutron/neutron.conf' -> '/tmp/168_etc_neutron_neutron.conf.iniset'
iniset /tmp/168_etc_neutron_neutron.conf.iniset nova project_name service
'/etc/neutron/neutron.conf' -> '/tmp/169_etc_neutron_neutron.conf.iniset'
iniset /tmp/169_etc_neutron_neutron.conf.iniset nova username nova
'/etc/neutron/neutron.conf' -> '/tmp/170_etc_neutron_neutron.conf.iniset'
iniset /tmp/170_etc_neutron_neutron.conf.iniset nova password novaPass
'/etc/neutron/neutron.conf' -> '/tmp/171_etc_neutron_neutron.conf.iniset'
iniset /tmp/171_etc_neutron_neutron.conf.iniset oslo_concurrency lock_path /var/lib/neutron/tmp
Configuring the Modular Layer 2 (ML2) plug-in.
'/etc/neutron/plugins/ml2/ml2_conf.ini' -> '/tmp/172_etc_neutron_plugins_ml2_ml2_conf.ini.iniset'
iniset /tmp/172_etc_neutron_plugins_ml2_ml2_conf.ini.iniset ml2 type_drivers flat,vlan,vxlan
'/etc/neutron/plugins/ml2/ml2_conf.ini' -> '/tmp/173_etc_neutron_plugins_ml2_ml2_conf.ini.iniset'
iniset /tmp/173_etc_neutron_plugins_ml2_ml2_conf.ini.iniset ml2 tenant_network_types vxlan
'/etc/neutron/plugins/ml2/ml2_conf.ini' -> '/tmp/174_etc_neutron_plugins_ml2_ml2_conf.ini.iniset'
iniset /tmp/174_etc_neutron_plugins_ml2_ml2_conf.ini.iniset ml2 mechanism_drivers linuxbridge,l2population
'/etc/neutron/plugins/ml2/ml2_conf.ini' -> '/tmp/175_etc_neutron_plugins_ml2_ml2_conf.ini.iniset'
iniset /tmp/175_etc_neutron_plugins_ml2_ml2_conf.ini.iniset ml2 extension_drivers port_security
'/etc/neutron/plugins/ml2/ml2_conf.ini' -> '/tmp/176_etc_neutron_plugins_ml2_ml2_conf.ini.iniset'
iniset /tmp/176_etc_neutron_plugins_ml2_ml2_conf.ini.iniset ml2_type_flat flat_networks provider
'/etc/neutron/plugins/ml2/ml2_conf.ini' -> '/tmp/177_etc_neutron_plugins_ml2_ml2_conf.ini.iniset'
iniset /tmp/177_etc_neutron_plugins_ml2_ml2_conf.ini.iniset ml2_type_vxlan vni_ranges 1:1000
'/etc/neutron/plugins/ml2/ml2_conf.ini' -> '/tmp/178_etc_neutron_plugins_ml2_ml2_conf.ini.iniset'
iniset /tmp/178_etc_neutron_plugins_ml2_ml2_conf.ini.iniset securitygroup enable_ipset true
Configuring the layer-3 agent.
'/etc/neutron/l3_agent.ini' -> '/tmp/179_etc_neutron_l3_agent.ini.iniset'
iniset /tmp/179_etc_neutron_l3_agent.ini.iniset DEFAULT interface_driver linuxbridge
Configuring the DHCP agent.
'/etc/neutron/dhcp_agent.ini' -> '/tmp/180_etc_neutron_dhcp_agent.ini.iniset'
iniset /tmp/180_etc_neutron_dhcp_agent.ini.iniset DEFAULT interface_driver linuxbridge
'/etc/neutron/dhcp_agent.ini' -> '/tmp/181_etc_neutron_dhcp_agent.ini.iniset'
iniset /tmp/181_etc_neutron_dhcp_agent.ini.iniset DEFAULT dhcp_driver neutron.agent.linux.dhcp.Dnsmasq
'/etc/neutron/dhcp_agent.ini' -> '/tmp/182_etc_neutron_dhcp_agent.ini.iniset'
iniset /tmp/182_etc_neutron_dhcp_agent.ini.iniset DEFAULT enable_isolated_metadata true
Populating the database.
INFO  [alembic.runtime.migration] Context impl MySQLImpl.
INFO  [alembic.runtime.migration] Will assume non-transactional DDL.
INFO  [alembic.runtime.migration] Context impl MySQLImpl.
INFO  [alembic.runtime.migration] Will assume non-transactional DDL.
INFO  [alembic.runtime.migration] Running upgrade  -> kilo
INFO  [alembic.runtime.migration] Running upgrade kilo -> 354db87e3225
INFO  [alembic.runtime.migration] Running upgrade 354db87e3225 -> 599c6a226151
INFO  [alembic.runtime.migration] Running upgrade 599c6a226151 -> 52c5312f6baf
INFO  [alembic.runtime.migration] Running upgrade 52c5312f6baf -> 313373c0ffee
INFO  [alembic.runtime.migration] Running upgrade 313373c0ffee -> 8675309a5c4f
INFO  [alembic.runtime.migration] Running upgrade 8675309a5c4f -> 45f955889773
INFO  [alembic.runtime.migration] Running upgrade 45f955889773 -> 26c371498592
INFO  [alembic.runtime.migration] Running upgrade 26c371498592 -> 1c844d1677f7
INFO  [alembic.runtime.migration] Running upgrade 1c844d1677f7 -> 1b4c6e320f79
INFO  [alembic.runtime.migration] Running upgrade 1b4c6e320f79 -> 48153cb5f051
INFO  [alembic.runtime.migration] Running upgrade 48153cb5f051 -> 9859ac9c136
INFO  [alembic.runtime.migration] Running upgrade 9859ac9c136 -> 34af2b5c5a59
INFO  [alembic.runtime.migration] Running upgrade 34af2b5c5a59 -> 59cb5b6cf4d
INFO  [alembic.runtime.migration] Running upgrade 59cb5b6cf4d -> 13cfb89f881a
INFO  [alembic.runtime.migration] Running upgrade 13cfb89f881a -> 32e5974ada25
INFO  [alembic.runtime.migration] Running upgrade 32e5974ada25 -> ec7fcfbf72ee
INFO  [alembic.runtime.migration] Running upgrade ec7fcfbf72ee -> dce3ec7a25c9
INFO  [alembic.runtime.migration] Running upgrade dce3ec7a25c9 -> c3a73f615e4
INFO  [alembic.runtime.migration] Running upgrade c3a73f615e4 -> 659bf3d90664
INFO  [alembic.runtime.migration] Running upgrade 659bf3d90664 -> 1df244e556f5
INFO  [alembic.runtime.migration] Running upgrade 1df244e556f5 -> 19f26505c74f
INFO  [alembic.runtime.migration] Running upgrade 19f26505c74f -> 15be73214821
INFO  [alembic.runtime.migration] Running upgrade 15be73214821 -> b4caf27aae4
INFO  [alembic.runtime.migration] Running upgrade b4caf27aae4 -> 15e43b934f81
INFO  [alembic.runtime.migration] Running upgrade 15e43b934f81 -> 31ed664953e6
INFO  [alembic.runtime.migration] Running upgrade 31ed664953e6 -> 2f9e956e7532
INFO  [alembic.runtime.migration] Running upgrade 2f9e956e7532 -> 3894bccad37f
INFO  [alembic.runtime.migration] Running upgrade 3894bccad37f -> 0e66c5227a8a
INFO  [alembic.runtime.migration] Running upgrade kilo -> 30018084ec99
INFO  [alembic.runtime.migration] Running upgrade 30018084ec99 -> 4ffceebfada
INFO  [alembic.runtime.migration] Running upgrade 4ffceebfada -> 5498d17be016
INFO  [alembic.runtime.migration] Running upgrade 5498d17be016 -> 2a16083502f3
INFO  [alembic.runtime.migration] Running upgrade 2a16083502f3 -> 2e5352a0ad4d
INFO  [alembic.runtime.migration] Running upgrade 2e5352a0ad4d -> 11926bcfe72d
INFO  [alembic.runtime.migration] Running upgrade 11926bcfe72d -> 4af11ca47297
INFO  [alembic.runtime.migration] Running upgrade 4af11ca47297 -> 1b294093239c
INFO  [alembic.runtime.migration] Running upgrade 1b294093239c -> 8a6d8bdae39
INFO  [alembic.runtime.migration] Running upgrade 8a6d8bdae39 -> 2b4c2465d44b
INFO  [alembic.runtime.migration] Running upgrade 2b4c2465d44b -> e3278ee65050
INFO  [alembic.runtime.migration] Running upgrade e3278ee65050 -> c6c112992c9
INFO  [alembic.runtime.migration] Running upgrade c6c112992c9 -> 5ffceebfada
INFO  [alembic.runtime.migration] Running upgrade 5ffceebfada -> 4ffceebfcdc
INFO  [alembic.runtime.migration] Running upgrade 4ffceebfcdc -> 7bbb25278f53
INFO  [alembic.runtime.migration] Running upgrade 7bbb25278f53 -> 89ab9a816d70
INFO  [alembic.runtime.migration] Running upgrade 0e66c5227a8a -> 45f8dd33480b
INFO  [alembic.runtime.migration] Running upgrade 45f8dd33480b -> 5abc0278ca73
INFO  [alembic.runtime.migration] Running upgrade 5abc0278ca73 -> d3435b514502
INFO  [alembic.runtime.migration] Running upgrade d3435b514502 -> 30107ab6a3ee
INFO  [alembic.runtime.migration] Running upgrade 30107ab6a3ee -> c415aab1c048
INFO  [alembic.runtime.migration] Running upgrade c415aab1c048 -> a963b38d82f4
INFO  [alembic.runtime.migration] Running upgrade 89ab9a816d70 -> c879c5e1ee90
INFO  [alembic.runtime.migration] Running upgrade c879c5e1ee90 -> 8fd3918ef6f4
INFO  [alembic.runtime.migration] Running upgrade 8fd3918ef6f4 -> 4bcd4df1f426
INFO  [alembic.runtime.migration] Running upgrade 4bcd4df1f426 -> b67e765a3524
INFO  [alembic.runtime.migration] Running upgrade b67e765a3524 -> a84ccf28f06a
INFO  [alembic.runtime.migration] Running upgrade a84ccf28f06a -> 7d9d8eeec6ad
INFO  [alembic.runtime.migration] Running upgrade a963b38d82f4 -> 3d0e74aa7d37
INFO  [alembic.runtime.migration] Running upgrade 3d0e74aa7d37 -> 030a959ceafa
INFO  [alembic.runtime.migration] Running upgrade 030a959ceafa -> a5648cfeeadf
INFO  [alembic.runtime.migration] Running upgrade a5648cfeeadf -> 0f5bef0f87d4
INFO  [alembic.runtime.migration] Running upgrade 0f5bef0f87d4 -> 67daae611b6e
INFO  [alembic.runtime.migration] Running upgrade 67daae611b6e -> 6b461a21bcfc
INFO  [alembic.runtime.migration] Running upgrade 6b461a21bcfc -> 5cd92597d11d
INFO  [alembic.runtime.migration] Running upgrade 5cd92597d11d -> 929c968efe70
INFO  [alembic.runtime.migration] Running upgrade 929c968efe70 -> a9c43481023c
INFO  [alembic.runtime.migration] Running upgrade a9c43481023c -> 804a3c76314c
INFO  [alembic.runtime.migration] Running upgrade 804a3c76314c -> 2b42d90729da
INFO  [alembic.runtime.migration] Running upgrade 2b42d90729da -> 62c781cb6192
INFO  [alembic.runtime.migration] Running upgrade 62c781cb6192 -> c8c222d42aa9
INFO  [alembic.runtime.migration] Running upgrade c8c222d42aa9 -> 349b6fd605a6
INFO  [alembic.runtime.migration] Running upgrade 349b6fd605a6 -> 7d32f979895f
INFO  [alembic.runtime.migration] Running upgrade 7d32f979895f -> 594422d373ee
INFO  [alembic.runtime.migration] Running upgrade 594422d373ee -> 61663558142c
INFO  [alembic.runtime.migration] Running upgrade 61663558142c -> 867d39095bf4, port forwarding
INFO  [alembic.runtime.migration] Running upgrade 867d39095bf4 -> d72db3e25539, modify uniq port forwarding
INFO  [alembic.runtime.migration] Running upgrade d72db3e25539 -> cada2437bf41
INFO  [alembic.runtime.migration] Running upgrade cada2437bf41 -> 195176fb410d, router gateway IP QoS
INFO  [alembic.runtime.migration] Running upgrade 195176fb410d -> fb0167bd9639
INFO  [alembic.runtime.migration] Running upgrade fb0167bd9639 -> 0ff9e3881597
INFO  [alembic.runtime.migration] Running upgrade 0ff9e3881597 -> 9bfad3f1e780
INFO  [alembic.runtime.migration] Running upgrade 9bfad3f1e780 -> 63fd95af7dcd
INFO  [alembic.runtime.migration] Running upgrade 63fd95af7dcd -> c613d0b82681
INFO  [alembic.runtime.migration] Running upgrade c613d0b82681 -> c3e9d13c4367
INFO  [alembic.runtime.migration] Running upgrade c3e9d13c4367 -> 86274d77933e
INFO  [alembic.runtime.migration] Running upgrade 86274d77933e -> f4b9654dd40c
INFO  [alembic.runtime.migration] Running upgrade f4b9654dd40c -> a010322604bc
INFO  [alembic.runtime.migration] Running upgrade a010322604bc -> 263d454a9655
INFO  [alembic.runtime.migration] Running upgrade 263d454a9655 -> Ibac91d24da2
INFO  [alembic.runtime.migration] Running upgrade Ibac91d24da2 -> 2217c4222de6
INFO  [alembic.runtime.migration] Running upgrade 2217c4222de6 -> 18a7e90ae768
INFO  [alembic.runtime.migration] Running upgrade 18a7e90ae768 -> e4e236b0e1ff
INFO  [alembic.runtime.migration] Running upgrade e4e236b0e1ff -> e88badaa9591
INFO  [alembic.runtime.migration] Running upgrade e88badaa9591 -> d8bdf05313f4
INFO  [alembic.runtime.migration] Running upgrade d8bdf05313f4 -> dfe425060830
INFO  [alembic.runtime.migration] Running upgrade dfe425060830 -> fd6107509ccd
INFO  [alembic.runtime.migration] Running upgrade fd6107509ccd -> 1ea5dab0897a
INFO  [alembic.runtime.migration] Running upgrade 1ea5dab0897a -> 49d8622c5221
INFO  [alembic.runtime.migration] Running upgrade 49d8622c5221 -> I38991de2b4
INFO  [alembic.runtime.migration] Running upgrade 7d9d8eeec6ad -> a8b517cff8ab
INFO  [alembic.runtime.migration] Running upgrade a8b517cff8ab -> 3b935b28e7a0
INFO  [alembic.runtime.migration] Running upgrade 3b935b28e7a0 -> b12a3ef66e62
INFO  [alembic.runtime.migration] Running upgrade b12a3ef66e62 -> 97c25b0d2353
INFO  [alembic.runtime.migration] Running upgrade 97c25b0d2353 -> 2e0d7a8a1586
INFO  [alembic.runtime.migration] Running upgrade 2e0d7a8a1586 -> 5c85685d616d
  Running upgrade for neutron ...
  OK
Warning: ALREADY_ENABLED: 9696:tcp
success
success

module linuxbridgectl 1.0;

require {
        type neutron_t;
        type neutron_exec_t;
        type neutron_t;
        type dnsmasq_t;
        class file execute_no_trans;
        class capability { dac_override sys_rawio };
}

#============= neutron_t ==============
allow neutron_t self:capability { dac_override sys_rawio };
allow neutron_t neutron_exec_t:file execute_no_trans;

#============= dnsmasq_t ==============
allow dnsmasq_t self:capability dac_override;

Restarting nova services.
Restarting neutron-server.
Created symlink /etc/systemd/system/multi-user.target.wants/neutron-server.service → /usr/lib/systemd/system/neutron-server.service.
Restarting neutron-dhcp-agent.
Created symlink /etc/systemd/system/multi-user.target.wants/neutron-dhcp-agent.service → /usr/lib/systemd/system/neutron-dhcp-agent.service.
Restarting neutron-metadata-agent.
Created symlink /etc/systemd/system/multi-user.target.wants/neutron-metadata-agent.service → /usr/lib/systemd/system/neutron-metadata-agent.service.
neutron-l3-agent is /usr/bin/neutron-l3-agent
Restarting neutron-l3-agent.
Created symlink /etc/systemd/system/multi-user.target.wants/neutron-l3-agent.service → /usr/lib/systemd/system/neutron-l3-agent.service.
Verifying operation.
+--------------------------------------+--------------------+------------+-------------------+-------+-------+---------------------------+
| ID                                   | Agent Type         | Host       | Availability Zone | Alive | State | Binary                    |
+--------------------------------------+--------------------+------------+-------------------+-------+-------+---------------------------+
| 08122437-b987-4364-a114-24ee95952b0f | Linux bridge agent | compute    | None              | :-)   | UP    | neutron-linuxbridge-agent |
| 20867535-553b-4621-b8da-00a5ad0852ba | DHCP agent         | controller | nova              | :-)   | UP    | neutron-dhcp-agent        |
| 54b39e30-2f76-4801-a894-3dce04f10df7 | L3 agent           | controller | nova              | :-)   | UP    | neutron-l3-agent          |
| ea70bf1a-cdbc-42bb-ba62-c4ba793aedec | Metadata agent     | controller | None              | :-)   | UP    | neutron-metadata-agent    |
+--------------------------------------+--------------------+------------+-------------------+-------+-------+---------------------------+
