SUM --- BEGIN
neutron CLI is deprecated and will be removed in the future. Use openstack CLI instead.
Running on host: controller
Checking network connection to compute node.
PING compute (10.0.0.31) 56(84) bytes of data.
64 bytes from compute (10.0.0.31): icmp_seq=1 ttl=64 time=1.14 ms

--- compute ping statistics ---
1 packets transmitted, 1 received, 0% packet loss, time 0ms
rtt min/avg/max/mdev = 1.143/1.143/1.143/0.000 ms

Checking services on controller node.
Node controller, service neutron-l3-agent: up
Node controller, service neutron-dhcp-agent: up
Node controller, service neutron-metadata-agent: up

Checking services on compute node.
Node compute, service openstack-nova-compute: up

Checking for nova services in openstack compute service list.
  nova-scheduler
  nova-conductor
  openstack-nova-compute  Waiting for openstack-nova-compute service in state 'up'.
  Service is up, waiting (may take a few minutes).


SUM wait for nova services: 60
All services are ready:
+----+----------------+------------+----------+---------+-------+----------------------------+
| ID | Binary         | Host       | Zone     | Status  | State | Updated At                 |
+----+----------------+------------+----------+---------+-------+----------------------------+
|  4 | nova-scheduler | controller | internal | enabled | up    | 2021-09-05T13:14:58.000000 |
|  6 | nova-conductor | controller | internal | enabled | up    | 2021-09-05T13:14:57.000000 |
|  9 | nova-compute   | compute    | nova     | enabled | up    | 2021-09-05T13:14:57.000000 |
+----+----------------+------------+----------+---------+-------+----------------------------+

Waiting for agents in openstack network agent list.
| 08122437-b987-4364-a114-24ee95952b0f | Linux bridge agent | compute    | None              | :-)   | UP    | neutron-linuxbridge-agent |
| 20867535-553b-4621-b8da-00a5ad0852ba | DHCP agent         | controller | nova              | :-)   | UP    | neutron-dhcp-agent        |
| 54b39e30-2f76-4801-a894-3dce04f10df7 | L3 agent           | controller | nova              | :-)   | UP    | neutron-l3-agent          |
| ea70bf1a-cdbc-42bb-ba62-c4ba793aedec | Metadata agent     | controller | None              | :-)   | UP    | neutron-metadata-agent    |

All agents are ready.
+--------------------------------------+--------------------+------------+-------------------+-------+-------+---------------------------+
| ID                                   | Agent Type         | Host       | Availability Zone | Alive | State | Binary                    |
+--------------------------------------+--------------------+------------+-------------------+-------+-------+---------------------------+
| 08122437-b987-4364-a114-24ee95952b0f | Linux bridge agent | compute    | None              | :-)   | UP    | neutron-linuxbridge-agent |
| 20867535-553b-4621-b8da-00a5ad0852ba | DHCP agent         | controller | nova              | :-)   | UP    | neutron-dhcp-agent        |
| 54b39e30-2f76-4801-a894-3dce04f10df7 | L3 agent           | controller | nova              | :-)   | UP    | neutron-l3-agent          |
| ea70bf1a-cdbc-42bb-ba62-c4ba793aedec | Metadata agent     | controller | None              | :-)   | UP    | neutron-metadata-agent    |
+--------------------------------------+--------------------+------------+-------------------+-------+-------+---------------------------+

SUM wait for neutron agents: 10

Check if m1.nano flavor is existing or else, create the flavor.
Current flavors:

Creating m1.nano flavor which is just big enough for CirrOS.
+----------------------------+---------+
| Field                      | Value   |
+----------------------------+---------+
| OS-FLV-DISABLED:disabled   | False   |
| OS-FLV-EXT-DATA:ephemeral  | 0       |
| disk                       | 1       |
| id                         | 0       |
| name                       | m1.nano |
| os-flavor-access:is_public | True    |
| properties                 |         |
| ram                        | 64      |
| rxtx_factor                | 1.0     |
| swap                       |         |
| vcpus                      | 1       |
+----------------------------+---------+

Checking if 'mykey' is already in our OpenStack environment: no.
Adding the public key to our OpenStack environment.
+-------------+-------------------------------------------------+
| Field       | Value                                           |
+-------------+-------------------------------------------------+
| fingerprint | c4:e6:43:f7:c3:32:de:d7:f4:43:0b:66:75:06:eb:8d |
| name        | mykey                                           |
| user_id     | edf4d3a415e843848ebfd82407f83c12                |
+-------------+-------------------------------------------------+
Verifying addition of the public key.
+-------+-------------------------------------------------+
| Name  | Fingerprint                                     |
+-------+-------------------------------------------------+
| mykey | c4:e6:43:f7:c3:32:de:d7:f4:43:0b:66:75:06:eb:8d |
+-------+-------------------------------------------------+

Permitting ICMP (ping) to our instances.
+-------------------+--------------------------------------+
| Field             | Value                                |
+-------------------+--------------------------------------+
| created_at        | 2021-09-05T13:15:29Z                 |
| description       |                                      |
| direction         | ingress                              |
| ether_type        | IPv4                                 |
| id                | 9e610977-427c-4860-8da3-c3064ed2f979 |
| name              | None                                 |
| port_range_max    | None                                 |
| port_range_min    | None                                 |
| project_id        | 1113bab9f43644828f8a11a2b4e932bf     |
| protocol          | icmp                                 |
| remote_group_id   | None                                 |
| remote_ip_prefix  | 0.0.0.0/0                            |
| revision_number   | 0                                    |
| security_group_id | 1bfadc2e-9c7d-4db3-b50c-dd5ddc66eb23 |
| tags              | []                                   |
| updated_at        | 2021-09-05T13:15:29Z                 |
+-------------------+--------------------------------------+

Permitting secure shell (SSH) access to our instances.
+-------------------+--------------------------------------+
| Field             | Value                                |
+-------------------+--------------------------------------+
| created_at        | 2021-09-05T13:15:37Z                 |
| description       |                                      |
| direction         | ingress                              |
| ether_type        | IPv4                                 |
| id                | 9280c349-5db8-4b28-9cd8-095147f724e0 |
| name              | None                                 |
| port_range_max    | 22                                   |
| port_range_min    | 22                                   |
| project_id        | 1113bab9f43644828f8a11a2b4e932bf     |
| protocol          | tcp                                  |
| remote_group_id   | None                                 |
| remote_ip_prefix  | 0.0.0.0/0                            |
| revision_number   | 0                                    |
| security_group_id | 1bfadc2e-9c7d-4db3-b50c-dd5ddc66eb23 |
| tags              | []                                   |
| updated_at        | 2021-09-05T13:15:37Z                 |
+-------------------+--------------------------------------+

Verifying security group rules.
+--------------------------------------+---------+------------------------+----------------------------------+------+
| ID                                   | Name    | Description            | Project                          | Tags |
+--------------------------------------+---------+------------------------+----------------------------------+------+
| 1bfadc2e-9c7d-4db3-b50c-dd5ddc66eb23 | default | Default security group | 1113bab9f43644828f8a11a2b4e932bf | []   |
+--------------------------------------+---------+------------------------+----------------------------------+------+
+-----------------+------------------------------------------------------------------------------------------------------------------------------------------------------------------------------------------------------------------------------------------------+
| Field           | Value                                                                                                                                                                                                                                          |
+-----------------+------------------------------------------------------------------------------------------------------------------------------------------------------------------------------------------------------------------------------------------------+
| created_at      | 2021-09-05T13:15:28Z                                                                                                                                                                                                                           |
| description     | Default security group                                                                                                                                                                                                                         |
| id              | 1bfadc2e-9c7d-4db3-b50c-dd5ddc66eb23                                                                                                                                                                                                           |
| name            | default                                                                                                                                                                                                                                        |
| project_id      | 1113bab9f43644828f8a11a2b4e932bf                                                                                                                                                                                                               |
| revision_number | 3                                                                                                                                                                                                                                              |
| rules           | created_at='2021-09-05T13:15:29Z', direction='egress', ethertype='IPv4', id='332ba434-f3fe-48ca-a0e5-3b74398b63f0', updated_at='2021-09-05T13:15:29Z'                                                                                          |
|                 | created_at='2021-09-05T13:15:28Z', direction='ingress', ethertype='IPv4', id='86e5645e-a89b-4a95-b619-2a5a1835d1b9', remote_group_id='1bfadc2e-9c7d-4db3-b50c-dd5ddc66eb23', updated_at='2021-09-05T13:15:28Z'                                 |
|                 | created_at='2021-09-05T13:15:37Z', direction='ingress', ethertype='IPv4', id='9280c349-5db8-4b28-9cd8-095147f724e0', port_range_max='22', port_range_min='22', protocol='tcp', remote_ip_prefix='0.0.0.0/0', updated_at='2021-09-05T13:15:37Z' |
|                 | created_at='2021-09-05T13:15:29Z', direction='ingress', ethertype='IPv4', id='9e610977-427c-4860-8da3-c3064ed2f979', protocol='icmp', remote_ip_prefix='0.0.0.0/0', updated_at='2021-09-05T13:15:29Z'                                          |
|                 | created_at='2021-09-05T13:15:29Z', direction='ingress', ethertype='IPv6', id='abb88efc-cc0d-4c56-bd24-348333bbee00', remote_group_id='1bfadc2e-9c7d-4db3-b50c-dd5ddc66eb23', updated_at='2021-09-05T13:15:29Z'                                 |
|                 | created_at='2021-09-05T13:15:29Z', direction='egress', ethertype='IPv6', id='da23e1bb-c58c-4e3c-9d44-3a6dc7394713', updated_at='2021-09-05T13:15:29Z'                                                                                          |
| stateful        | True                                                                                                                                                                                                                                           |
| tags            | []                                                                                                                                                                                                                                             |
| updated_at      | 2021-09-05T13:15:37Z                                                                                                                                                                                                                           |
+-----------------+------------------------------------------------------------------------------------------------------------------------------------------------------------------------------------------------------------------------------------------------+
Listing available flavors.
+----+---------+-----+------+-----------+-------+-----------+
| ID | Name    | RAM | Disk | Ephemeral | VCPUs | Is Public |
+----+---------+-----+------+-----------+-------+-----------+
| 0  | m1.nano |  64 |    1 |         0 |     1 | True      |
+----+---------+-----+------+-----------+-------+-----------+
Listing available images.
+--------------------------------------+--------+--------+
| ID                                   | Name   | Status |
+--------------------------------------+--------+--------+
| 63a38f94-4bb8-4934-a69f-a7caf84af60d | cirros | active |
+--------------------------------------+--------+--------+
Waiting for neutron to come up.
Listing available networks.
+--------------------------------------+----------+--------------------------------------+
| ID                                   | Name     | Subnets                              |
+--------------------------------------+----------+--------------------------------------+
| fdc3402a-8a37-4419-abdd-7250c46c6dc2 | provider | b5069bd9-5081-4988-9a24-0572d1f6b296 |
+--------------------------------------+----------+--------------------------------------+
ID for demo-net tenant network: 
Listing available security groups.
+--------------------------------------+---------+------------------------+----------------------------------+------+
| ID                                   | Name    | Description            | Project                          | Tags |
+--------------------------------------+---------+------------------------+----------------------------------+------+
| 1bfadc2e-9c7d-4db3-b50c-dd5ddc66eb23 | default | Default security group | 1113bab9f43644828f8a11a2b4e932bf | []   |
+--------------------------------------+---------+------------------------+----------------------------------+------+
Settings for selfservice:
No Subnet found for selfservice
