Installing additional packages for self-service networks.
Last metadata expiration check: 7:47:11 ago on Sun 05 Sep 2021 01:29:35 AM EDT.
Package openstack-neutron-linuxbridge-1:17.2.0-1.el8.noarch is already installed.
Dependencies resolved.
Nothing to do.
Complete!
Configuring Linux Bridge agent.
Set IF_NAMES to lo enp0s3 enp0s8 enp0s9 tap3832dc86-8a@if2
ifnum_to_ifname: interface 2 is enp0s9
PUBLIC_INTERFACE_NAME=enp0s9
'/etc/neutron/plugins/ml2/linuxbridge_agent.ini' -> '/tmp/187_etc_neutron_plugins_ml2_linuxbridge_agent.ini.iniset'
iniset /tmp/187_etc_neutron_plugins_ml2_linuxbridge_agent.ini.iniset linux_bridge physical_interface_mappings provider:enp0s9
Success. Node controller in mgmt: 10.0.0.11.
'/etc/neutron/plugins/ml2/linuxbridge_agent.ini' -> '/tmp/188_etc_neutron_plugins_ml2_linuxbridge_agent.ini.iniset'
iniset /tmp/188_etc_neutron_plugins_ml2_linuxbridge_agent.ini.iniset vxlan enable_vxlan true
'/etc/neutron/plugins/ml2/linuxbridge_agent.ini' -> '/tmp/189_etc_neutron_plugins_ml2_linuxbridge_agent.ini.iniset'
iniset /tmp/189_etc_neutron_plugins_ml2_linuxbridge_agent.ini.iniset vxlan local_ip 10.0.0.11
'/etc/neutron/plugins/ml2/linuxbridge_agent.ini' -> '/tmp/190_etc_neutron_plugins_ml2_linuxbridge_agent.ini.iniset'
iniset /tmp/190_etc_neutron_plugins_ml2_linuxbridge_agent.ini.iniset vxlan l2_population true
'/etc/neutron/plugins/ml2/linuxbridge_agent.ini' -> '/tmp/191_etc_neutron_plugins_ml2_linuxbridge_agent.ini.iniset'
iniset /tmp/191_etc_neutron_plugins_ml2_linuxbridge_agent.ini.iniset securitygroup enable_security_group true
'/etc/neutron/plugins/ml2/linuxbridge_agent.ini' -> '/tmp/192_etc_neutron_plugins_ml2_linuxbridge_agent.ini.iniset'
iniset /tmp/192_etc_neutron_plugins_ml2_linuxbridge_agent.ini.iniset securitygroup firewall_driver neutron.agent.linux.iptables_firewall.IptablesFirewallDriver
'/etc/sysctl.d/99-sysctl.conf' -> '/tmp/193_etc_sysctl.d_99-sysctl.conf.iniset'
'/etc/sysctl.d/99-sysctl.conf' -> '/tmp/194_etc_sysctl.d_99-sysctl.conf.iniset'
Ensuring that the kernel supports network bridge filters.
net.bridge.bridge-nf-call-iptables = 1
Restarting nova services.
Restarting neutron-server.
Restarting neutron-dhcp-agent.
Restarting neutron-metadata-agent.
neutron-l3-agent is /usr/bin/neutron-l3-agent
Restarting neutron-l3-agent.
Restarting neutron-linuxbridge-agent.
Created symlink /etc/systemd/system/multi-user.target.wants/neutron-linuxbridge-agent.service → /usr/lib/systemd/system/neutron-linuxbridge-agent.service.
'/etc/sysctl.d/99-sysctl.conf' -> '/tmp/195_etc_sysctl.d_99-sysctl.conf.iniset'
iniset /tmp/195_etc_sysctl.d_99-sysctl.conf.iniset DEFAULT dnsmasq_config_file /etc/neutron/dnsmasq-neutron.conf
# Override --no-hosts dnsmasq option supplied by neutron
addn-hosts=/etc/hosts

# Log dnsmasq queries to syslog
log-queries

# Verbose logging for DHCP
log-dhcp
Executing of the script completed successfully

