Waiting for first DHCP namespace.
Waiting for first bridge to show up.
Waiting for neutron to come up.
Sourcing the demo credentials.
Creating the private network.
+---------------------------+--------------------------------------+
| Field                     | Value                                |
+---------------------------+--------------------------------------+
| admin_state_up            | UP                                   |
| availability_zone_hints   |                                      |
| availability_zones        |                                      |
| created_at                | 2021-09-05T13:31:33Z                 |
| description               |                                      |
| dns_domain                | None                                 |
| id                        | abc91e0e-710d-4108-9762-39660c5c5bf1 |
| ipv4_address_scope        | None                                 |
| ipv6_address_scope        | None                                 |
| is_default                | False                                |
| is_vlan_transparent       | None                                 |
| mtu                       | 1450                                 |
| name                      | selfservice                          |
| port_security_enabled     | True                                 |
| project_id                | 1113bab9f43644828f8a11a2b4e932bf     |
| provider:network_type     | None                                 |
| provider:physical_network | None                                 |
| provider:segmentation_id  | None                                 |
| qos_policy_id             | None                                 |
| revision_number           | 1                                    |
| router:external           | Internal                             |
| segments                  | None                                 |
| shared                    | False                                |
| status                    | ACTIVE                               |
| subnets                   |                                      |
| tags                      |                                      |
| updated_at                | 2021-09-05T13:31:33Z                 |
+---------------------------+--------------------------------------+
Creating a subnet on the private network.
+----------------------+--------------------------------------+
| Field                | Value                                |
+----------------------+--------------------------------------+
| allocation_pools     | 172.16.1.2-172.16.1.254              |
| cidr                 | 172.16.1.0/24                        |
| created_at           | 2021-09-05T13:31:36Z                 |
| description          |                                      |
| dns_nameservers      | 8.8.8.8                              |
| dns_publish_fixed_ip | None                                 |
| enable_dhcp          | True                                 |
| gateway_ip           | 172.16.1.1                           |
| host_routes          |                                      |
| id                   | 52fb8a99-906e-489e-b5cd-7fd06d00cd50 |
| ip_version           | 4                                    |
| ipv6_address_mode    | None                                 |
| ipv6_ra_mode         | None                                 |
| name                 | selfservice                          |
| network_id           | abc91e0e-710d-4108-9762-39660c5c5bf1 |
| prefix_length        | None                                 |
| project_id           | 1113bab9f43644828f8a11a2b4e932bf     |
| revision_number      | 0                                    |
| segment_id           | None                                 |
| service_types        |                                      |
| subnetpool_id        | None                                 |
| tags                 |                                      |
| updated_at           | 2021-09-05T13:31:36Z                 |
+----------------------+--------------------------------------+
Waiting for second DHCP namespace..
Waiting for second bridge..
Bridges are:
NAME            UUID                                  TYPE      DEVICE         
System enp0s3   3c36b8c2-334b-57c7-91b6-4401f3489c69  ethernet  enp0s3         
System enp0s8   00cb8299-feb9-55b6-a378-3fdc720e0bc6  ethernet  enp0s8         
brqfdc3402a-8a  30c0e7d0-8bff-4e39-87e0-4c2cc2dc7cc5  bridge    brqfdc3402a-8a 
System enp0s9   93d13955-e9e2-a6bd-df73-12e3c747f122  ethernet  enp0s9         
brqabc91e0e-71  ee10970b-83e7-4a6b-a9ad-dae6ce3a79d9  bridge    brqabc91e0e-71 
vxlan-1         137d26e2-4318-460e-a543-ddf90af9a77b  vxlan     vxlan-1        
Sourcing the demo credentials.
Creating a router.
+-------------------------+--------------------------------------+
| Field                   | Value                                |
+-------------------------+--------------------------------------+
| admin_state_up          | UP                                   |
| availability_zone_hints |                                      |
| availability_zones      |                                      |
| created_at              | 2021-09-05T13:31:41Z                 |
| description             |                                      |
| external_gateway_info   | null                                 |
| flavor_id               | None                                 |
| id                      | 5630ef5e-4e30-457c-af87-ee34f40664d4 |
| name                    | router                               |
| project_id              | 1113bab9f43644828f8a11a2b4e932bf     |
| revision_number         | 1                                    |
| routes                  |                                      |
| status                  | ACTIVE                               |
| tags                    |                                      |
| updated_at              | 2021-09-05T13:31:41Z                 |
+-------------------------+--------------------------------------+
Waiting for neutron agent neutron-l3-agent.
linuxbridge-agent and dhcp-agent must be up before we can add interfaces.
Waiting for neutron agent neutron-linuxbridge-agent.
Waiting for neutron agent neutron-dhcp-agent.
Adding the private network subnet as an interface on the router.
Getting router namespace...qrouter-5630ef5e-4e30-457c-af87-ee34f40664d4 (id: 2)
Waiting for interface qr-* in router namespace.Cannot open network namespace "qrouter-5630ef5e-4e30-457c-af87-ee34f40664d4 (id: 2)": No such file or directory
.Cannot open network namespace "qrouter-5630ef5e-4e30-457c-af87-ee34f40664d4 (id: 2)": No such file or directory
.Cannot open network namespace "qrouter-5630ef5e-4e30-457c-af87-ee34f40664d4 (id: 2)": No such file or directory
.Cannot open network namespace "qrouter-5630ef5e-4e30-457c-af87-ee34f40664d4 (id: 2)": No such file or directory
.Cannot open network namespace "qrouter-5630ef5e-4e30-457c-af87-ee34f40664d4 (id: 2)": No such file or directory
.Cannot open network namespace "qrouter-5630ef5e-4e30-457c-af87-ee34f40664d4 (id: 2)": No such file or directory
.Cannot open network namespace "qrouter-5630ef5e-4e30-457c-af87-ee34f40664d4 (id: 2)": No such file or directory
.Cannot open network namespace "qrouter-5630ef5e-4e30-457c-af87-ee34f40664d4 (id: 2)": No such file or directory
.Cannot open network namespace "qrouter-5630ef5e-4e30-457c-af87-ee34f40664d4 (id: 2)": No such file or directory
.Cannot open network namespace "qrouter-5630ef5e-4e30-457c-af87-ee34f40664d4 (id: 2)": No such file or directory
.Cannot open network namespace "qrouter-5630ef5e-4e30-457c-af87-ee34f40664d4 (id: 2)": No such file or directory
.Cannot open network namespace "qrouter-5630ef5e-4e30-457c-af87-ee34f40664d4 (id: 2)": No such file or directory
.Cannot open network namespace "qrouter-5630ef5e-4e30-457c-af87-ee34f40664d4 (id: 2)": No such file or directory
.Cannot open network namespace "qrouter-5630ef5e-4e30-457c-af87-ee34f40664d4 (id: 2)": No such file or directory
.Cannot open network namespace "qrouter-5630ef5e-4e30-457c-af87-ee34f40664d4 (id: 2)": No such file or directory
.Cannot open network namespace "qrouter-5630ef5e-4e30-457c-af87-ee34f40664d4 (id: 2)": No such file or directory
.Cannot open network namespace "qrouter-5630ef5e-4e30-457c-af87-ee34f40664d4 (id: 2)": No such file or directory
.Cannot open network namespace "qrouter-5630ef5e-4e30-457c-af87-ee34f40664d4 (id: 2)": No such file or directory
.Cannot open network namespace "qrouter-5630ef5e-4e30-457c-af87-ee34f40664d4 (id: 2)": No such file or directory
.Cannot open network namespace "qrouter-5630ef5e-4e30-457c-af87-ee34f40664d4 (id: 2)": No such file or directory
.Cannot open network namespace "qrouter-5630ef5e-4e30-457c-af87-ee34f40664d4 (id: 2)": No such file or directory
.Cannot open network namespace "qrouter-5630ef5e-4e30-457c-af87-ee34f40664d4 (id: 2)": No such file or directory
.Cannot open network namespace "qrouter-5630ef5e-4e30-457c-af87-ee34f40664d4 (id: 2)": No such file or directory
.Cannot open network namespace "qrouter-5630ef5e-4e30-457c-af87-ee34f40664d4 (id: 2)": No such file or directory
.Cannot open network namespace "qrouter-5630ef5e-4e30-457c-af87-ee34f40664d4 (id: 2)": No such file or directory
.Cannot open network namespace "qrouter-5630ef5e-4e30-457c-af87-ee34f40664d4 (id: 2)": No such file or directory
.Cannot open network namespace "qrouter-5630ef5e-4e30-457c-af87-ee34f40664d4 (id: 2)": No such file or directory
.Cannot open network namespace "qrouter-5630ef5e-4e30-457c-af87-ee34f40664d4 (id: 2)": No such file or directory
.Cannot open network namespace "qrouter-5630ef5e-4e30-457c-af87-ee34f40664d4 (id: 2)": No such file or directory
.Cannot open network namespace "qrouter-5630ef5e-4e30-457c-af87-ee34f40664d4 (id: 2)": No such file or directory
.Cannot open network namespace "qrouter-5630ef5e-4e30-457c-af87-ee34f40664d4 (id: 2)": No such file or directory
.Cannot open network namespace "qrouter-5630ef5e-4e30-457c-af87-ee34f40664d4 (id: 2)": No such file or directory
.Cannot open network namespace "qrouter-5630ef5e-4e30-457c-af87-ee34f40664d4 (id: 2)": No such file or directory
.Cannot open network namespace "qrouter-5630ef5e-4e30-457c-af87-ee34f40664d4 (id: 2)": No such file or directory
.Cannot open network namespace "qrouter-5630ef5e-4e30-457c-af87-ee34f40664d4 (id: 2)": No such file or directory
.Cannot open network namespace "qrouter-5630ef5e-4e30-457c-af87-ee34f40664d4 (id: 2)": No such file or directory
.Cannot open network namespace "qrouter-5630ef5e-4e30-457c-af87-ee34f40664d4 (id: 2)": No such file or directory
.Cannot open network namespace "qrouter-5630ef5e-4e30-457c-af87-ee34f40664d4 (id: 2)": No such file or directory
.Cannot open network namespace "qrouter-5630ef5e-4e30-457c-af87-ee34f40664d4 (id: 2)": No such file or directory
.Cannot open network namespace "qrouter-5630ef5e-4e30-457c-af87-ee34f40664d4 (id: 2)": No such file or directory
.Cannot open network namespace "qrouter-5630ef5e-4e30-457c-af87-ee34f40664d4 (id: 2)": No such file or directory
.Cannot open network namespace "qrouter-5630ef5e-4e30-457c-af87-ee34f40664d4 (id: 2)": No such file or directory
.Cannot open network namespace "qrouter-5630ef5e-4e30-457c-af87-ee34f40664d4 (id: 2)": No such file or directory
.Cannot open network namespace "qrouter-5630ef5e-4e30-457c-af87-ee34f40664d4 (id: 2)": No such file or directory
.Cannot open network namespace "qrouter-5630ef5e-4e30-457c-af87-ee34f40664d4 (id: 2)": No such file or directory
.Cannot open network namespace "qrouter-5630ef5e-4e30-457c-af87-ee34f40664d4 (id: 2)": No such file or directory
.Cannot open network namespace "qrouter-5630ef5e-4e30-457c-af87-ee34f40664d4 (id: 2)": No such file or directory
.Cannot open network namespace "qrouter-5630ef5e-4e30-457c-af87-ee34f40664d4 (id: 2)": No such file or directory
.Cannot open network namespace "qrouter-5630ef5e-4e30-457c-af87-ee34f40664d4 (id: 2)": No such file or directory
.Cannot open network namespace "qrouter-5630ef5e-4e30-457c-af87-ee34f40664d4 (id: 2)": No such file or directory
.Cannot open network namespace "qrouter-5630ef5e-4e30-457c-af87-ee34f40664d4 (id: 2)": No such file or directory
.Cannot open network namespace "qrouter-5630ef5e-4e30-457c-af87-ee34f40664d4 (id: 2)": No such file or directory
.Cannot open network namespace "qrouter-5630ef5e-4e30-457c-af87-ee34f40664d4 (id: 2)": No such file or directory
.Cannot open network namespace "qrouter-5630ef5e-4e30-457c-af87-ee34f40664d4 (id: 2)": No such file or directory
.Cannot open network namespace "qrouter-5630ef5e-4e30-457c-af87-ee34f40664d4 (id: 2)": No such file or directory
.Cannot open network namespace "qrouter-5630ef5e-4e30-457c-af87-ee34f40664d4 (id: 2)": No such file or directory
.Cannot open network namespace "qrouter-5630ef5e-4e30-457c-af87-ee34f40664d4 (id: 2)": No such file or directory
.Cannot open network namespace "qrouter-5630ef5e-4e30-457c-af87-ee34f40664d4 (id: 2)": No such file or directory
.Cannot open network namespace "qrouter-5630ef5e-4e30-457c-af87-ee34f40664d4 (id: 2)": No such file or directory
.Cannot open network namespace "qrouter-5630ef5e-4e30-457c-af87-ee34f40664d4 (id: 2)": No such file or directory
.Cannot open network namespace "qrouter-5630ef5e-4e30-457c-af87-ee34f40664d4 (id: 2)": No such file or directory
.Cannot open network namespace "qrouter-5630ef5e-4e30-457c-af87-ee34f40664d4 (id: 2)": No such file or directory
.Cannot open network namespace "qrouter-5630ef5e-4e30-457c-af87-ee34f40664d4 (id: 2)": No such file or directory
.Cannot open network namespace "qrouter-5630ef5e-4e30-457c-af87-ee34f40664d4 (id: 2)": No such file or directory
.Cannot open network namespace "qrouter-5630ef5e-4e30-457c-af87-ee34f40664d4 (id: 2)": No such file or directory
.Cannot open network namespace "qrouter-5630ef5e-4e30-457c-af87-ee34f40664d4 (id: 2)": No such file or directory
.Cannot open network namespace "qrouter-5630ef5e-4e30-457c-af87-ee34f40664d4 (id: 2)": No such file or directory
.Cannot open network namespace "qrouter-5630ef5e-4e30-457c-af87-ee34f40664d4 (id: 2)": No such file or directory
.Cannot open network namespace "qrouter-5630ef5e-4e30-457c-af87-ee34f40664d4 (id: 2)": No such file or directory
.Cannot open network namespace "qrouter-5630ef5e-4e30-457c-af87-ee34f40664d4 (id: 2)": No such file or directory
.Cannot open network namespace "qrouter-5630ef5e-4e30-457c-af87-ee34f40664d4 (id: 2)": No such file or directory
.Cannot open network namespace "qrouter-5630ef5e-4e30-457c-af87-ee34f40664d4 (id: 2)": No such file or directory
.Cannot open network namespace "qrouter-5630ef5e-4e30-457c-af87-ee34f40664d4 (id: 2)": No such file or directory
.Cannot open network namespace "qrouter-5630ef5e-4e30-457c-af87-ee34f40664d4 (id: 2)": No such file or directory
.Cannot open network namespace "qrouter-5630ef5e-4e30-457c-af87-ee34f40664d4 (id: 2)": No such file or directory
.Cannot open network namespace "qrouter-5630ef5e-4e30-457c-af87-ee34f40664d4 (id: 2)": No such file or directory
.Cannot open network namespace "qrouter-5630ef5e-4e30-457c-af87-ee34f40664d4 (id: 2)": No such file or directory
.Cannot open network namespace "qrouter-5630ef5e-4e30-457c-af87-ee34f40664d4 (id: 2)": No such file or directory
.Cannot open network namespace "qrouter-5630ef5e-4e30-457c-af87-ee34f40664d4 (id: 2)": No such file or directory
.Cannot open network namespace "qrouter-5630ef5e-4e30-457c-af87-ee34f40664d4 (id: 2)": No such file or directory
.Cannot open network namespace "qrouter-5630ef5e-4e30-457c-af87-ee34f40664d4 (id: 2)": No such file or directory
.Cannot open network namespace "qrouter-5630ef5e-4e30-457c-af87-ee34f40664d4 (id: 2)": No such file or directory
.Cannot open network namespace "qrouter-5630ef5e-4e30-457c-af87-ee34f40664d4 (id: 2)": No such file or directory
.Cannot open network namespace "qrouter-5630ef5e-4e30-457c-af87-ee34f40664d4 (id: 2)": No such file or directory
.Cannot open network namespace "qrouter-5630ef5e-4e30-457c-af87-ee34f40664d4 (id: 2)": No such file or directory
.Cannot open network namespace "qrouter-5630ef5e-4e30-457c-af87-ee34f40664d4 (id: 2)": No such file or directory
.Cannot open network namespace "qrouter-5630ef5e-4e30-457c-af87-ee34f40664d4 (id: 2)": No such file or directory
.Cannot open network namespace "qrouter-5630ef5e-4e30-457c-af87-ee34f40664d4 (id: 2)": No such file or directory
.Cannot open network namespace "qrouter-5630ef5e-4e30-457c-af87-ee34f40664d4 (id: 2)": No such file or directory
.Cannot open network namespace "qrouter-5630ef5e-4e30-457c-af87-ee34f40664d4 (id: 2)": No such file or directory
.Cannot open network namespace "qrouter-5630ef5e-4e30-457c-af87-ee34f40664d4 (id: 2)": No such file or directory
.Cannot open network namespace "qrouter-5630ef5e-4e30-457c-af87-ee34f40664d4 (id: 2)": No such file or directory
.Cannot open network namespace "qrouter-5630ef5e-4e30-457c-af87-ee34f40664d4 (id: 2)": No such file or directory
.Cannot open network namespace "qrouter-5630ef5e-4e30-457c-af87-ee34f40664d4 (id: 2)": No such file or directory
.Cannot open network namespace "qrouter-5630ef5e-4e30-457c-af87-ee34f40664d4 (id: 2)": No such file or directory
.Cannot open network namespace "qrouter-5630ef5e-4e30-457c-af87-ee34f40664d4 (id: 2)": No such file or directory
.Cannot open network namespace "qrouter-5630ef5e-4e30-457c-af87-ee34f40664d4 (id: 2)": No such file or directory
.Cannot open network namespace "qrouter-5630ef5e-4e30-457c-af87-ee34f40664d4 (id: 2)": No such file or directory
.Cannot open network namespace "qrouter-5630ef5e-4e30-457c-af87-ee34f40664d4 (id: 2)": No such file or directory
.Cannot open network namespace "qrouter-5630ef5e-4e30-457c-af87-ee34f40664d4 (id: 2)": No such file or directory
.Cannot open network namespace "qrouter-5630ef5e-4e30-457c-af87-ee34f40664d4 (id: 2)": No such file or directory
.Cannot open network namespace "qrouter-5630ef5e-4e30-457c-af87-ee34f40664d4 (id: 2)": No such file or directory
.Cannot open network namespace "qrouter-5630ef5e-4e30-457c-af87-ee34f40664d4 (id: 2)": No such file or directory
.Cannot open network namespace "qrouter-5630ef5e-4e30-457c-af87-ee34f40664d4 (id: 2)": No such file or directory
.Cannot open network namespace "qrouter-5630ef5e-4e30-457c-af87-ee34f40664d4 (id: 2)": No such file or directory
.Cannot open network namespace "qrouter-5630ef5e-4e30-457c-af87-ee34f40664d4 (id: 2)": No such file or directory
.Cannot open network namespace "qrouter-5630ef5e-4e30-457c-af87-ee34f40664d4 (id: 2)": No such file or directory
.Cannot open network namespace "qrouter-5630ef5e-4e30-457c-af87-ee34f40664d4 (id: 2)": No such file or directory
.Cannot open network namespace "qrouter-5630ef5e-4e30-457c-af87-ee34f40664d4 (id: 2)": No such file or directory
.Cannot open network namespace "qrouter-5630ef5e-4e30-457c-af87-ee34f40664d4 (id: 2)": No such file or directory
.Cannot open network namespace "qrouter-5630ef5e-4e30-457c-af87-ee34f40664d4 (id: 2)": No such file or directory
.Cannot open network namespace "qrouter-5630ef5e-4e30-457c-af87-ee34f40664d4 (id: 2)": No such file or directory
.Cannot open network namespace "qrouter-5630ef5e-4e30-457c-af87-ee34f40664d4 (id: 2)": No such file or directory
.Cannot open network namespace "qrouter-5630ef5e-4e30-457c-af87-ee34f40664d4 (id: 2)": No such file or directory
.Cannot open network namespace "qrouter-5630ef5e-4e30-457c-af87-ee34f40664d4 (id: 2)": No such file or directory
.Cannot open network namespace "qrouter-5630ef5e-4e30-457c-af87-ee34f40664d4 (id: 2)": No such file or directory
.Cannot open network namespace "qrouter-5630ef5e-4e30-457c-af87-ee34f40664d4 (id: 2)": No such file or directory
.Cannot open network namespace "qrouter-5630ef5e-4e30-457c-af87-ee34f40664d4 (id: 2)": No such file or directory
.Cannot open network namespace "qrouter-5630ef5e-4e30-457c-af87-ee34f40664d4 (id: 2)": No such file or directory
.Cannot open network namespace "qrouter-5630ef5e-4e30-457c-af87-ee34f40664d4 (id: 2)": No such file or directory
.Cannot open network namespace "qrouter-5630ef5e-4e30-457c-af87-ee34f40664d4 (id: 2)": No such file or directory
.Cannot open network namespace "qrouter-5630ef5e-4e30-457c-af87-ee34f40664d4 (id: 2)": No such file or directory
.Cannot open network namespace "qrouter-5630ef5e-4e30-457c-af87-ee34f40664d4 (id: 2)": No such file or directory
.Cannot open network namespace "qrouter-5630ef5e-4e30-457c-af87-ee34f40664d4 (id: 2)": No such file or directory
.Cannot open network namespace "qrouter-5630ef5e-4e30-457c-af87-ee34f40664d4 (id: 2)": No such file or directory
.Cannot open network namespace "qrouter-5630ef5e-4e30-457c-af87-ee34f40664d4 (id: 2)": No such file or directory
.Cannot open network namespace "qrouter-5630ef5e-4e30-457c-af87-ee34f40664d4 (id: 2)": No such file or directory
.Cannot open network namespace "qrouter-5630ef5e-4e30-457c-af87-ee34f40664d4 (id: 2)": No such file or directory
.Cannot open network namespace "qrouter-5630ef5e-4e30-457c-af87-ee34f40664d4 (id: 2)": No such file or directory
.Cannot open network namespace "qrouter-5630ef5e-4e30-457c-af87-ee34f40664d4 (id: 2)": No such file or directory
.Cannot open network namespace "qrouter-5630ef5e-4e30-457c-af87-ee34f40664d4 (id: 2)": No such file or directory
.Cannot open network namespace "qrouter-5630ef5e-4e30-457c-af87-ee34f40664d4 (id: 2)": No such file or directory
.Cannot open network namespace "qrouter-5630ef5e-4e30-457c-af87-ee34f40664d4 (id: 2)": No such file or directory
.Cannot open network namespace "qrouter-5630ef5e-4e30-457c-af87-ee34f40664d4 (id: 2)": No such file or directory
.Cannot open network namespace "qrouter-5630ef5e-4e30-457c-af87-ee34f40664d4 (id: 2)": No such file or directory
.Cannot open network namespace "qrouter-5630ef5e-4e30-457c-af87-ee34f40664d4 (id: 2)": No such file or directory
.Cannot open network namespace "qrouter-5630ef5e-4e30-457c-af87-ee34f40664d4 (id: 2)": No such file or directory
.Cannot open network namespace "qrouter-5630ef5e-4e30-457c-af87-ee34f40664d4 (id: 2)": No such file or directory
.Cannot open network namespace "qrouter-5630ef5e-4e30-457c-af87-ee34f40664d4 (id: 2)": No such file or directory
.Cannot open network namespace "qrouter-5630ef5e-4e30-457c-af87-ee34f40664d4 (id: 2)": No such file or directory
.Cannot open network namespace "qrouter-5630ef5e-4e30-457c-af87-ee34f40664d4 (id: 2)": No such file or directory
.Cannot open network namespace "qrouter-5630ef5e-4e30-457c-af87-ee34f40664d4 (id: 2)": No such file or directory
.Cannot open network namespace "qrouter-5630ef5e-4e30-457c-af87-ee34f40664d4 (id: 2)": No such file or directory
.Cannot open network namespace "qrouter-5630ef5e-4e30-457c-af87-ee34f40664d4 (id: 2)": No such file or directory
.